<?xml version="1.0" encoding="UTF-8"?>
<coverage generated="1782584410937" clover="3.2.0">
  <project timestamp="1782584410937" name="All files">
    <metrics statements="7246" coveredstatements="3635" conditionals="5085" coveredconditionals="2021" methods="1976" coveredmethods="812" elements="14307" coveredelements="6468" complexity="0" loc="7246" ncloc="7246" packages="20" files="91" classes="91"/>
    <package name="src.lib">
      <metrics statements="355" coveredstatements="274" conditionals="212" coveredconditionals="120" methods="83" coveredmethods="62"/>
      <file name="changelog.json" path="/Users/bryanhu/Developer/current/private/Quillium/src/lib/changelog.json">
        <metrics statements="0" coveredstatements="0" conditionals="0" coveredconditionals="0" methods="0" coveredmethods="0"/>
      </file>
      <file name="constants.ts" path="/Users/bryanhu/Developer/current/private/Quillium/src/lib/constants.ts">
        <metrics statements="4" coveredstatements="4" conditionals="0" coveredconditionals="0" methods="0" coveredmethods="0"/>
        <line num="7" count="34" type="stmt"/>
        <line num="14" count="34" type="stmt"/>
        <line num="16" count="34" type="stmt"/>
        <line num="20" count="34" type="stmt"/>
      </file>
      <file name="errorGuard.ts" path="/Users/bryanhu/Developer/current/private/Quillium/src/lib/errorGuard.ts">
        <metrics statements="70" coveredstatements="60" conditionals="44" coveredconditionals="34" methods="10" coveredmethods="8"/>
        <line num="52" count="11" type="stmt"/>
        <line num="59" count="11" type="stmt"/>
        <line num="65" count="11" type="stmt"/>
        <line num="68" count="5" type="stmt"/>
        <line num="69" count="5" type="stmt"/>
        <line num="70" count="5" type="stmt"/>
        <line num="73" count="3" type="stmt"/>
        <line num="82" count="3" type="stmt"/>
        <line num="83" count="14" type="cond" truecount="2" falsecount="0"/>
        <line num="84" count="11" type="stmt"/>
        <line num="85" count="11" type="stmt"/>
        <line num="90" count="11" type="stmt"/>
        <line num="91" count="11" type="stmt"/>
        <line num="93" count="9" type="stmt"/>
        <line num="96" count="1" type="stmt"/>
        <line num="101" count="7" type="stmt"/>
        <line num="102" count="7" type="stmt"/>
        <line num="103" count="7" type="cond" truecount="2" falsecount="0"/>
        <line num="104" count="4" type="stmt"/>
        <line num="106" count="0" type="stmt"/>
        <line num="111" count="1" type="stmt"/>
        <line num="112" count="1" type="stmt"/>
        <line num="125" count="12" type="stmt"/>
        <line num="126" count="12" type="cond" truecount="2" falsecount="0"/>
        <line num="127" count="4" type="cond" truecount="2" falsecount="0"/>
        <line num="128" count="3" type="stmt"/>
        <line num="135" count="11" type="stmt"/>
        <line num="142" count="11" type="stmt"/>
        <line num="152" count="16" type="stmt"/>
        <line num="153" count="16" type="cond" truecount="2" falsecount="0"/>
        <line num="154" count="3" type="cond" truecount="2" falsecount="0"/>
        <line num="155" count="2" type="stmt"/>
        <line num="164" count="1" type="stmt"/>
        <line num="165" count="1" type="cond" truecount="3" falsecount="1"/>
        <line num="166" count="1" type="stmt"/>
        <line num="182" count="16" type="stmt"/>
        <line num="184" count="9" type="cond" truecount="2" falsecount="0"/>
        <line num="186" count="5" type="cond" truecount="2" falsecount="0"/>
        <line num="188" count="4" type="stmt"/>
        <line num="189" count="4" type="stmt"/>
        <line num="191" count="4" type="stmt"/>
        <line num="192" count="5" type="stmt"/>
        <line num="193" count="5" type="cond" truecount="4" falsecount="0"/>
        <line num="194" count="4" type="stmt"/>
        <line num="195" count="4" type="stmt"/>
        <line num="198" count="4" type="stmt"/>
        <line num="199" count="7" type="cond" truecount="3" falsecount="1"/>
        <line num="200" count="7" type="stmt"/>
        <line num="201" count="7" type="cond" truecount="2" falsecount="0"/>
        <line num="202" count="1" type="stmt"/>
        <line num="203" count="1" type="cond" truecount="1" falsecount="1"/>
        <line num="204" count="1" type="stmt"/>
        <line num="205" count="1" type="cond" truecount="1" falsecount="1"/>
        <line num="210" count="3" type="cond" truecount="2" falsecount="0"/>
        <line num="212" count="14" type="stmt"/>
        <line num="223" count="6" type="stmt"/>
        <line num="224" count="6" type="stmt"/>
        <line num="225" count="6" type="cond" truecount="2" falsecount="0"/>
        <line num="227" count="5" type="stmt"/>
        <line num="241" count="0" type="stmt"/>
        <line num="242" count="0" type="stmt"/>
        <line num="243" count="0" type="stmt"/>
        <line num="244" count="0" type="cond" truecount="0" falsecount="4"/>
        <line num="246" count="0" type="stmt"/>
        <line num="247" count="0" type="stmt"/>
        <line num="248" count="0" type="stmt"/>
        <line num="249" count="0" type="stmt"/>
        <line num="250" count="0" type="cond" truecount="0" falsecount="2"/>
        <line num="258" count="11" type="stmt"/>
        <line num="259" count="11" type="stmt"/>
      </file>
      <file name="export.ts" path="/Users/bryanhu/Developer/current/private/Quillium/src/lib/export.ts">
        <metrics statements="127" coveredstatements="114" conditionals="96" coveredconditionals="60" methods="36" coveredmethods="33"/>
        <line num="57" count="16" type="cond" truecount="2" falsecount="0"/>
        <line num="66" count="16" type="stmt"/>
        <line num="70" count="16" type="cond" truecount="1" falsecount="1"/>
        <line num="71" count="16" type="stmt"/>
        <line num="72" count="16" type="stmt"/>
        <line num="76" count="5" type="stmt"/>
        <line num="80" count="5" type="cond" truecount="1" falsecount="1"/>
        <line num="81" count="5" type="stmt"/>
        <line num="82" count="5" type="stmt"/>
        <line num="86" count="21" type="cond" truecount="1" falsecount="1"/>
        <line num="90" count="9" type="stmt"/>
        <line num="91" count="9" type="stmt"/>
        <line num="95" count="3" type="stmt"/>
        <line num="99" count="5" type="stmt"/>
        <line num="112" count="8" type="stmt"/>
        <line num="113" count="8" type="stmt"/>
        <line num="115" count="8" type="stmt"/>
        <line num="116" count="5" type="stmt"/>
        <line num="117" count="5" type="stmt"/>
        <line num="118" count="5" type="stmt"/>
        <line num="127" count="5" type="cond" truecount="2" falsecount="0"/>
        <line num="128" count="1" type="stmt"/>
        <line num="130" count="4" type="cond" truecount="2" falsecount="0"/>
        <line num="131" count="2" type="stmt"/>
        <line num="134" count="4" type="stmt"/>
        <line num="141" count="2" type="stmt"/>
        <line num="146" count="3" type="stmt"/>
        <line num="147" count="3" type="stmt"/>
        <line num="148" count="3" type="cond" truecount="2" falsecount="0"/>
        <line num="149" count="2" type="stmt"/>
        <line num="153" count="5" type="stmt"/>
        <line num="154" count="5" type="stmt"/>
        <line num="155" count="5" type="stmt"/>
        <line num="157" count="5" type="cond" truecount="2" falsecount="0"/>
        <line num="161" count="4" type="stmt"/>
        <line num="163" count="4" type="stmt"/>
        <line num="164" count="4" type="stmt"/>
        <line num="166" count="4" type="stmt"/>
        <line num="167" count="4" type="stmt"/>
        <line num="168" count="4" type="stmt"/>
        <line num="169" count="4" type="stmt"/>
        <line num="172" count="4" type="cond" truecount="2" falsecount="0"/>
        <line num="173" count="2" type="stmt"/>
        <line num="174" count="2" type="cond" truecount="2" falsecount="0"/>
        <line num="175" count="2" type="cond" truecount="2" falsecount="0"/>
        <line num="176" count="1" type="stmt"/>
        <line num="177" count="1" type="stmt"/>
        <line num="178" count="1" type="cond" truecount="1" falsecount="1"/>
        <line num="179" count="1" type="stmt"/>
        <line num="180" count="2" type="cond" truecount="1" falsecount="1"/>
        <line num="181" count="2" type="cond" truecount="2" falsecount="0"/>
        <line num="182" count="2" type="stmt"/>
        <line num="184" count="1" type="stmt"/>
        <line num="186" count="0" type="stmt"/>
        <line num="190" count="4" type="stmt"/>
        <line num="191" count="4" type="stmt"/>
        <line num="194" count="4" type="cond" truecount="1" falsecount="1"/>
        <line num="195" count="4" type="stmt"/>
        <line num="198" count="4" type="stmt"/>
        <line num="220" count="1" type="cond" truecount="1" falsecount="1"/>
        <line num="221" count="1" type="cond" truecount="1" falsecount="1"/>
        <line num="222" count="1" type="stmt"/>
        <line num="223" count="1" type="cond" truecount="1" falsecount="1"/>
        <line num="225" count="0" type="cond" truecount="0" falsecount="2"/>
        <line num="229" count="3" type="stmt"/>
        <line num="230" count="3" type="stmt"/>
        <line num="237" count="3" type="stmt"/>
        <line num="241" count="1" type="stmt"/>
        <line num="244" count="1" type="cond" truecount="1" falsecount="1"/>
        <line num="245" count="1" type="stmt"/>
        <line num="249" count="3" type="stmt"/>
        <line num="250" count="0" type="stmt"/>
        <line num="259" count="1" type="cond" truecount="1" falsecount="1"/>
        <line num="260" count="1" type="cond" truecount="1" falsecount="1"/>
        <line num="262" count="1" type="stmt"/>
        <line num="275" count="3" type="stmt"/>
        <line num="276" count="3" type="stmt"/>
        <line num="277" count="3" type="stmt"/>
        <line num="278" count="3" type="stmt"/>
        <line num="280" count="3" type="cond" truecount="1" falsecount="1"/>
        <line num="281" count="0" type="cond" truecount="0" falsecount="2"/>
        <line num="282" count="0" type="cond" truecount="0" falsecount="2"/>
        <line num="283" count="0" type="stmt"/>
        <line num="284" count="0" type="stmt"/>
        <line num="286" count="0" type="cond" truecount="0" falsecount="2"/>
        <line num="294" count="3" type="cond" truecount="1" falsecount="1"/>
        <line num="295" count="3" type="stmt"/>
        <line num="298" count="3" type="stmt"/>
        <line num="306" count="1" type="stmt"/>
        <line num="316" count="3" type="stmt"/>
        <line num="317" count="3" type="stmt"/>
        <line num="322" count="2" type="stmt"/>
        <line num="333" count="5" type="stmt"/>
        <line num="338" count="5" type="stmt"/>
        <line num="339" count="5" type="stmt"/>
        <line num="344" count="1" type="stmt"/>
        <line num="354" count="16" type="cond" truecount="4" falsecount="0"/>
        <line num="356" count="3" type="stmt"/>
        <line num="358" count="5" type="stmt"/>
        <line num="360" count="5" type="stmt"/>
        <line num="362" count="3" type="stmt"/>
        <line num="368" count="20" type="cond" truecount="2" falsecount="0"/>
        <line num="369" count="20" type="stmt"/>
        <line num="371" count="20" type="cond" truecount="4" falsecount="0"/>
        <line num="381" count="16" type="cond" truecount="1" falsecount="1"/>
        <line num="382" count="20" type="stmt"/>
        <line num="388" count="1" type="stmt"/>
        <line num="389" count="1" type="stmt"/>
        <line num="390" count="1" type="stmt"/>
        <line num="391" count="1" type="stmt"/>
        <line num="392" count="1" type="stmt"/>
        <line num="394" count="1" type="stmt"/>
        <line num="395" count="1" type="cond" truecount="1" falsecount="1"/>
        <line num="397" count="1" type="stmt"/>
        <line num="399" count="1" type="stmt"/>
        <line num="401" count="1" type="cond" truecount="2" falsecount="2"/>
        <line num="402" count="0" type="stmt"/>
        <line num="403" count="0" type="stmt"/>
        <line num="409" count="0" type="stmt"/>
        <line num="412" count="1" type="stmt"/>
        <line num="415" count="1" type="cond" truecount="1" falsecount="1"/>
        <line num="416" count="0" type="stmt"/>
        <line num="419" count="1" type="cond" truecount="1" falsecount="1"/>
        <line num="420" count="1" type="stmt"/>
        <line num="422" count="1" type="cond" truecount="2" falsecount="2"/>
        <line num="432" count="0" type="cond" truecount="1" falsecount="1"/>
        <line num="433" count="1" type="stmt"/>
      </file>
      <file name="navigation.ts" path="/Users/bryanhu/Developer/current/private/Quillium/src/lib/navigation.ts">
        <metrics statements="18" coveredstatements="18" conditionals="0" coveredconditionals="0" methods="5" coveredmethods="5"/>
        <line num="8" count="3" type="stmt"/>
        <line num="9" count="3" type="stmt"/>
        <line num="13" count="1" type="stmt"/>
        <line num="14" count="1" type="stmt"/>
        <line num="15" count="1" type="stmt"/>
        <line num="16" count="1" type="stmt"/>
        <line num="17" count="1" type="stmt"/>
        <line num="21" count="1" type="stmt"/>
        <line num="22" count="1" type="stmt"/>
        <line num="23" count="1" type="stmt"/>
        <line num="24" count="1" type="stmt"/>
        <line num="28" count="1" type="stmt"/>
        <line num="29" count="1" type="stmt"/>
        <line num="30" count="1" type="stmt"/>
        <line num="31" count="1" type="stmt"/>
        <line num="35" count="2" type="stmt"/>
        <line num="36" count="2" type="stmt"/>
        <line num="37" count="2" type="stmt"/>
      </file>
      <file name="posthog.ts" path="/Users/bryanhu/Developer/current/private/Quillium/src/lib/posthog.ts">
        <metrics statements="63" coveredstatements="18" conditionals="45" coveredconditionals="8" methods="12" coveredmethods="2"/>
        <line num="11" count="34" type="cond" truecount="1" falsecount="1"/>
        <line num="18" count="34" type="stmt"/>
        <line num="40" count="0" type="stmt"/>
        <line num="41" count="0" type="cond" truecount="0" falsecount="2"/>
        <line num="44" count="0" type="stmt"/>
        <line num="45" count="0" type="stmt"/>
        <line num="46" count="0" type="stmt"/>
        <line num="47" count="0" type="cond" truecount="0" falsecount="2"/>
        <line num="52" count="0" type="stmt"/>
        <line num="59" count="34" type="stmt"/>
        <line num="63" count="0" type="cond" truecount="0" falsecount="2"/>
        <line num="64" count="0" type="stmt"/>
        <line num="65" count="0" type="stmt"/>
        <line num="66" count="0" type="stmt"/>
        <line num="77" count="0" type="stmt"/>
        <line num="80" count="0" type="cond" truecount="0" falsecount="2"/>
        <line num="81" count="0" type="stmt"/>
        <line num="84" count="0" type="stmt"/>
        <line num="91" count="34" type="cond" truecount="2" falsecount="3"/>
        <line num="92" count="0" type="stmt"/>
        <line num="94" count="34" type="cond" truecount="1" falsecount="1"/>
        <line num="95" count="34" type="stmt"/>
        <line num="97" count="0" type="stmt"/>
        <line num="107" count="0" type="cond" truecount="0" falsecount="5"/>
        <line num="108" count="0" type="stmt"/>
        <line num="115" count="0" type="cond" truecount="0" falsecount="2"/>
        <line num="116" count="0" type="stmt"/>
        <line num="118" count="0" type="stmt"/>
        <line num="147" count="0" type="cond" truecount="0" falsecount="4"/>
        <line num="148" count="0" type="cond" truecount="0" falsecount="2"/>
        <line num="149" count="0" type="cond" truecount="0" falsecount="2"/>
        <line num="150" count="0" type="stmt"/>
        <line num="152" count="0" type="cond" truecount="0" falsecount="2"/>
        <line num="153" count="0" type="cond" truecount="0" falsecount="2"/>
        <line num="154" count="0" type="stmt"/>
        <line num="155" count="0" type="stmt"/>
        <line num="156" count="0" type="stmt"/>
        <line num="158" count="0" type="stmt"/>
        <line num="159" count="0" type="stmt"/>
        <line num="165" count="0" type="stmt"/>
        <line num="172" count="34" type="stmt"/>
        <line num="179" count="6" type="cond" truecount="2" falsecount="0"/>
        <line num="180" count="1" type="stmt"/>
        <line num="181" count="1" type="stmt"/>
        <line num="183" count="12" type="stmt"/>
        <line num="184" count="5" type="cond" truecount="2" falsecount="0"/>
        <line num="185" count="3" type="stmt"/>
        <line num="186" count="3" type="stmt"/>
        <line num="188" count="2" type="stmt"/>
        <line num="189" count="2" type="stmt"/>
        <line num="190" count="6" type="stmt"/>
        <line num="192" count="2" type="stmt"/>
        <line num="205" count="0" type="stmt"/>
        <line num="206" count="0" type="stmt"/>
        <line num="207" count="0" type="stmt"/>
        <line num="208" count="0" type="stmt"/>
        <line num="210" count="0" type="stmt"/>
        <line num="225" count="0" type="stmt"/>
        <line num="226" count="0" type="stmt"/>
        <line num="232" count="0" type="stmt"/>
        <line num="233" count="0" type="stmt"/>
        <line num="235" count="0" type="stmt"/>
        <line num="238" count="0" type="stmt"/>
      </file>
      <file name="stores.ts" path="/Users/bryanhu/Developer/current/private/Quillium/src/lib/stores.ts">
        <metrics statements="73" coveredstatements="60" conditionals="27" coveredconditionals="18" methods="20" coveredmethods="14"/>
        <line num="59" count="33" type="stmt"/>
        <line num="70" count="33" type="stmt"/>
        <line num="80" count="33" type="stmt"/>
        <line num="89" count="33" type="stmt"/>
        <line num="102" count="33" type="stmt"/>
        <line num="110" count="33" type="stmt"/>
        <line num="117" count="33" type="stmt"/>
        <line num="125" count="33" type="stmt"/>
        <line num="133" count="33" type="stmt"/>
        <line num="140" count="33" type="stmt"/>
        <line num="147" count="33" type="stmt"/>
        <line num="154" count="33" type="stmt"/>
        <line num="161" count="33" type="stmt"/>
        <line num="169" count="33" type="stmt"/>
        <line num="181" count="33" type="stmt"/>
        <line num="191" count="33" type="stmt"/>
        <line num="197" count="33" type="stmt"/>
        <line num="203" count="33" type="stmt"/>
        <line num="209" count="33" type="stmt"/>
        <line num="263" count="33" type="stmt"/>
        <line num="298" count="33" type="stmt"/>
        <line num="307" count="33" type="stmt"/>
        <line num="314" count="33" type="stmt"/>
        <line num="316" count="33" type="stmt"/>
        <line num="319" count="30" type="stmt"/>
        <line num="322" count="30" type="stmt"/>
        <line num="324" count="15" type="cond" truecount="9" falsecount="2"/>
        <line num="336" count="30" type="cond" truecount="2" falsecount="0"/>
        <line num="337" count="2" type="stmt"/>
        <line num="343" count="2" type="stmt"/>
        <line num="345" count="28" type="stmt"/>
        <line num="348" count="2" type="stmt"/>
        <line num="349" count="2" type="cond" truecount="2" falsecount="0"/>
        <line num="350" count="1" type="stmt"/>
        <line num="351" count="1" type="stmt"/>
        <line num="352" count="1" type="stmt"/>
        <line num="353" count="1" type="stmt"/>
        <line num="356" count="2" type="stmt"/>
        <line num="359" count="2" type="stmt"/>
        <line num="360" count="2" type="stmt"/>
        <line num="361" count="2" type="stmt"/>
        <line num="362" count="2" type="stmt"/>
        <line num="363" count="2" type="stmt"/>
        <line num="365" count="2" type="stmt"/>
        <line num="368" count="4" type="stmt"/>
        <line num="369" count="4" type="stmt"/>
        <line num="370" count="4" type="stmt"/>
        <line num="371" count="4" type="stmt"/>
        <line num="372" count="4" type="stmt"/>
        <line num="374" count="4" type="stmt"/>
        <line num="375" count="4" type="stmt"/>
        <line num="376" count="4" type="cond" truecount="2" falsecount="0"/>
        <line num="377" count="3" type="stmt"/>
        <line num="380" count="3" type="stmt"/>
        <line num="383" count="1" type="stmt"/>
        <line num="384" count="1" type="stmt"/>
        <line num="388" count="0" type="stmt"/>
        <line num="389" count="0" type="stmt"/>
        <line num="390" count="0" type="cond" truecount="0" falsecount="4"/>
        <line num="391" count="0" type="stmt"/>
        <line num="392" count="0" type="stmt"/>
        <line num="393" count="0" type="stmt"/>
        <line num="394" count="0" type="stmt"/>
        <line num="396" count="0" type="stmt"/>
        <line num="399" count="41" type="stmt"/>
        <line num="400" count="41" type="stmt"/>
        <line num="412" count="33" type="stmt"/>
        <line num="414" count="33" type="stmt"/>
        <line num="417" count="0" type="stmt"/>
        <line num="420" count="0" type="stmt"/>
        <line num="421" count="0" type="stmt"/>
        <line num="422" count="0" type="stmt"/>
        <line num="423" count="0" type="stmt"/>
      </file>
    </package>
    <package name="src.lib.ai">
      <metrics statements="410" coveredstatements="303" conditionals="406" coveredconditionals="261" methods="98" coveredmethods="68"/>
      <file name="annotationContext.ts" path="/Users/bryanhu/Developer/current/private/Quillium/src/lib/ai/annotationContext.ts">
        <metrics statements="83" coveredstatements="79" conditionals="67" coveredconditionals="54" methods="21" coveredmethods="21"/>
        <line num="17" count="1" type="stmt"/>
        <line num="18" count="1" type="stmt"/>
        <line num="19" count="1" type="stmt"/>
        <line num="20" count="1" type="stmt"/>
        <line num="23" count="40" type="stmt"/>
        <line num="31" count="9" type="cond" truecount="2" falsecount="0"/>
        <line num="32" count="5" type="stmt"/>
        <line num="33" count="5" type="cond" truecount="4" falsecount="0"/>
        <line num="34" count="2" type="cond" truecount="2" falsecount="0"/>
        <line num="35" count="1" type="stmt"/>
        <line num="39" count="14" type="stmt"/>
        <line num="40" count="14" type="stmt"/>
        <line num="41" count="14" type="cond" truecount="2" falsecount="0"/>
        <line num="45" count="5" type="cond" truecount="4" falsecount="0"/>
        <line num="46" count="2" type="stmt"/>
        <line num="47" count="2" type="stmt"/>
        <line num="48" count="2" type="cond" truecount="1" falsecount="1"/>
        <line num="56" count="5" type="stmt"/>
        <line num="57" count="5" type="cond" truecount="2" falsecount="0"/>
        <line num="59" count="3" type="cond" truecount="2" falsecount="0"/>
        <line num="60" count="5" type="cond" truecount="4" falsecount="0"/>
        <line num="61" count="1" type="cond" truecount="1" falsecount="1"/>
        <line num="62" count="5" type="cond" truecount="3" falsecount="1"/>
        <line num="63" count="0" type="stmt"/>
        <line num="64" count="0" type="cond" truecount="0" falsecount="2"/>
        <line num="65" count="0" type="stmt"/>
        <line num="69" count="3" type="stmt"/>
        <line num="70" count="3" type="stmt"/>
        <line num="72" count="3" type="stmt"/>
        <line num="73" count="10" type="stmt"/>
        <line num="74" count="10" type="cond" truecount="2" falsecount="0"/>
        <line num="76" count="7" type="stmt"/>
        <line num="77" count="7" type="cond" truecount="2" falsecount="0"/>
        <line num="78" count="10" type="stmt"/>
        <line num="79" count="10" type="stmt"/>
        <line num="80" count="10" type="cond" truecount="2" falsecount="0"/>
        <line num="81" count="7" type="cond" truecount="1" falsecount="1"/>
        <line num="84" count="3" type="stmt"/>
        <line num="91" count="3" type="stmt"/>
        <line num="92" count="3" type="stmt"/>
        <line num="93" count="7" type="cond" truecount="2" falsecount="0"/>
        <line num="94" count="7" type="stmt"/>
        <line num="96" count="3" type="cond" truecount="1" falsecount="1"/>
        <line num="98" count="3" type="stmt"/>
        <line num="99" count="3" type="stmt"/>
        <line num="100" count="3" type="stmt"/>
        <line num="101" count="3" type="stmt"/>
        <line num="102" count="3" type="stmt"/>
        <line num="103" count="3" type="stmt"/>
        <line num="104" count="3" type="stmt"/>
        <line num="106" count="3" type="cond" truecount="1" falsecount="1"/>
        <line num="107" count="3" type="cond" truecount="2" falsecount="0"/>
        <line num="110" count="0" type="stmt"/>
        <line num="113" count="3" type="stmt"/>
        <line num="120" count="5" type="cond" truecount="2" falsecount="0"/>
        <line num="121" count="3" type="stmt"/>
        <line num="130" count="7" type="stmt"/>
        <line num="131" count="7" type="stmt"/>
        <line num="135" count="9" type="cond" truecount="1" falsecount="1"/>
        <line num="136" count="9" type="stmt"/>
        <line num="137" count="9" type="stmt"/>
        <line num="138" count="9" type="stmt"/>
        <line num="139" count="9" type="stmt"/>
        <line num="143" count="9" type="cond" truecount="1" falsecount="1"/>
        <line num="144" count="9" type="stmt"/>
        <line num="145" count="9" type="stmt"/>
        <line num="146" count="9" type="stmt"/>
        <line num="147" count="9" type="stmt"/>
        <line num="161" count="9" type="stmt"/>
        <line num="162" count="9" type="stmt"/>
        <line num="167" count="8" type="stmt"/>
        <line num="175" count="9" type="cond" truecount="2" falsecount="0"/>
        <line num="176" count="1" type="stmt"/>
        <line num="182" count="9" type="cond" truecount="2" falsecount="0"/>
        <line num="183" count="1" type="stmt"/>
        <line num="189" count="9" type="stmt"/>
        <line num="199" count="5" type="cond" truecount="1" falsecount="1"/>
        <line num="201" count="5" type="stmt"/>
        <line num="202" count="5" type="stmt"/>
        <line num="203" count="5" type="cond" truecount="2" falsecount="0"/>
        <line num="205" count="7" type="stmt"/>
        <line num="209" count="5" type="stmt"/>
        <line num="210" count="9" type="stmt"/>
      </file>
      <file name="clientStreams.ts" path="/Users/bryanhu/Developer/current/private/Quillium/src/lib/ai/clientStreams.ts">
        <metrics statements="29" coveredstatements="6" conditionals="12" coveredconditionals="0" methods="13" coveredmethods="0"/>
        <line num="78" count="1" type="stmt"/>
        <line num="93" count="1" type="stmt"/>
        <line num="123" count="1" type="stmt"/>
        <line num="153" count="1" type="stmt"/>
        <line num="157" count="0" type="stmt"/>
        <line num="174" count="0" type="stmt"/>
        <line num="175" count="0" type="cond" truecount="0" falsecount="2"/>
        <line num="176" count="0" type="stmt"/>
        <line num="184" count="0" type="stmt"/>
        <line num="185" count="0" type="stmt"/>
        <line num="192" count="0" type="stmt"/>
        <line num="199" count="0" type="stmt"/>
        <line num="219" count="0" type="stmt"/>
        <line num="242" count="0" type="stmt"/>
        <line num="258" count="0" type="stmt"/>
        <line num="284" count="0" type="stmt"/>
        <line num="306" count="0" type="stmt"/>
        <line num="332" count="1" type="stmt"/>
        <line num="335" count="0" type="stmt"/>
        <line num="342" count="0" type="stmt"/>
        <line num="359" count="0" type="cond" truecount="0" falsecount="2"/>
        <line num="362" count="0" type="stmt"/>
        <line num="363" count="0" type="stmt"/>
        <line num="368" count="0" type="stmt"/>
        <line num="373" count="0" type="stmt"/>
        <line num="380" count="1" type="stmt"/>
        <line num="406" count="0" type="stmt"/>
        <line num="407" count="0" type="stmt"/>
        <line num="424" count="0" type="stmt"/>
      </file>
      <file name="context.ts" path="/Users/bryanhu/Developer/current/private/Quillium/src/lib/ai/context.ts">
        <metrics statements="195" coveredstatements="167" conditionals="248" coveredconditionals="185" methods="37" coveredmethods="33"/>
        <line num="81" count="4" type="stmt"/>
        <line num="89" count="4" type="stmt"/>
        <line num="90" count="4" type="stmt"/>
        <line num="91" count="4" type="stmt"/>
        <line num="92" count="4" type="stmt"/>
        <line num="93" count="4" type="stmt"/>
        <line num="94" count="4" type="stmt"/>
        <line num="95" count="4" type="stmt"/>
        <line num="96" count="4" type="stmt"/>
        <line num="97" count="4" type="stmt"/>
        <line num="98" count="4" type="stmt"/>
        <line num="99" count="4" type="stmt"/>
        <line num="100" count="4" type="stmt"/>
        <line num="103" count="18" type="cond" truecount="2" falsecount="0"/>
        <line num="107" count="18" type="cond" truecount="1" falsecount="1"/>
        <line num="108" count="18" type="cond" truecount="2" falsecount="0"/>
        <line num="110" count="3" type="stmt"/>
        <line num="111" count="3" type="stmt"/>
        <line num="112" count="3" type="stmt"/>
        <line num="113" count="3" type="stmt"/>
        <line num="114" count="3" type="stmt"/>
        <line num="121" count="34" type="cond" truecount="2" falsecount="0"/>
        <line num="122" count="34" type="cond" truecount="2" falsecount="0"/>
        <line num="123" count="23" type="cond" truecount="1" falsecount="1"/>
        <line num="124" count="0" type="stmt"/>
        <line num="125" count="0" type="stmt"/>
        <line num="129" count="11" type="stmt"/>
        <line num="130" count="11" type="stmt"/>
        <line num="131" count="11" type="cond" truecount="2" falsecount="0"/>
        <line num="132" count="10" type="stmt"/>
        <line num="134" count="10" type="stmt"/>
        <line num="138" count="11" type="cond" truecount="2" falsecount="0"/>
        <line num="139" count="1" type="stmt"/>
        <line num="141" count="1" type="stmt"/>
        <line num="145" count="11" type="cond" truecount="2" falsecount="0"/>
        <line num="146" count="0" type="stmt"/>
        <line num="148" count="0" type="stmt"/>
        <line num="153" count="11" type="cond" truecount="1" falsecount="1"/>
        <line num="160" count="0" type="stmt"/>
        <line num="163" count="11" type="stmt"/>
        <line num="177" count="14" type="stmt"/>
        <line num="185" count="7" type="stmt"/>
        <line num="186" count="7" type="stmt"/>
        <line num="187" count="7" type="stmt"/>
        <line num="188" count="21" type="cond" truecount="2" falsecount="0"/>
        <line num="190" count="0" type="stmt"/>
        <line num="194" count="13" type="stmt"/>
        <line num="197" count="13" type="cond" truecount="1" falsecount="1"/>
        <line num="198" count="13" type="cond" truecount="2" falsecount="2"/>
        <line num="199" count="0" type="stmt"/>
        <line num="201" count="13" type="cond" truecount="2" falsecount="0"/>
        <line num="202" count="11" type="stmt"/>
        <line num="204" count="11" type="cond" truecount="2" falsecount="0"/>
        <line num="207" count="11" type="stmt"/>
        <line num="209" count="13" type="cond" truecount="2" falsecount="0"/>
        <line num="210" count="2" type="stmt"/>
        <line num="213" count="2" type="cond" truecount="1" falsecount="1"/>
        <line num="220" count="13" type="cond" truecount="1" falsecount="1"/>
        <line num="221" count="0" type="stmt"/>
        <line num="225" count="0" type="cond" truecount="0" falsecount="2"/>
        <line num="230" count="13" type="stmt"/>
        <line num="239" count="18" type="stmt"/>
        <line num="241" count="11" type="stmt"/>
        <line num="243" count="18" type="stmt"/>
        <line num="244" count="18" type="stmt"/>
        <line num="246" count="18" type="stmt"/>
        <line num="247" count="11" type="stmt"/>
        <line num="248" count="11" type="cond" truecount="2" falsecount="0"/>
        <line num="252" count="2" type="stmt"/>
        <line num="254" count="9" type="stmt"/>
        <line num="255" count="9" type="stmt"/>
        <line num="258" count="18" type="stmt"/>
        <line num="267" count="12" type="cond" truecount="4" falsecount="0"/>
        <line num="268" count="6" type="stmt"/>
        <line num="269" count="6" type="stmt"/>
        <line num="270" count="6" type="cond" truecount="1" falsecount="1"/>
        <line num="277" count="6" type="cond" truecount="4" falsecount="0"/>
        <line num="278" count="4" type="stmt"/>
        <line num="279" count="4" type="cond" truecount="2" falsecount="0"/>
        <line num="281" count="2" type="stmt"/>
        <line num="282" count="2" type="stmt"/>
        <line num="283" count="2" type="cond" truecount="1" falsecount="1"/>
        <line num="284" count="2" type="stmt"/>
        <line num="292" count="12" type="stmt"/>
        <line num="299" count="4" type="cond" truecount="2" falsecount="0"/>
        <line num="300" count="4" type="cond" truecount="2" falsecount="0"/>
        <line num="301" count="4" type="stmt"/>
        <line num="308" count="1" type="stmt"/>
        <line num="309" count="1" type="stmt"/>
        <line num="310" count="1" type="stmt"/>
        <line num="311" count="1" type="stmt"/>
        <line num="315" count="4" type="stmt"/>
        <line num="316" count="4" type="stmt"/>
        <line num="318" count="4" type="stmt"/>
        <line num="319" count="16" type="stmt"/>
        <line num="320" count="16" type="cond" truecount="2" falsecount="0"/>
        <line num="322" count="12" type="stmt"/>
        <line num="323" count="12" type="cond" truecount="2" falsecount="0"/>
        <line num="324" count="16" type="stmt"/>
        <line num="325" count="16" type="stmt"/>
        <line num="326" count="16" type="cond" truecount="2" falsecount="0"/>
        <line num="327" count="12" type="cond" truecount="1" falsecount="1"/>
        <line num="330" count="4" type="stmt"/>
        <line num="334" count="12" type="stmt"/>
        <line num="335" count="12" type="cond" truecount="2" falsecount="0"/>
        <line num="342" count="4" type="stmt"/>
        <line num="343" count="4" type="stmt"/>
        <line num="344" count="12" type="cond" truecount="2" falsecount="0"/>
        <line num="345" count="12" type="stmt"/>
        <line num="347" count="4" type="cond" truecount="1" falsecount="1"/>
        <line num="349" count="4" type="stmt"/>
        <line num="350" count="4" type="stmt"/>
        <line num="351" count="4" type="stmt"/>
        <line num="352" count="4" type="stmt"/>
        <line num="353" count="4" type="stmt"/>
        <line num="355" count="4" type="cond" truecount="2" falsecount="0"/>
        <line num="356" count="4" type="cond" truecount="2" falsecount="0"/>
        <line num="359" count="1" type="stmt"/>
        <line num="362" count="3" type="stmt"/>
        <line num="373" count="6" type="stmt"/>
        <line num="374" count="6" type="cond" truecount="2" falsecount="0"/>
        <line num="376" count="4" type="stmt"/>
        <line num="397" count="18" type="stmt"/>
        <line num="398" count="18" type="stmt"/>
        <line num="399" count="18" type="stmt"/>
        <line num="400" count="18" type="stmt"/>
        <line num="401" count="18" type="cond" truecount="4" falsecount="0"/>
        <line num="403" count="18" type="cond" truecount="2" falsecount="0"/>
        <line num="406" count="18" type="stmt"/>
        <line num="407" count="18" type="cond" truecount="2" falsecount="0"/>
        <line num="410" count="18" type="cond" truecount="2" falsecount="0"/>
        <line num="414" count="18" type="cond" truecount="3" falsecount="0"/>
        <line num="415" count="18" type="cond" truecount="3" falsecount="0"/>
        <line num="416" count="18" type="cond" truecount="2" falsecount="0"/>
        <line num="421" count="18" type="cond" truecount="2" falsecount="0"/>
        <line num="428" count="18" type="cond" truecount="2" falsecount="0"/>
        <line num="434" count="18" type="stmt"/>
        <line num="509" count="11" type="cond" truecount="2" falsecount="0"/>
        <line num="515" count="1" type="stmt"/>
        <line num="518" count="10" type="stmt"/>
        <line num="520" count="10" type="cond" truecount="2" falsecount="0"/>
        <line num="522" count="9" type="cond" truecount="2" falsecount="0"/>
        <line num="525" count="9" type="stmt"/>
        <line num="528" count="10" type="cond" truecount="2" falsecount="0"/>
        <line num="530" count="1" type="cond" truecount="1" falsecount="1"/>
        <line num="533" count="1" type="stmt"/>
        <line num="536" count="10" type="cond" truecount="2" falsecount="0"/>
        <line num="537" count="4" type="stmt"/>
        <line num="540" count="10" type="cond" truecount="2" falsecount="0"/>
        <line num="542" count="2" type="cond" truecount="1" falsecount="1"/>
        <line num="545" count="2" type="stmt"/>
        <line num="554" count="10" type="stmt"/>
        <line num="558" count="7" type="stmt"/>
        <line num="562" count="1" type="cond" truecount="1" falsecount="1"/>
        <line num="563" count="1" type="cond" truecount="1" falsecount="1"/>
        <line num="564" count="0" type="stmt"/>
        <line num="569" count="1" type="cond" truecount="1" falsecount="1"/>
        <line num="570" count="1" type="cond" truecount="1" falsecount="1"/>
        <line num="571" count="1" type="cond" truecount="1" falsecount="1"/>
        <line num="573" count="0" type="cond" truecount="0" falsecount="2"/>
        <line num="574" count="0" type="stmt"/>
        <line num="576" count="1" type="cond" truecount="1" falsecount="1"/>
        <line num="577" count="1" type="stmt"/>
        <line num="579" count="0" type="stmt"/>
        <line num="581" count="0" type="cond" truecount="0" falsecount="2"/>
        <line num="582" count="0" type="cond" truecount="0" falsecount="2"/>
        <line num="586" count="0" type="cond" truecount="0" falsecount="2"/>
        <line num="592" count="0" type="stmt"/>
        <line num="603" count="3" type="stmt"/>
        <line num="604" count="3" type="stmt"/>
        <line num="605" count="3" type="stmt"/>
        <line num="606" count="3" type="stmt"/>
        <line num="608" count="3" type="cond" truecount="2" falsecount="0"/>
        <line num="609" count="1" type="cond" truecount="1" falsecount="1"/>
        <line num="610" count="0" type="stmt"/>
        <line num="630" count="0" type="cond" truecount="0" falsecount="2"/>
        <line num="631" count="0" type="stmt"/>
        <line num="641" count="1" type="stmt"/>
        <line num="669" count="1" type="cond" truecount="1" falsecount="1"/>
        <line num="670" count="1" type="stmt"/>
        <line num="681" count="2" type="cond" truecount="2" falsecount="0"/>
        <line num="682" count="1" type="cond" truecount="1" falsecount="1"/>
        <line num="683" count="0" type="stmt"/>
        <line num="703" count="0" type="cond" truecount="0" falsecount="2"/>
        <line num="704" count="0" type="stmt"/>
        <line num="714" count="1" type="stmt"/>
        <line num="736" count="1" type="cond" truecount="1" falsecount="1"/>
        <line num="737" count="0" type="stmt"/>
        <line num="748" count="1" type="cond" truecount="1" falsecount="1"/>
        <line num="749" count="1" type="stmt"/>
        <line num="769" count="1" type="cond" truecount="1" falsecount="1"/>
        <line num="770" count="0" type="stmt"/>
        <line num="781" count="0" type="stmt"/>
        <line num="801" count="0" type="cond" truecount="0" falsecount="2"/>
        <line num="802" count="0" type="stmt"/>
      </file>
      <file name="provider.ts" path="/Users/bryanhu/Developer/current/private/Quillium/src/lib/ai/provider.ts">
        <metrics statements="6" coveredstatements="5" conditionals="9" coveredconditionals="8" methods="1" coveredmethods="1"/>
        <line num="43" count="5" type="cond" truecount="4" falsecount="1"/>
        <line num="45" count="1" type="stmt"/>
        <line num="47" count="2" type="stmt"/>
        <line num="52" count="1" type="stmt"/>
        <line num="54" count="1" type="stmt"/>
        <line num="56" count="0" type="stmt"/>
      </file>
      <file name="settings.svelte.ts" path="/Users/bryanhu/Developer/current/private/Quillium/src/lib/ai/settings.svelte.ts">
        <metrics statements="88" coveredstatements="37" conditionals="67" coveredconditionals="11" methods="23" coveredmethods="10"/>
        <line num="32" count="2" type="stmt"/>
        <line num="33" count="2" type="stmt"/>
        <line num="34" count="2" type="stmt"/>
        <line num="35" count="2" type="stmt"/>
        <line num="36" count="2" type="stmt"/>
        <line num="37" count="2" type="stmt"/>
        <line num="44" count="2" type="cond" truecount="1" falsecount="1"/>
        <line num="45" count="0" type="stmt"/>
        <line num="46" count="0" type="stmt"/>
        <line num="47" count="0" type="cond" truecount="0" falsecount="2"/>
        <line num="49" count="0" type="stmt"/>
        <line num="53" count="0" type="cond" truecount="0" falsecount="2"/>
        <line num="54" count="0" type="stmt"/>
        <line num="57" count="2" type="stmt"/>
        <line num="60" count="0" type="stmt"/>
        <line num="77" count="2" type="stmt"/>
        <line num="78" count="2" type="cond" truecount="1" falsecount="1"/>
        <line num="79" count="0" type="stmt"/>
        <line num="80" count="0" type="stmt"/>
        <line num="81" count="0" type="cond" truecount="0" falsecount="2"/>
        <line num="82" count="0" type="stmt"/>
        <line num="89" count="0" type="stmt"/>
        <line num="92" count="2" type="stmt"/>
        <line num="95" count="0" type="stmt"/>
        <line num="99" count="0" type="stmt"/>
        <line num="100" count="0" type="cond" truecount="0" falsecount="2"/>
        <line num="101" count="0" type="stmt"/>
        <line num="111" count="2" type="stmt"/>
        <line num="113" count="2" type="stmt"/>
        <line num="114" count="2" type="stmt"/>
        <line num="117" count="8" type="cond" truecount="2" falsecount="0"/>
        <line num="121" count="4" type="stmt"/>
        <line num="122" count="4" type="stmt"/>
        <line num="123" count="4" type="stmt"/>
        <line num="124" count="4" type="stmt"/>
        <line num="128" count="0" type="cond" truecount="1" falsecount="1"/>
        <line num="129" count="2" type="stmt"/>
        <line num="130" count="2" type="stmt"/>
        <line num="134" count="2" type="stmt"/>
        <line num="135" count="2" type="stmt"/>
        <line num="145" count="0" type="stmt"/>
        <line num="147" count="0" type="stmt"/>
        <line num="148" count="0" type="cond" truecount="0" falsecount="2"/>
        <line num="149" count="0" type="cond" truecount="0" falsecount="4"/>
        <line num="150" count="0" type="cond" truecount="0" falsecount="4"/>
        <line num="151" count="0" type="stmt"/>
        <line num="152" count="0" type="stmt"/>
        <line num="156" count="0" type="stmt"/>
        <line num="157" count="0" type="stmt"/>
        <line num="158" count="0" type="cond" truecount="0" falsecount="4"/>
        <line num="159" count="0" type="stmt"/>
        <line num="162" count="0" type="stmt"/>
        <line num="171" count="2" type="stmt"/>
        <line num="174" count="4" type="cond" truecount="1" falsecount="1"/>
        <line num="175" count="4" type="stmt"/>
        <line num="179" count="16" type="cond" truecount="2" falsecount="0"/>
        <line num="180" count="4" type="stmt"/>
        <line num="181" count="4" type="stmt"/>
        <line num="183" count="16" type="stmt"/>
        <line num="184" count="16" type="stmt"/>
        <line num="185" count="16" type="stmt"/>
        <line num="186" count="16" type="stmt"/>
        <line num="190" count="4" type="cond" truecount="1" falsecount="1"/>
        <line num="191" count="0" type="cond" truecount="0" falsecount="2"/>
        <line num="195" count="2" type="cond" truecount="1" falsecount="1"/>
        <line num="196" count="0" type="cond" truecount="0" falsecount="2"/>
        <line num="199" count="2" type="stmt"/>
        <line num="207" count="0" type="cond" truecount="0" falsecount="2"/>
        <line num="208" count="0" type="cond" truecount="0" falsecount="2"/>
        <line num="211" count="0" type="cond" truecount="0" falsecount="4"/>
        <line num="212" count="0" type="stmt"/>
        <line num="214" count="0" type="stmt"/>
        <line num="218" count="0" type="stmt"/>
        <line num="219" count="0" type="stmt"/>
        <line num="220" count="0" type="cond" truecount="0" falsecount="2"/>
        <line num="222" count="0" type="stmt"/>
        <line num="230" count="2" type="stmt"/>
        <line num="233" count="0" type="cond" truecount="0" falsecount="2"/>
        <line num="234" count="0" type="cond" truecount="0" falsecount="4"/>
        <line num="235" count="0" type="stmt"/>
        <line num="237" count="0" type="stmt"/>
        <line num="238" count="0" type="stmt"/>
        <line num="247" count="0" type="stmt"/>
        <line num="251" count="0" type="cond" truecount="0" falsecount="2"/>
        <line num="252" count="0" type="cond" truecount="0" falsecount="2"/>
        <line num="253" count="0" type="stmt"/>
        <line num="255" count="0" type="stmt"/>
        <line num="257" count="0" type="stmt"/>
      </file>
      <file name="utils.ts" path="/Users/bryanhu/Developer/current/private/Quillium/src/lib/ai/utils.ts">
        <metrics statements="9" coveredstatements="9" conditionals="3" coveredconditionals="3" methods="3" coveredmethods="3"/>
        <line num="38" count="12" type="stmt"/>
        <line num="44" count="12" type="stmt"/>
        <line num="45" count="12" type="stmt"/>
        <line num="46" count="12" type="stmt"/>
        <line num="47" count="12" type="stmt"/>
        <line num="52" count="6" type="cond" truecount="2" falsecount="0"/>
        <line num="53" count="3" type="stmt"/>
        <line num="71" count="7" type="stmt"/>
        <line num="79" count="7" type="stmt"/>
      </file>
    </package>
    <package name="src.lib.auth">
      <metrics statements="134" coveredstatements="29" conditionals="72" coveredconditionals="8" methods="29" coveredmethods="5"/>
      <file name="auth.svelte.ts" path="/Users/bryanhu/Developer/current/private/Quillium/src/lib/auth/auth.svelte.ts">
        <metrics statements="112" coveredstatements="8" conditionals="62" coveredconditionals="0" methods="24" coveredmethods="0"/>
        <line num="12" count="12" type="stmt"/>
        <line num="13" count="12" type="stmt"/>
        <line num="16" count="12" type="stmt"/>
        <line num="17" count="12" type="stmt"/>
        <line num="18" count="12" type="stmt"/>
        <line num="19" count="12" type="stmt"/>
        <line num="20" count="12" type="stmt"/>
        <line num="21" count="12" type="stmt"/>
        <line num="25" count="0" type="cond" truecount="0" falsecount="3"/>
        <line num="32" count="0" type="stmt"/>
        <line num="33" count="0" type="stmt"/>
        <line num="34" count="0" type="stmt"/>
        <line num="35" count="0" type="stmt"/>
        <line num="36" count="0" type="stmt"/>
        <line num="37" count="0" type="stmt"/>
        <line num="41" count="0" type="stmt"/>
        <line num="42" count="0" type="stmt"/>
        <line num="44" count="0" type="stmt"/>
        <line num="45" count="0" type="stmt"/>
        <line num="52" count="0" type="cond" truecount="0" falsecount="2"/>
        <line num="54" count="0" type="stmt"/>
        <line num="55" count="0" type="stmt"/>
        <line num="57" count="0" type="stmt"/>
        <line num="62" count="0" type="stmt"/>
        <line num="63" count="0" type="cond" truecount="0" falsecount="2"/>
        <line num="64" count="0" type="stmt"/>
        <line num="68" count="0" type="stmt"/>
        <line num="69" count="0" type="stmt"/>
        <line num="71" count="0" type="stmt"/>
        <line num="72" count="0" type="cond" truecount="0" falsecount="2"/>
        <line num="73" count="0" type="stmt"/>
        <line num="74" count="0" type="cond" truecount="0" falsecount="2"/>
        <line num="75" count="0" type="cond" truecount="0" falsecount="2"/>
        <line num="77" count="0" type="stmt"/>
        <line num="78" count="0" type="stmt"/>
        <line num="79" count="0" type="stmt"/>
        <line num="80" count="0" type="stmt"/>
        <line num="81" count="0" type="stmt"/>
        <line num="85" count="0" type="cond" truecount="0" falsecount="2"/>
        <line num="87" count="0" type="stmt"/>
        <line num="88" count="0" type="stmt"/>
        <line num="89" count="0" type="cond" truecount="0" falsecount="2"/>
        <line num="91" count="0" type="stmt"/>
        <line num="92" count="0" type="cond" truecount="0" falsecount="2"/>
        <line num="94" count="0" type="stmt"/>
        <line num="95" count="0" type="cond" truecount="0" falsecount="2"/>
        <line num="97" count="0" type="stmt"/>
        <line num="98" count="0" type="stmt"/>
        <line num="101" count="0" type="stmt"/>
        <line num="102" count="0" type="stmt"/>
        <line num="103" count="0" type="stmt"/>
        <line num="111" count="0" type="cond" truecount="0" falsecount="2"/>
        <line num="112" count="0" type="stmt"/>
        <line num="116" count="0" type="cond" truecount="0" falsecount="2"/>
        <line num="117" count="0" type="stmt"/>
        <line num="119" count="0" type="cond" truecount="0" falsecount="2"/>
        <line num="120" count="0" type="stmt"/>
        <line num="121" count="0" type="stmt"/>
        <line num="125" count="0" type="stmt"/>
        <line num="126" count="0" type="stmt"/>
        <line num="128" count="0" type="stmt"/>
        <line num="129" count="0" type="stmt"/>
        <line num="130" count="0" type="cond" truecount="0" falsecount="2"/>
        <line num="131" count="0" type="stmt"/>
        <line num="132" count="0" type="stmt"/>
        <line num="140" count="0" type="cond" truecount="0" falsecount="2"/>
        <line num="141" count="0" type="stmt"/>
        <line num="142" count="0" type="stmt"/>
        <line num="145" count="0" type="cond" truecount="0" falsecount="2"/>
        <line num="146" count="0" type="stmt"/>
        <line num="147" count="0" type="stmt"/>
        <line num="148" count="0" type="stmt"/>
        <line num="151" count="0" type="stmt"/>
        <line num="152" count="0" type="stmt"/>
        <line num="159" count="0" type="cond" truecount="0" falsecount="2"/>
        <line num="160" count="0" type="stmt"/>
        <line num="161" count="0" type="stmt"/>
        <line num="162" count="0" type="stmt"/>
        <line num="163" count="0" type="stmt"/>
        <line num="164" count="0" type="stmt"/>
        <line num="173" count="0" type="cond" truecount="0" falsecount="2"/>
        <line num="174" count="0" type="stmt"/>
        <line num="181" count="0" type="cond" truecount="0" falsecount="2"/>
        <line num="182" count="0" type="stmt"/>
        <line num="189" count="0" type="cond" truecount="0" falsecount="2"/>
        <line num="190" count="0" type="stmt"/>
        <line num="194" count="0" type="cond" truecount="0" falsecount="2"/>
        <line num="195" count="0" type="stmt"/>
        <line num="202" count="0" type="cond" truecount="0" falsecount="2"/>
        <line num="203" count="0" type="stmt"/>
        <line num="204" count="0" type="cond" truecount="0" falsecount="2"/>
        <line num="213" count="0" type="cond" truecount="0" falsecount="2"/>
        <line num="214" count="0" type="stmt"/>
        <line num="219" count="0" type="cond" truecount="0" falsecount="2"/>
        <line num="220" count="0" type="stmt"/>
        <line num="225" count="0" type="stmt"/>
        <line num="228" count="0" type="stmt"/>
        <line num="231" count="0" type="stmt"/>
        <line num="234" count="0" type="stmt"/>
        <line num="237" count="0" type="stmt"/>
        <line num="240" count="0" type="stmt"/>
        <line num="248" count="0" type="stmt"/>
        <line num="255" count="0" type="cond" truecount="0" falsecount="3"/>
        <line num="262" count="0" type="cond" truecount="0" falsecount="2"/>
        <line num="270" count="0" type="stmt"/>
        <line num="271" count="0" type="cond" truecount="0" falsecount="2"/>
        <line num="273" count="0" type="stmt"/>
        <line num="274" count="0" type="cond" truecount="0" falsecount="2"/>
        <line num="275" count="0" type="stmt"/>
        <line num="276" count="0" type="cond" truecount="0" falsecount="2"/>
        <line num="277" count="0" type="stmt"/>
        <line num="280" count="0" type="stmt"/>
      </file>
      <file name="avatarUtils.ts" path="/Users/bryanhu/Developer/current/private/Quillium/src/lib/auth/avatarUtils.ts">
        <metrics statements="12" coveredstatements="12" conditionals="4" coveredconditionals="4" methods="4" coveredmethods="4"/>
        <line num="12" count="3" type="stmt"/>
        <line num="22" count="13" type="stmt"/>
        <line num="26" count="7" type="stmt"/>
        <line num="27" count="7" type="cond" truecount="2" falsecount="0"/>
        <line num="28" count="5" type="stmt"/>
        <line num="30" count="11" type="stmt"/>
        <line num="41" count="6" type="stmt"/>
        <line num="42" count="6" type="cond" truecount="2" falsecount="0"/>
        <line num="43" count="4" type="stmt"/>
        <line num="44" count="4" type="stmt"/>
        <line num="45" count="48" type="stmt"/>
        <line num="47" count="4" type="stmt"/>
      </file>
      <file name="index.ts" path="/Users/bryanhu/Developer/current/private/Quillium/src/lib/auth/index.ts">
        <metrics statements="0" coveredstatements="0" conditionals="0" coveredconditionals="0" methods="0" coveredmethods="0"/>
      </file>
      <file name="schemas.ts" path="/Users/bryanhu/Developer/current/private/Quillium/src/lib/auth/schemas.ts">
        <metrics statements="4" coveredstatements="4" conditionals="0" coveredconditionals="0" methods="1" coveredmethods="1"/>
        <line num="6" count="2" type="stmt"/>
        <line num="11" count="2" type="stmt"/>
        <line num="20" count="2" type="stmt"/>
        <line num="29" count="2" type="stmt"/>
      </file>
      <file name="supabase.ts" path="/Users/bryanhu/Developer/current/private/Quillium/src/lib/auth/supabase.ts">
        <metrics statements="6" coveredstatements="5" conditionals="6" coveredconditionals="4" methods="0" coveredmethods="0"/>
        <line num="11" count="12" type="stmt"/>
        <line num="12" count="12" type="stmt"/>
        <line num="14" count="12" type="cond" truecount="2" falsecount="0"/>
        <line num="16" count="12" type="cond" truecount="1" falsecount="1"/>
        <line num="17" count="0" type="stmt"/>
        <line num="20" count="12" type="cond" truecount="1" falsecount="1"/>
      </file>
    </package>
    <package name="src.lib.collab">
      <metrics statements="940" coveredstatements="757" conditionals="607" coveredconditionals="377" methods="181" coveredmethods="144"/>
      <file name="annotationSchema.ts" path="/Users/bryanhu/Developer/current/private/Quillium/src/lib/collab/annotationSchema.ts">
        <metrics statements="154" coveredstatements="132" conditionals="89" coveredconditionals="59" methods="27" coveredmethods="26"/>
        <line num="44" count="100" type="stmt"/>
        <line num="45" count="100" type="stmt"/>
        <line num="46" count="100" type="stmt"/>
        <line num="66" count="56" type="stmt"/>
        <line num="67" count="56" type="stmt"/>
        <line num="69" count="56" type="stmt"/>
        <line num="70" count="56" type="stmt"/>
        <line num="71" count="56" type="stmt"/>
        <line num="72" count="56" type="stmt"/>
        <line num="73" count="56" type="stmt"/>
        <line num="75" count="56" type="stmt"/>
        <line num="76" count="56" type="cond" truecount="2" falsecount="0"/>
        <line num="77" count="13" type="stmt"/>
        <line num="79" count="56" type="stmt"/>
        <line num="81" count="56" type="stmt"/>
        <line num="83" count="56" type="cond" truecount="2" falsecount="0"/>
        <line num="84" count="5" type="stmt"/>
        <line num="85" count="5" type="cond" truecount="1" falsecount="1"/>
        <line num="86" count="5" type="stmt"/>
        <line num="88" count="5" type="stmt"/>
        <line num="89" count="5" type="cond" truecount="2" falsecount="0"/>
        <line num="90" count="4" type="stmt"/>
        <line num="92" count="51" type="cond" truecount="2" falsecount="0"/>
        <line num="93" count="22" type="stmt"/>
        <line num="94" count="22" type="stmt"/>
        <line num="95" count="28" type="stmt"/>
        <line num="96" count="28" type="stmt"/>
        <line num="97" count="28" type="cond" truecount="2" falsecount="0"/>
        <line num="98" count="27" type="stmt"/>
        <line num="100" count="28" type="stmt"/>
        <line num="101" count="28" type="cond" truecount="2" falsecount="0"/>
        <line num="102" count="3" type="stmt"/>
        <line num="104" count="28" type="stmt"/>
        <line num="105" count="28" type="stmt"/>
        <line num="107" count="22" type="stmt"/>
        <line num="110" count="22" type="stmt"/>
        <line num="114" count="56" type="stmt"/>
        <line num="132" count="51" type="stmt"/>
        <line num="133" count="51" type="stmt"/>
        <line num="134" count="51" type="cond" truecount="4" falsecount="0"/>
        <line num="135" count="1" type="stmt"/>
        <line num="136" count="1" type="stmt"/>
        <line num="140" count="50" type="stmt"/>
        <line num="141" count="50" type="stmt"/>
        <line num="143" count="0" type="stmt"/>
        <line num="144" count="0" type="stmt"/>
        <line num="146" count="50" type="cond" truecount="2" falsecount="0"/>
        <line num="147" count="1" type="stmt"/>
        <line num="150" count="49" type="stmt"/>
        <line num="152" count="49" type="cond" truecount="1" falsecount="1"/>
        <line num="154" count="51" type="stmt"/>
        <line num="155" count="51" type="cond" truecount="5" falsecount="0"/>
        <line num="156" count="1" type="stmt"/>
        <line num="157" count="1" type="stmt"/>
        <line num="160" count="48" type="stmt"/>
        <line num="162" count="48" type="cond" truecount="2" falsecount="0"/>
        <line num="163" count="19" type="stmt"/>
        <line num="166" count="29" type="cond" truecount="2" falsecount="0"/>
        <line num="167" count="1" type="stmt"/>
        <line num="169" count="1" type="cond" truecount="1" falsecount="1"/>
        <line num="170" count="1" type="stmt"/>
        <line num="171" count="1" type="stmt"/>
        <line num="180" count="28" type="stmt"/>
        <line num="181" count="28" type="cond" truecount="1" falsecount="1"/>
        <line num="182" count="0" type="stmt"/>
        <line num="183" count="0" type="stmt"/>
        <line num="185" count="28" type="stmt"/>
        <line num="186" count="39" type="stmt"/>
        <line num="187" count="39" type="stmt"/>
        <line num="188" count="11" type="stmt"/>
        <line num="189" count="28" type="cond" truecount="1" falsecount="1"/>
        <line num="190" count="0" type="stmt"/>
        <line num="191" count="0" type="stmt"/>
        <line num="196" count="28" type="stmt"/>
        <line num="197" count="39" type="stmt"/>
        <line num="198" count="39" type="stmt"/>
        <line num="199" count="39" type="cond" truecount="1" falsecount="1"/>
        <line num="200" count="39" type="stmt"/>
        <line num="201" count="39" type="stmt"/>
        <line num="203" count="39" type="cond" truecount="3" falsecount="1"/>
        <line num="206" count="39" type="stmt"/>
        <line num="216" count="28" type="cond" truecount="1" falsecount="1"/>
        <line num="225" count="51" type="stmt"/>
        <line num="234" count="46" type="stmt"/>
        <line num="235" count="46" type="cond" truecount="2" falsecount="0"/>
        <line num="236" count="2" type="stmt"/>
        <line num="237" count="2" type="cond" truecount="1" falsecount="1"/>
        <line num="241" count="3" type="stmt"/>
        <line num="248" count="2" type="stmt"/>
        <line num="265" count="46" type="cond" truecount="2" falsecount="0"/>
        <line num="266" count="46" type="stmt"/>
        <line num="268" count="46" type="stmt"/>
        <line num="269" count="0" type="stmt"/>
        <line num="270" count="0" type="cond" truecount="0" falsecount="4"/>
        <line num="271" count="0" type="stmt"/>
        <line num="272" count="0" type="stmt"/>
        <line num="276" count="46" type="stmt"/>
        <line num="277" count="3" type="stmt"/>
        <line num="278" count="3" type="cond" truecount="1" falsecount="1"/>
        <line num="279" count="3" type="stmt"/>
        <line num="280" count="3" type="stmt"/>
        <line num="281" count="3" type="stmt"/>
        <line num="282" count="3" type="stmt"/>
        <line num="283" count="3" type="stmt"/>
        <line num="284" count="3" type="stmt"/>
        <line num="297" count="3" type="cond" truecount="1" falsecount="1"/>
        <line num="299" count="0" type="stmt"/>
        <line num="300" count="0" type="cond" truecount="0" falsecount="2"/>
        <line num="302" count="0" type="stmt"/>
        <line num="303" count="0" type="stmt"/>
        <line num="304" count="0" type="cond" truecount="0" falsecount="2"/>
        <line num="306" count="0" type="stmt"/>
        <line num="307" count="0" type="cond" truecount="0" falsecount="2"/>
        <line num="309" count="0" type="stmt"/>
        <line num="310" count="0" type="cond" truecount="0" falsecount="2"/>
        <line num="311" count="0" type="stmt"/>
        <line num="312" count="0" type="stmt"/>
        <line num="315" count="0" type="stmt"/>
        <line num="335" count="39" type="cond" truecount="2" falsecount="0"/>
        <line num="336" count="39" type="stmt"/>
        <line num="338" count="39" type="stmt"/>
        <line num="339" count="2" type="stmt"/>
        <line num="340" count="2" type="stmt"/>
        <line num="341" count="2" type="cond" truecount="1" falsecount="1"/>
        <line num="342" count="2" type="stmt"/>
        <line num="345" count="39" type="stmt"/>
        <line num="351" count="133" type="stmt"/>
        <line num="352" count="133" type="stmt"/>
        <line num="353" count="133" type="stmt"/>
        <line num="356" count="32" type="stmt"/>
        <line num="357" count="32" type="cond" truecount="2" falsecount="0"/>
        <line num="358" count="30" type="stmt"/>
        <line num="359" count="30" type="stmt"/>
        <line num="360" count="30" type="stmt"/>
        <line num="362" count="32" type="stmt"/>
        <line num="366" count="41" type="stmt"/>
        <line num="367" count="41" type="cond" truecount="1" falsecount="1"/>
        <line num="368" count="41" type="stmt"/>
        <line num="369" count="41" type="stmt"/>
        <line num="370" count="41" type="stmt"/>
        <line num="372" count="41" type="stmt"/>
        <line num="376" count="63" type="stmt"/>
        <line num="380" count="71" type="stmt"/>
        <line num="384" count="4" type="stmt"/>
        <line num="385" count="4" type="stmt"/>
        <line num="386" count="4" type="cond" truecount="1" falsecount="1"/>
        <line num="387" count="4" type="stmt"/>
        <line num="392" count="6" type="stmt"/>
        <line num="393" count="6" type="cond" truecount="1" falsecount="1"/>
        <line num="394" count="6" type="stmt"/>
        <line num="396" count="6" type="stmt"/>
        <line num="400" count="1" type="stmt"/>
        <line num="401" count="1" type="stmt"/>
        <line num="402" count="1" type="stmt"/>
      </file>
      <file name="awareness.ts" path="/Users/bryanhu/Developer/current/private/Quillium/src/lib/collab/awareness.ts">
        <metrics statements="221" coveredstatements="197" conditionals="151" coveredconditionals="99" methods="49" coveredmethods="43"/>
        <line num="94" count="11" type="stmt"/>
        <line num="110" count="5" type="stmt"/>
        <line num="111" count="5" type="stmt"/>
        <line num="112" count="37" type="stmt"/>
        <line num="113" count="37" type="stmt"/>
        <line num="115" count="5" type="stmt"/>
        <line num="122" count="26" type="stmt"/>
        <line num="123" count="26" type="stmt"/>
        <line num="128" count="26" type="stmt"/>
        <line num="130" count="26" type="stmt"/>
        <line num="134" count="35" type="cond" truecount="3" falsecount="0"/>
        <line num="138" count="10" type="stmt"/>
        <line num="139" count="10" type="stmt"/>
        <line num="140" count="10" type="stmt"/>
        <line num="143" count="10" type="stmt"/>
        <line num="144" count="10" type="stmt"/>
        <line num="145" count="10" type="stmt"/>
        <line num="147" count="10" type="stmt"/>
        <line num="148" count="10" type="stmt"/>
        <line num="150" count="10" type="stmt"/>
        <line num="151" count="10" type="stmt"/>
        <line num="153" count="10" type="stmt"/>
        <line num="157" count="0" type="stmt"/>
        <line num="163" count="11" type="stmt"/>
        <line num="218" count="11" type="stmt"/>
        <line num="227" count="17" type="stmt"/>
        <line num="228" count="38" type="cond" truecount="2" falsecount="0"/>
        <line num="229" count="31" type="cond" truecount="2" falsecount="0"/>
        <line num="230" count="17" type="cond" truecount="2" falsecount="0"/>
        <line num="231" count="17" type="cond" truecount="2" falsecount="0"/>
        <line num="234" count="17" type="stmt"/>
        <line num="243" count="44" type="stmt"/>
        <line num="244" count="44" type="stmt"/>
        <line num="250" count="48" type="cond" truecount="3" falsecount="1"/>
        <line num="251" count="48" type="stmt"/>
        <line num="252" count="48" type="cond" truecount="1" falsecount="1"/>
        <line num="253" count="48" type="stmt"/>
        <line num="254" count="48" type="stmt"/>
        <line num="255" count="48" type="stmt"/>
        <line num="256" count="48" type="cond" truecount="1" falsecount="1"/>
        <line num="258" count="0" type="stmt"/>
        <line num="269" count="77" type="stmt"/>
        <line num="270" count="77" type="stmt"/>
        <line num="271" count="77" type="stmt"/>
        <line num="277" count="77" type="stmt"/>
        <line num="288" count="77" type="stmt"/>
        <line num="289" count="112" type="cond" truecount="2" falsecount="0"/>
        <line num="291" count="35" type="stmt"/>
        <line num="292" count="35" type="stmt"/>
        <line num="293" count="35" type="cond" truecount="3" falsecount="1"/>
        <line num="297" count="35" type="stmt"/>
        <line num="298" count="35" type="cond" truecount="1" falsecount="1"/>
        <line num="300" count="35" type="stmt"/>
        <line num="301" count="35" type="cond" truecount="2" falsecount="0"/>
        <line num="303" count="32" type="stmt"/>
        <line num="304" count="32" type="cond" truecount="2" falsecount="0"/>
        <line num="305" count="112" type="stmt"/>
        <line num="306" count="112" type="cond" truecount="3" falsecount="1"/>
        <line num="307" count="32" type="stmt"/>
        <line num="317" count="77" type="stmt"/>
        <line num="321" count="75" type="stmt"/>
        <line num="322" count="75" type="stmt"/>
        <line num="323" count="75" type="stmt"/>
        <line num="324" count="75" type="stmt"/>
        <line num="335" count="75" type="stmt"/>
        <line num="336" count="88" type="cond" truecount="2" falsecount="0"/>
        <line num="337" count="13" type="stmt"/>
        <line num="338" count="13" type="cond" truecount="1" falsecount="1"/>
        <line num="339" count="13" type="stmt"/>
        <line num="340" count="88" type="cond" truecount="2" falsecount="0"/>
        <line num="341" count="88" type="stmt"/>
        <line num="342" count="88" type="cond" truecount="3" falsecount="1"/>
        <line num="343" count="13" type="stmt"/>
        <line num="353" count="75" type="stmt"/>
        <line num="354" count="75" type="stmt"/>
        <line num="355" count="75" type="stmt"/>
        <line num="356" count="75" type="cond" truecount="3" falsecount="1"/>
        <line num="357" count="0" type="stmt"/>
        <line num="364" count="68" type="cond" truecount="1" falsecount="1"/>
        <line num="365" count="0" type="cond" truecount="0" falsecount="2"/>
        <line num="366" count="0" type="stmt"/>
        <line num="367" count="0" type="cond" truecount="0" falsecount="2"/>
        <line num="368" count="0" type="stmt"/>
        <line num="369" count="0" type="cond" truecount="0" falsecount="2"/>
        <line num="370" count="0" type="stmt"/>
        <line num="372" count="0" type="stmt"/>
        <line num="379" count="2" type="cond" truecount="1" falsecount="1"/>
        <line num="380" count="2" type="cond" truecount="1" falsecount="1"/>
        <line num="381" count="0" type="cond" truecount="0" falsecount="2"/>
        <line num="382" count="0" type="cond" truecount="0" falsecount="2"/>
        <line num="383" count="0" type="stmt"/>
        <line num="387" count="2" type="stmt"/>
        <line num="391" count="71" type="stmt"/>
        <line num="393" count="71" type="cond" truecount="2" falsecount="0"/>
        <line num="396" count="26" type="stmt"/>
        <line num="398" count="26" type="stmt"/>
        <line num="399" count="26" type="stmt"/>
        <line num="400" count="26" type="stmt"/>
        <line num="410" count="26" type="stmt"/>
        <line num="418" count="17" type="stmt"/>
        <line num="420" count="17" type="stmt"/>
        <line num="424" count="76" type="cond" truecount="4" falsecount="0"/>
        <line num="425" count="54" type="stmt"/>
        <line num="427" count="22" type="stmt"/>
        <line num="429" count="17" type="stmt"/>
        <line num="433" count="17" type="stmt"/>
        <line num="436" count="17" type="stmt"/>
        <line num="437" count="17" type="stmt"/>
        <line num="438" count="17" type="stmt"/>
        <line num="439" count="17" type="stmt"/>
        <line num="443" count="17" type="stmt"/>
        <line num="444" count="17" type="stmt"/>
        <line num="447" count="17" type="stmt"/>
        <line num="449" count="17" type="stmt"/>
        <line num="450" count="17" type="stmt"/>
        <line num="451" count="58" type="cond" truecount="1" falsecount="1"/>
        <line num="452" count="58" type="stmt"/>
        <line num="453" count="58" type="stmt"/>
        <line num="454" count="58" type="stmt"/>
        <line num="455" count="58" type="stmt"/>
        <line num="456" count="58" type="cond" truecount="2" falsecount="0"/>
        <line num="457" count="51" type="stmt"/>
        <line num="460" count="51" type="stmt"/>
        <line num="461" count="51" type="stmt"/>
        <line num="466" count="58" type="cond" truecount="4" falsecount="0"/>
        <line num="467" count="43" type="stmt"/>
        <line num="469" count="15" type="stmt"/>
        <line num="478" count="17" type="stmt"/>
        <line num="479" count="17" type="stmt"/>
        <line num="481" count="17" type="stmt"/>
        <line num="482" count="19" type="cond" truecount="1" falsecount="1"/>
        <line num="483" count="19" type="stmt"/>
        <line num="484" count="19" type="stmt"/>
        <line num="485" count="19" type="stmt"/>
        <line num="489" count="17" type="stmt"/>
        <line num="490" count="34" type="cond" truecount="1" falsecount="1"/>
        <line num="491" count="34" type="stmt"/>
        <line num="493" count="17" type="stmt"/>
        <line num="494" count="17" type="cond" truecount="1" falsecount="1"/>
        <line num="495" count="17" type="stmt"/>
        <line num="497" count="17" type="stmt"/>
        <line num="500" count="17" type="cond" truecount="2" falsecount="0"/>
        <line num="501" count="16" type="stmt"/>
        <line num="509" count="76" type="stmt"/>
        <line num="510" count="76" type="stmt"/>
        <line num="515" count="76" type="stmt"/>
        <line num="516" count="76" type="stmt"/>
        <line num="518" count="76" type="cond" truecount="2" falsecount="0"/>
        <line num="523" count="75" type="cond" truecount="4" falsecount="0"/>
        <line num="524" count="6" type="stmt"/>
        <line num="525" count="6" type="stmt"/>
        <line num="527" count="6" type="cond" truecount="1" falsecount="1"/>
        <line num="532" count="6" type="stmt"/>
        <line num="533" count="6" type="stmt"/>
        <line num="534" count="6" type="stmt"/>
        <line num="538" count="76" type="stmt"/>
        <line num="543" count="22" type="cond" truecount="3" falsecount="1"/>
        <line num="544" count="22" type="stmt"/>
        <line num="545" count="22" type="stmt"/>
        <line num="546" count="22" type="cond" truecount="3" falsecount="1"/>
        <line num="548" count="22" type="stmt"/>
        <line num="549" count="22" type="stmt"/>
        <line num="550" count="22" type="stmt"/>
        <line num="555" count="22" type="stmt"/>
        <line num="560" count="70" type="stmt"/>
        <line num="561" count="70" type="cond" truecount="2" falsecount="0"/>
        <line num="563" count="6" type="stmt"/>
        <line num="564" count="6" type="stmt"/>
        <line num="566" count="6" type="cond" truecount="1" falsecount="1"/>
        <line num="568" count="6" type="stmt"/>
        <line num="574" count="68" type="stmt"/>
        <line num="575" count="2" type="stmt"/>
        <line num="576" count="2" type="stmt"/>
        <line num="577" count="68" type="stmt"/>
        <line num="581" count="68" type="stmt"/>
        <line num="582" count="68" type="cond" truecount="2" falsecount="0"/>
        <line num="583" count="21" type="stmt"/>
        <line num="584" count="21" type="stmt"/>
        <line num="585" count="21" type="stmt"/>
        <line num="586" count="21" type="stmt"/>
        <line num="588" count="21" type="stmt"/>
        <line num="593" count="70" type="stmt"/>
        <line num="594" count="70" type="cond" truecount="2" falsecount="0"/>
        <line num="595" count="6" type="stmt"/>
        <line num="598" count="6" type="stmt"/>
        <line num="599" count="70" type="cond" truecount="1" falsecount="1"/>
        <line num="600" count="70" type="stmt"/>
        <line num="604" count="70" type="cond" truecount="2" falsecount="0"/>
        <line num="605" count="1" type="stmt"/>
        <line num="607" count="1" type="stmt"/>
        <line num="608" count="0" type="stmt"/>
        <line num="609" count="0" type="stmt"/>
        <line num="610" count="1" type="cond" truecount="1" falsecount="1"/>
        <line num="611" count="1" type="stmt"/>
        <line num="613" count="1" type="stmt"/>
        <line num="614" count="1" type="stmt"/>
        <line num="618" count="1" type="cond" truecount="2" falsecount="2"/>
        <line num="619" count="0" type="stmt"/>
        <line num="624" count="1" type="stmt"/>
        <line num="625" count="1" type="cond" truecount="1" falsecount="1"/>
        <line num="626" count="1" type="stmt"/>
        <line num="628" count="1" type="cond" truecount="2" falsecount="2"/>
        <line num="636" count="1" type="stmt"/>
        <line num="638" count="0" type="cond" truecount="0" falsecount="2"/>
        <line num="639" count="0" type="stmt"/>
        <line num="646" count="0" type="stmt"/>
        <line num="655" count="0" type="stmt"/>
        <line num="656" count="0" type="cond" truecount="0" falsecount="2"/>
        <line num="657" count="0" type="cond" truecount="0" falsecount="2"/>
        <line num="662" count="0" type="stmt"/>
        <line num="664" count="0" type="stmt"/>
        <line num="673" count="15" type="cond" truecount="1" falsecount="1"/>
        <line num="677" count="17" type="stmt"/>
        <line num="678" count="17" type="stmt"/>
        <line num="679" count="17" type="stmt"/>
        <line num="680" count="17" type="stmt"/>
        <line num="681" count="17" type="stmt"/>
        <line num="683" count="17" type="cond" truecount="2" falsecount="0"/>
        <line num="684" count="16" type="stmt"/>
        <line num="685" count="16" type="stmt"/>
        <line num="691" count="17" type="stmt"/>
      </file>
      <file name="index.ts" path="/Users/bryanhu/Developer/current/private/Quillium/src/lib/collab/index.ts">
        <metrics statements="96" coveredstatements="31" conditionals="55" coveredconditionals="9" methods="15" coveredmethods="4"/>
        <line num="84" count="11" type="stmt"/>
        <line num="87" count="11" type="stmt"/>
        <line num="99" count="0" type="cond" truecount="0" falsecount="2"/>
        <line num="100" count="0" type="stmt"/>
        <line num="103" count="0" type="stmt"/>
        <line num="112" count="0" type="cond" truecount="0" falsecount="2"/>
        <line num="113" count="0" type="stmt"/>
        <line num="114" count="0" type="stmt"/>
        <line num="138" count="0" type="stmt"/>
        <line num="141" count="0" type="stmt"/>
        <line num="143" count="0" type="stmt"/>
        <line num="146" count="0" type="stmt"/>
        <line num="147" count="0" type="stmt"/>
        <line num="148" count="0" type="stmt"/>
        <line num="149" count="0" type="stmt"/>
        <line num="152" count="0" type="stmt"/>
        <line num="153" count="0" type="cond" truecount="0" falsecount="2"/>
        <line num="154" count="0" type="stmt"/>
        <line num="155" count="0" type="stmt"/>
        <line num="157" count="0" type="stmt"/>
        <line num="158" count="0" type="stmt"/>
        <line num="159" count="0" type="stmt"/>
        <line num="163" count="0" type="stmt"/>
        <line num="169" count="0" type="stmt"/>
        <line num="172" count="0" type="cond" truecount="0" falsecount="2"/>
        <line num="175" count="0" type="cond" truecount="0" falsecount="4"/>
        <line num="176" count="0" type="stmt"/>
        <line num="179" count="0" type="stmt"/>
        <line num="180" count="0" type="cond" truecount="0" falsecount="2"/>
        <line num="181" count="0" type="stmt"/>
        <line num="183" count="0" type="cond" truecount="0" falsecount="2"/>
        <line num="184" count="0" type="stmt"/>
        <line num="188" count="0" type="stmt"/>
        <line num="189" count="0" type="cond" truecount="0" falsecount="2"/>
        <line num="191" count="0" type="stmt"/>
        <line num="192" count="0" type="stmt"/>
        <line num="195" count="0" type="stmt"/>
        <line num="196" count="0" type="stmt"/>
        <line num="203" count="0" type="stmt"/>
        <line num="204" count="0" type="cond" truecount="0" falsecount="2"/>
        <line num="207" count="0" type="cond" truecount="0" falsecount="4"/>
        <line num="208" count="0" type="stmt"/>
        <line num="218" count="0" type="stmt"/>
        <line num="224" count="0" type="stmt"/>
[...]
        <line num="1368" count="0" type="stmt"/>
        <line num="1369" count="0" type="stmt"/>
        <line num="1370" count="0" type="stmt"/>
        <line num="1375" count="0" type="stmt"/>
        <line num="1386" count="0" type="stmt"/>
        <line num="1387" count="0" type="stmt"/>
        <line num="1388" count="0" type="stmt"/>
        <line num="1390" count="0" type="stmt"/>
        <line num="1391" count="0" type="stmt"/>
        <line num="1396" count="0" type="stmt"/>
        <line num="1401" count="0" type="stmt"/>
        <line num="1402" count="0" type="stmt"/>
        <line num="1409" count="0" type="stmt"/>
        <line num="1410" count="0" type="stmt"/>
        <line num="1413" count="0" type="stmt"/>
        <line num="1423" count="0" type="cond" truecount="0" falsecount="2"/>
        <line num="1424" count="0" type="stmt"/>
        <line num="1429" count="0" type="stmt"/>
        <line num="1430" count="0" type="cond" truecount="0" falsecount="2"/>
        <line num="1431" count="0" type="stmt"/>
        <line num="1433" count="0" type="stmt"/>
        <line num="1437" count="0" type="stmt"/>
        <line num="1444" count="0" type="stmt"/>
        <line num="1445" count="0" type="stmt"/>
        <line num="1448" count="0" type="stmt"/>
        <line num="1458" count="0" type="stmt"/>
        <line num="1463" count="0" type="stmt"/>
        <line num="1464" count="0" type="cond" truecount="0" falsecount="2"/>
        <line num="1465" count="0" type="stmt"/>
        <line num="1467" count="0" type="stmt"/>
        <line num="1471" count="0" type="stmt"/>
        <line num="1478" count="0" type="stmt"/>
        <line num="1479" count="0" type="stmt"/>
        <line num="1482" count="0" type="stmt"/>
        <line num="1493" count="0" type="cond" truecount="0" falsecount="2"/>
        <line num="1498" count="0" type="stmt"/>
        <line num="1503" count="0" type="stmt"/>
        <line num="1505" count="0" type="stmt"/>
        <line num="1506" count="0" type="stmt"/>
        <line num="1511" count="0" type="stmt"/>
        <line num="1517" count="0" type="cond" truecount="0" falsecount="2"/>
        <line num="1518" count="0" type="stmt"/>
        <line num="1520" count="0" type="stmt"/>
        <line num="1521" count="0" type="stmt"/>
        <line num="1522" count="0" type="stmt"/>
        <line num="1523" count="0" type="stmt"/>
        <line num="1525" count="0" type="stmt"/>
        <line num="1526" count="0" type="stmt"/>
        <line num="1530" count="0" type="stmt"/>
        <line num="1536" count="0" type="stmt"/>
        <line num="1540" count="0" type="stmt"/>
        <line num="1541" count="0" type="stmt"/>
        <line num="1542" count="0" type="stmt"/>
        <line num="1546" count="0" type="stmt"/>
        <line num="1547" count="0" type="stmt"/>
        <line num="1552" count="0" type="stmt"/>
        <line num="1554" count="0" type="cond" truecount="0" falsecount="2"/>
        <line num="1559" count="0" type="stmt"/>
        <line num="1570" count="0" type="stmt"/>
        <line num="1571" count="0" type="stmt"/>
        <line num="1572" count="0" type="stmt"/>
        <line num="1579" count="0" type="cond" truecount="0" falsecount="2"/>
        <line num="1583" count="0" type="stmt"/>
        <line num="1586" count="0" type="stmt"/>
        <line num="1587" count="0" type="stmt"/>
        <line num="1590" count="0" type="stmt"/>
        <line num="1593" count="0" type="stmt"/>
        <line num="1596" count="0" type="stmt"/>
        <line num="1601" count="0" type="stmt"/>
        <line num="1604" count="0" type="cond" truecount="0" falsecount="2"/>
        <line num="1608" count="0" type="stmt"/>
        <line num="1609" count="0" type="stmt"/>
        <line num="1613" count="0" type="stmt"/>
        <line num="1614" count="0" type="stmt"/>
        <line num="1626" count="0" type="cond" truecount="0" falsecount="2"/>
        <line num="1627" count="0" type="stmt"/>
      </file>
      <file name="fonts.ts" path="/Users/bryanhu/Developer/current/private/Quillium/src/lib/settings/fonts.ts">
        <metrics statements="5" coveredstatements="5" conditionals="0" coveredconditionals="0" methods="4" coveredmethods="4"/>
        <line num="40" count="1" type="stmt"/>
        <line num="202" count="13" type="stmt"/>
        <line num="205" count="13" type="stmt"/>
        <line num="208" count="13" type="stmt"/>
        <line num="211" count="13" type="stmt"/>
      </file>
    </package>
    <package name="src.lib.stats">
      <metrics statements="34" coveredstatements="34" conditionals="22" coveredconditionals="20" methods="15" coveredmethods="15"/>
      <file name="compute.ts" path="/Users/bryanhu/Developer/current/private/Quillium/src/lib/stats/compute.ts">
        <metrics statements="34" coveredstatements="34" conditionals="22" coveredconditionals="20" methods="15" coveredmethods="15"/>
        <line num="14" count="13" type="stmt"/>
        <line num="15" count="13" type="cond" truecount="1" falsecount="1"/>
        <line num="18" count="13" type="stmt"/>
        <line num="19" count="13" type="cond" truecount="1" falsecount="1"/>
        <line num="22" count="13" type="cond" truecount="4" falsecount="0"/>
        <line num="23" count="4" type="stmt"/>
        <line num="26" count="13" type="stmt"/>
        <line num="30" count="14" type="stmt"/>
        <line num="34" count="3" type="cond" truecount="2" falsecount="0"/>
        <line num="37" count="2" type="stmt"/>
        <line num="39" count="5" type="stmt"/>
        <line num="40" count="5" type="stmt"/>
        <line num="42" count="2" type="stmt"/>
        <line num="46" count="3" type="cond" truecount="2" falsecount="0"/>
        <line num="48" count="2" type="stmt"/>
        <line num="50" count="3" type="stmt"/>
        <line num="51" count="3" type="stmt"/>
        <line num="53" count="2" type="stmt"/>
        <line num="57" count="3" type="stmt"/>
        <line num="61" count="4" type="stmt"/>
        <line num="65" count="3" type="stmt"/>
        <line num="66" count="3" type="stmt"/>
        <line num="67" count="3" type="stmt"/>
        <line num="68" count="3" type="stmt"/>
        <line num="69" count="3" type="stmt"/>
        <line num="71" count="3" type="stmt"/>
        <line num="73" count="3" type="cond" truecount="2" falsecount="0"/>
        <line num="75" count="13" type="stmt"/>
        <line num="76" count="3" type="cond" truecount="2" falsecount="0"/>
        <line num="78" count="13" type="stmt"/>
        <line num="80" count="3" type="cond" truecount="2" falsecount="0"/>
        <line num="83" count="13" type="stmt"/>
        <line num="85" count="3" type="cond" truecount="4" falsecount="0"/>
        <line num="91" count="3" type="stmt"/>
      </file>
    </package>
    <package name="src.lib.tutorial">
      <metrics statements="1" coveredstatements="1" conditionals="0" coveredconditionals="0" methods="0" coveredmethods="0"/>
      <file name="steps.ts" path="/Users/bryanhu/Developer/current/private/Quillium/src/lib/tutorial/steps.ts">
        <metrics statements="1" coveredstatements="1" conditionals="0" coveredconditionals="0" methods="0" coveredmethods="0"/>
        <line num="28" count="1" type="stmt"/>
      </file>
    </package>
    <package name="src.lib.ui">
      <metrics statements="27" coveredstatements="0" conditionals="6" coveredconditionals="0" methods="18" coveredmethods="0"/>
      <file name="Kbd.svelte" path="/Users/bryanhu/Developer/current/private/Quillium/src/lib/ui/Kbd.svelte">
        <metrics statements="11" coveredstatements="0" conditionals="4" coveredconditionals="0" methods="10" coveredmethods="0"/>
        <line num="23" count="0" type="stmt"/>
        <line num="25" count="0" type="cond" truecount="0" falsecount="2"/>
        <line num="27" count="0" type="stmt"/>
        <line num="29" count="0" type="stmt"/>
        <line num="37" count="0" type="stmt"/>
        <line num="48" count="0" type="cond" truecount="0" falsecount="2"/>
        <line num="51" count="0" type="stmt"/>
        <line num="53" count="0" type="stmt"/>
        <line num="54" count="0" type="stmt"/>
        <line num="55" count="0" type="stmt"/>
        <line num="57" count="0" type="stmt"/>
      </file>
      <file name="PrivacyNudgeToast.svelte" path="/Users/bryanhu/Developer/current/private/Quillium/src/lib/ui/PrivacyNudgeToast.svelte">
        <metrics statements="16" coveredstatements="0" conditionals="2" coveredconditionals="0" methods="8" coveredmethods="0"/>
        <line num="12" count="0" type="stmt"/>
        <line num="15" count="0" type="stmt"/>
        <line num="16" count="0" type="stmt"/>
        <line num="17" count="0" type="stmt"/>
        <line num="22" count="0" type="stmt"/>
        <line num="27" count="0" type="stmt"/>
        <line num="28" count="0" type="stmt"/>
        <line num="29" count="0" type="stmt"/>
        <line num="37" count="0" type="stmt"/>
        <line num="39" count="0" type="stmt"/>
        <line num="42" count="0" type="stmt"/>
        <line num="47" count="0" type="cond" truecount="0" falsecount="2"/>
        <line num="48" count="0" type="stmt"/>
        <line num="50" count="0" type="stmt"/>
        <line num="59" count="0" type="stmt"/>
        <line num="65" count="0" type="stmt"/>
      </file>
    </package>
    <package name="src.lib.updater">
      <metrics statements="48" coveredstatements="43" conditionals="60" coveredconditionals="49" methods="8" coveredmethods="8"/>
      <file name="errors.ts" path="/Users/bryanhu/Developer/current/private/Quillium/src/lib/updater/errors.ts">
        <metrics statements="13" coveredstatements="11" conditionals="20" coveredconditionals="18" methods="2" coveredmethods="2"/>
        <line num="2" count="9" type="cond" truecount="2" falsecount="0"/>
        <line num="3" count="3" type="cond" truecount="3" falsecount="1"/>
        <line num="4" count="1" type="cond" truecount="3" falsecount="1"/>
        <line num="5" count="1" type="stmt"/>
        <line num="6" count="1" type="stmt"/>
        <line num="8" count="0" type="stmt"/>
        <line num="11" count="0" type="stmt"/>
        <line num="15" count="5" type="stmt"/>
        <line num="16" count="5" type="cond" truecount="2" falsecount="0"/>
        <line num="17" count="5" type="stmt"/>
        <line num="18" count="5" type="cond" truecount="2" falsecount="0"/>
        <line num="19" count="5" type="cond" truecount="2" falsecount="0"/>
        <line num="21" count="5" type="cond" truecount="4" falsecount="0"/>
      </file>
      <file name="schedule.ts" path="/Users/bryanhu/Developer/current/private/Quillium/src/lib/updater/schedule.ts">
        <metrics statements="35" coveredstatements="32" conditionals="40" coveredconditionals="31" methods="6" coveredmethods="6"/>
        <line num="3" count="1" type="stmt"/>
        <line num="4" count="1" type="stmt"/>
        <line num="7" count="7" type="stmt"/>
        <line num="8" count="7" type="stmt"/>
        <line num="9" count="7" type="cond" truecount="2" falsecount="0"/>
        <line num="10" count="3" type="stmt"/>
        <line num="11" count="3" type="cond" truecount="3" falsecount="1"/>
        <line num="13" count="0" type="stmt"/>
        <line num="18" count="3" type="stmt"/>
        <line num="19" count="3" type="cond" truecount="2" falsecount="0"/>
        <line num="20" count="2" type="cond" truecount="2" falsecount="0"/>
        <line num="22" count="1" type="stmt"/>
        <line num="23" count="1" type="stmt"/>
        <line num="25" count="1" type="stmt"/>
        <line num="29" count="4" type="cond" truecount="3" falsecount="1"/>
        <line num="31" count="4" type="stmt"/>
        <line num="32" count="4" type="cond" truecount="2" falsecount="0"/>
        <line num="33" count="4" type="stmt"/>
        <line num="34" count="4" type="stmt"/>
        <line num="39" count="1" type="stmt"/>
        <line num="40" count="1" type="cond" truecount="3" falsecount="1"/>
        <line num="41" count="1" type="cond" truecount="1" falsecount="1"/>
        <line num="45" count="4" type="stmt"/>
        <line num="46" count="4" type="stmt"/>
        <line num="47" count="4" type="cond" truecount="2" falsecount="0"/>
        <line num="48" count="4" type="cond" truecount="4" falsecount="0"/>
        <line num="50" count="3" type="stmt"/>
        <line num="51" count="3" type="cond" truecount="2" falsecount="0"/>
        <line num="52" count="1" type="stmt"/>
        <line num="55" count="2" type="stmt"/>
        <line num="56" count="2" type="cond" truecount="1" falsecount="1"/>
        <line num="57" count="0" type="stmt"/>
        <line num="58" count="0" type="cond" truecount="0" falsecount="4"/>
        <line num="61" count="2" type="stmt"/>
        <line num="65" count="1" type="stmt"/>
      </file>
    </package>
    <package name="tests.helpers">
      <metrics statements="125" coveredstatements="104" conditionals="36" coveredconditionals="22" methods="47" coveredmethods="42"/>
      <file name="EditorHarness.ts" path="/Users/bryanhu/Developer/current/private/Quillium/tests/helpers/EditorHarness.ts">
        <metrics statements="125" coveredstatements="104" conditionals="36" coveredconditionals="22" methods="47" coveredmethods="42"/>
        <line num="49" count="2622" type="stmt"/>
        <line num="53" count="2622" type="stmt"/>
        <line num="54" count="2622" type="stmt"/>
        <line num="55" count="2622" type="stmt"/>
        <line num="60" count="2622" type="stmt"/>
        <line num="65" count="2634" type="stmt"/>
        <line num="66" count="2634" type="stmt"/>
        <line num="73" count="32335" type="stmt"/>
        <line num="78" count="60782" type="stmt"/>
        <line num="83" count="25227" type="stmt"/>
        <line num="84" count="25227" type="cond" truecount="1" falsecount="1"/>
        <line num="85" count="25227" type="stmt"/>
        <line num="90" count="3" type="stmt"/>
        <line num="95" count="8783" type="stmt"/>
        <line num="96" count="10343" type="stmt"/>
        <line num="97" count="6422" type="stmt"/>
        <line num="102" count="8101" type="stmt"/>
        <line num="103" count="8101" type="cond" truecount="1" falsecount="1"/>
        <line num="104" count="0" type="stmt"/>
        <line num="106" count="8101" type="stmt"/>
        <line num="111" count="8109" type="stmt"/>
        <line num="112" count="8109" type="cond" truecount="1" falsecount="1"/>
        <line num="113" count="0" type="stmt"/>
        <line num="115" count="8109" type="stmt"/>
        <line num="120" count="0" type="stmt"/>
        <line num="121" count="0" type="cond" truecount="0" falsecount="2"/>
        <line num="122" count="0" type="stmt"/>
        <line num="124" count="0" type="stmt"/>
        <line num="129" count="3" type="stmt"/>
        <line num="130" count="3" type="cond" truecount="1" falsecount="1"/>
        <line num="131" count="0" type="stmt"/>
        <line num="133" count="3" type="stmt"/>
        <line num="138" count="0" type="stmt"/>
        <line num="139" count="0" type="cond" truecount="0" falsecount="2"/>
        <line num="140" count="0" type="stmt"/>
        <line num="142" count="0" type="stmt"/>
        <line num="147" count="208" type="stmt"/>
        <line num="148" count="208" type="cond" truecount="1" falsecount="1"/>
        <line num="149" count="0" type="stmt"/>
        <line num="151" count="208" type="stmt"/>
        <line num="152" count="208" type="cond" truecount="1" falsecount="1"/>
        <line num="153" count="208" type="stmt"/>
        <line num="158" count="22" type="stmt"/>
        <line num="159" count="22" type="stmt"/>
        <line num="164" count="1" type="stmt"/>
        <line num="168" count="26027" type="stmt"/>
        <line num="172" count="24027" type="stmt"/>
        <line num="179" count="2956" type="stmt"/>
        <line num="180" count="2956" type="stmt"/>
        <line num="185" count="1338" type="stmt"/>
        <line num="186" count="1338" type="stmt"/>
        <line num="191" count="624" type="stmt"/>
        <line num="192" count="624" type="stmt"/>
        <line num="197" count="0" type="stmt"/>
        <line num="200" count="0" type="stmt"/>
        <line num="217" count="3157" type="stmt"/>
        <line num="219" count="3165" type="stmt"/>
        <line num="220" count="3157" type="cond" truecount="1" falsecount="1"/>
        <line num="221" count="3157" type="stmt"/>
        <line num="226" count="3157" type="stmt"/>
        <line num="229" count="3157" type="stmt"/>
        <line num="236" count="777" type="stmt"/>
        <line num="241" count="777" type="stmt"/>
        <line num="242" count="777" type="stmt"/>
        <line num="253" count="1195" type="stmt"/>
        <line num="261" count="1195" type="stmt"/>
        <line num="262" count="1195" type="stmt"/>
        <line num="267" count="452" type="stmt"/>
        <line num="268" count="452" type="stmt"/>
        <line num="271" count="452" type="stmt"/>
        <line num="281" count="4240" type="stmt"/>
        <line num="282" count="4240" type="cond" truecount="1" falsecount="1"/>
        <line num="283" count="0" type="stmt"/>
        <line num="285" count="4240" type="stmt"/>
        <line num="286" count="4240" type="stmt"/>
        <line num="291" count="4240" type="stmt"/>
        <line num="296" count="3554" type="stmt"/>
        <line num="301" count="406" type="stmt"/>
        <line num="308" count="306" type="stmt"/>
        <line num="309" count="306" type="stmt"/>
        <line num="310" count="306" type="stmt"/>
        <line num="317" count="6" type="stmt"/>
        <line num="318" count="6" type="stmt"/>
        <line num="319" count="6" type="stmt"/>
        <line num="322" count="6" type="stmt"/>
        <line num="329" count="105" type="stmt"/>
        <line num="334" count="105" type="stmt"/>
        <line num="335" count="105" type="stmt"/>
        <line num="340" count="0" type="stmt"/>
        <line num="341" count="0" type="stmt"/>
        <line num="346" count="626" type="stmt"/>
        <line num="347" count="626" type="stmt"/>
        <line num="348" count="626" type="stmt"/>
        <line num="353" count="103" type="stmt"/>
        <line num="358" count="103" type="stmt"/>
        <line num="359" count="103" type="stmt"/>
        <line num="365" count="6244" type="stmt"/>
        <line num="366" count="6244" type="stmt"/>
        <line num="370" count="3482" type="stmt"/>
        <line num="371" count="3482" type="stmt"/>
        <line num="376" count="3" type="stmt"/>
        <line num="377" count="1" type="stmt"/>
        <line num="382" count="0" type="stmt"/>
        <line num="383" count="0" type="stmt"/>
        <line num="390" count="1" type="stmt"/>
        <line num="393" count="1" type="stmt"/>
        <line num="398" count="1" type="stmt"/>
        <line num="401" count="1" type="stmt"/>
        <line num="412" count="31" type="stmt"/>
        <line num="413" count="37" type="cond" truecount="2" falsecount="0"/>
        <line num="414" count="34" type="stmt"/>
        <line num="417" count="34" type="stmt"/>
        <line num="418" count="34" type="cond" truecount="1" falsecount="1"/>
        <line num="419" count="0" type="stmt"/>
        <line num="425" count="31" type="stmt"/>
        <line num="432" count="31" type="stmt"/>
        <line num="433" count="31" type="stmt"/>
        <line num="434" count="37" type="stmt"/>
        <line num="435" count="37" type="stmt"/>
        <line num="436" count="37" type="cond" truecount="4" falsecount="1"/>
        <line num="437" count="0" type="stmt"/>
        <line num="442" count="31" type="stmt"/>
        <line num="449" count="31" type="stmt"/>
        <line num="450" count="31" type="stmt"/>
        <line num="451" count="31" type="stmt"/>
      </file>
    </package>
  </project>
</coverage>
