TN:
SF:src/lib/changelog.json
FNF:0
FNH:0
LF:0
LH:0
BRF:0
BRH:0
end_of_record
TN:
SF:src/lib/constants.ts
FNF:0
FNH:0
DA:7,34
DA:14,34
DA:16,34
DA:20,34
LF:4
LH:4
BRF:0
BRH:0
end_of_record
TN:
SF:src/lib/errorGuard.ts
FN:67,writeBackup
FN:100,readBackup
FN:110,clearBackup
FN:124,isSuspiciousDeletion
FN:151,isSuspiciousAnnotationChange
FN:163,countNestedAnnotations
FN:178,isDeepAnnotationLoss
FN:222,saveEmergencyBackup
FN:240,saveEmergencySnapshot
FN:248,(anonymous_9)
FNF:10
FNH:8
FNDA:5,writeBackup
FNDA:7,readBackup
FNDA:1,clearBackup
FNDA:12,isSuspiciousDeletion
FNDA:16,isSuspiciousAnnotationChange
FNDA:1,countNestedAnnotations
FNDA:16,isDeepAnnotationLoss
FNDA:6,saveEmergencyBackup
FNDA:0,saveEmergencySnapshot
FNDA:0,(anonymous_9)
DA:52,11
DA:59,11
DA:65,11
DA:68,5
DA:69,5
DA:70,5
DA:73,3
DA:82,3
DA:83,14
DA:84,11
DA:85,11
DA:90,11
DA:91,11
DA:93,9
DA:96,1
DA:101,7
DA:102,7
DA:103,7
DA:104,4
DA:106,0
DA:111,1
DA:112,1
DA:125,12
DA:126,12
DA:127,4
DA:128,3
DA:135,11
DA:142,11
DA:152,16
DA:153,16
DA:154,3
DA:155,2
DA:164,1
DA:165,1
DA:166,1
DA:182,16
DA:184,9
DA:186,5
DA:188,4
DA:189,4
DA:191,4
DA:192,5
DA:193,5
DA:194,4
DA:195,4
DA:198,4
DA:199,7
DA:200,7
DA:201,7
DA:202,1
DA:203,1
DA:204,1
DA:205,1
DA:210,3
DA:212,14
DA:223,6
DA:224,6
DA:225,6
DA:227,5
DA:241,0
DA:242,0
DA:243,0
DA:244,0
DA:246,0
DA:247,0
DA:248,0
DA:249,0
DA:250,0
DA:258,11
DA:259,11
LF:70
LH:60
BRDA:83,0,0,3
BRDA:83,0,1,11
BRDA:103,1,0,3
BRDA:103,1,1,4
BRDA:126,2,0,8
BRDA:126,2,1,4
BRDA:127,3,0,1
BRDA:127,3,1,3
BRDA:153,4,0,13
BRDA:153,4,1,3
BRDA:154,5,0,1
BRDA:154,5,1,2
BRDA:165,6,0,0
BRDA:165,6,1,1
BRDA:165,7,0,1
BRDA:165,7,1,1
BRDA:184,8,0,4
BRDA:184,8,1,5
BRDA:186,9,0,1
BRDA:186,9,1,4
BRDA:193,10,0,1
BRDA:193,10,1,4
BRDA:193,11,0,5
BRDA:193,11,1,4
BRDA:199,12,0,0
BRDA:199,12,1,7
BRDA:199,13,0,7
BRDA:199,13,1,7
BRDA:201,14,0,6
BRDA:201,14,1,1
BRDA:203,15,0,0
BRDA:203,15,1,1
BRDA:205,16,0,1
BRDA:205,16,1,0
BRDA:210,17,0,1
BRDA:210,17,1,2
BRDA:225,18,0,1
BRDA:225,18,1,5
BRDA:244,19,0,0
BRDA:244,19,1,0
BRDA:244,20,0,0
BRDA:244,20,1,0
BRDA:250,21,0,0
BRDA:250,21,1,0
BRF:44
BRH:34
end_of_record
TN:
SF:src/lib/export.ts
FN:51,saveWithDialog
FN:75,savePdfWithDialog
FN:85,sanitizeFilename
FN:89,annotationRange
FN:94,buildPlainText
FN:98,buildJSON
FN:111,buildAnnotationsJSON
FN:115,(anonymous_7)
FN:134,(anonymous_8)
FN:145,buildPlainTextWithAnnotations
FN:152,buildMarkdown
FN:161,(anonymous_11)
FN:173,(anonymous_12)
FN:176,(anonymous_13)
FN:179,(anonymous_14)
FN:219,pdfActiveVersionIndex
FN:222,(anonymous_16)
FN:228,annotationRangeLike
FN:236,threadLines
FN:237,(anonymous_19)
FN:240,nestedVersionAnnotations
FN:248,sortPdfAnnotations
FN:250,(anonymous_22)
FN:254,buildPdfVersionCard
FN:270,buildPdfAnnotationCard
FN:285,(anonymous_25)
FN:305,(anonymous_26)
FN:312,buildPdfAnnotationCards
FN:316,(anonymous_28)
FN:321,buildPdfAnnotations
FN:328,buildPdfPayload
FN:338,(anonymous_31)
FN:339,(anonymous_32)
FN:353,buildContent
FN:367,exportDocument
FN:387,exportDocumentById
FNF:36
FNH:33
FNDA:16,saveWithDialog
FNDA:5,savePdfWithDialog
FNDA:21,sanitizeFilename
FNDA:9,annotationRange
FNDA:3,buildPlainText
FNDA:5,buildJSON
FNDA:8,buildAnnotationsJSON
FNDA:5,(anonymous_7)
FNDA:4,(anonymous_8)
FNDA:3,buildPlainTextWithAnnotations
FNDA:5,buildMarkdown
FNDA:0,(anonymous_11)
FNDA:1,(anonymous_12)
FNDA:1,(anonymous_13)
FNDA:2,(anonymous_14)
FNDA:1,pdfActiveVersionIndex
FNDA:1,(anonymous_16)
FNDA:3,annotationRangeLike
FNDA:3,threadLines
FNDA:3,(anonymous_19)
FNDA:1,nestedVersionAnnotations
FNDA:3,sortPdfAnnotations
FNDA:0,(anonymous_22)
FNDA:1,buildPdfVersionCard
FNDA:3,buildPdfAnnotationCard
FNDA:0,(anonymous_25)
FNDA:1,(anonymous_26)
FNDA:3,buildPdfAnnotationCards
FNDA:3,(anonymous_28)
FNDA:2,buildPdfAnnotations
FNDA:5,buildPdfPayload
FNDA:5,(anonymous_31)
FNDA:5,(anonymous_32)
FNDA:16,buildContent
FNDA:20,exportDocument
FNDA:1,exportDocumentById
DA:57,16
DA:66,16
DA:70,16
DA:71,16
DA:72,16
DA:76,5
DA:80,5
DA:81,5
DA:82,5
DA:86,21
DA:90,9
DA:91,9
DA:95,3
DA:99,5
DA:112,8
DA:113,8
DA:115,8
DA:116,5
DA:117,5
DA:118,5
DA:127,5
DA:128,1
DA:130,4
DA:131,2
DA:134,4
DA:141,2
DA:146,3
DA:147,3
DA:148,3
DA:149,2
DA:153,5
DA:154,5
DA:155,5
DA:157,5
DA:161,4
DA:163,4
DA:164,4
DA:166,4
DA:167,4
DA:168,4
DA:169,4
DA:172,4
DA:173,2
DA:174,2
DA:175,2
DA:176,1
DA:177,1
DA:178,1
DA:179,1
DA:180,2
DA:181,2
DA:182,2
DA:184,1
DA:186,0
DA:190,4
DA:191,4
DA:194,4
DA:195,4
DA:198,4
DA:220,1
DA:221,1
DA:222,1
DA:223,1
DA:225,0
DA:229,3
DA:230,3
DA:237,3
DA:241,1
DA:244,1
DA:245,1
DA:249,3
DA:250,0
DA:259,1
DA:260,1
DA:262,1
DA:275,3
DA:276,3
DA:277,3
DA:278,3
DA:280,3
DA:281,0
DA:282,0
DA:283,0
DA:284,0
DA:286,0
DA:294,3
DA:295,3
DA:298,3
DA:306,1
DA:316,3
DA:317,3
DA:322,2
DA:333,5
DA:338,5
DA:339,5
DA:344,1
DA:354,16
DA:356,3
DA:358,5
DA:360,5
DA:362,3
DA:368,20
DA:369,20
DA:371,20
DA:381,16
DA:382,20
DA:388,1
DA:389,1
DA:390,1
DA:391,1
DA:392,1
DA:394,1
DA:395,1
DA:397,1
DA:399,1
DA:401,1
DA:402,0
DA:403,0
DA:409,0
DA:412,1
DA:415,1
DA:416,0
DA:419,1
DA:420,1
DA:422,1
DA:432,0
DA:433,1
LF:127
LH:114
BRDA:57,0,0,6
BRDA:57,0,1,10
BRDA:59,1,0,5
BRDA:59,1,1,5
BRDA:61,2,0,5
BRDA:61,2,1,0
BRDA:63,3,0,0
BRDA:63,3,1,0
BRDA:70,4,0,0
BRDA:70,4,1,16
BRDA:80,5,0,0
BRDA:80,5,1,5
BRDA:86,6,0,21
BRDA:86,6,1,0
BRDA:127,7,0,1
BRDA:127,7,1,4
BRDA:130,8,0,2
BRDA:130,8,1,2
BRDA:148,9,0,1
BRDA:148,9,1,2
BRDA:157,10,0,1
BRDA:157,10,1,4
BRDA:172,11,0,2
BRDA:172,11,1,2
BRDA:174,12,0,1
BRDA:174,12,1,1
BRDA:175,13,0,1
BRDA:175,13,1,1
BRDA:178,14,0,1
BRDA:178,14,1,0
BRDA:180,15,0,0
BRDA:180,15,1,2
BRDA:181,16,0,1
BRDA:181,16,1,1
BRDA:194,17,0,4
BRDA:194,17,1,0
BRDA:220,18,0,1
BRDA:220,18,1,0
BRDA:221,19,0,1
BRDA:221,19,1,0
BRDA:223,20,0,1
BRDA:223,20,1,0
BRDA:225,21,0,0
BRDA:225,21,1,0
BRDA:244,22,0,0
BRDA:244,22,1,1
BRDA:259,23,0,0
BRDA:259,23,1,1
BRDA:260,24,0,1
BRDA:260,24,1,0
BRDA:265,25,0,1
BRDA:265,25,1,0
BRDA:280,26,0,0
BRDA:280,26,1,3
BRDA:281,27,0,0
BRDA:281,27,1,0
BRDA:282,28,0,0
BRDA:282,28,1,0
BRDA:286,29,0,0
BRDA:286,29,1,0
BRDA:294,30,0,3
BRDA:294,30,1,0
BRDA:304,31,0,1
BRDA:304,31,1,2
BRDA:305,32,0,1
BRDA:305,32,1,0
BRDA:340,33,0,2
BRDA:340,33,1,3
BRDA:354,34,0,3
BRDA:354,34,1,5
BRDA:354,34,2,5
BRDA:354,34,3,3
BRDA:368,35,0,20
BRDA:368,35,1,1
BRDA:371,36,0,4
BRDA:371,36,1,16
BRDA:371,37,0,20
BRDA:371,37,1,18
BRDA:381,38,0,20
BRDA:381,38,1,-4
BRDA:395,39,0,0
BRDA:395,39,1,1
BRDA:401,40,0,0
BRDA:401,40,1,1
BRDA:401,41,0,1
BRDA:401,41,1,0
BRDA:415,42,0,0
BRDA:415,42,1,1
BRDA:419,43,0,1
BRDA:419,43,1,0
BRDA:422,44,0,1
BRDA:422,44,1,0
BRDA:422,45,0,1
BRDA:422,45,1,0
BRDA:432,46,0,1
BRDA:432,46,1,-1
BRF:96
BRH:60
end_of_record
TN:
SF:src/lib/navigation.ts
FN:7,flushPending
FN:12,goToLibrary
FN:20,goToHistory
FN:27,goToAuthorship
FN:34,goToEditor
FNF:5
FNH:5
FNDA:3,flushPending
FNDA:1,goToLibrary
FNDA:1,goToHistory
FNDA:1,goToAuthorship
FNDA:2,goToEditor
DA:8,3
DA:9,3
DA:13,1
DA:14,1
DA:15,1
DA:16,1
DA:17,1
DA:21,1
DA:22,1
DA:23,1
DA:24,1
DA:28,1
DA:29,1
DA:30,1
DA:31,1
DA:35,2
DA:36,2
DA:37,2
LF:18
LH:18
BRF:0
BRH:0
end_of_record
TN:
SF:src/lib/posthog.ts
FN:39,patchStylesheetCORS
FN:44,(anonymous_1)
FN:62,initPostHog
FN:106,ensurePostHogForDebug
FN:114,syncAnalyticsOptOut
FN:146,showFeedbackSurvey
FN:178,capture
FN:183,(anonymous_7)
FN:204,generateIncidentCode
FN:221,showPrivacyNudge
FN:231,(anonymous_10)
FN:235,(anonymous_11)
FNF:12
FNH:2
FNDA:0,patchStylesheetCORS
FNDA:0,(anonymous_1)
FNDA:0,initPostHog
FNDA:0,ensurePostHogForDebug
FNDA:0,syncAnalyticsOptOut
FNDA:0,showFeedbackSurvey
FNDA:6,capture
FNDA:12,(anonymous_7)
FNDA:0,generateIncidentCode
FNDA:0,showPrivacyNudge
FNDA:0,(anonymous_10)
FNDA:0,(anonymous_11)
DA:11,34
DA:18,34
DA:40,0
DA:41,0
DA:44,0
DA:45,0
DA:46,0
DA:47,0
DA:52,0
DA:59,34
DA:63,0
DA:64,0
DA:65,0
DA:66,0
DA:77,0
DA:80,0
DA:81,0
DA:84,0
DA:91,34
DA:92,0
DA:94,34
DA:95,34
DA:97,0
DA:107,0
DA:108,0
DA:115,0
DA:116,0
DA:118,0
DA:147,0
DA:148,0
DA:149,0
DA:150,0
DA:152,0
DA:153,0
DA:154,0
DA:155,0
DA:156,0
DA:158,0
DA:159,0
DA:165,0
DA:172,34
DA:179,6
DA:180,1
DA:181,1
DA:183,12
DA:184,5
DA:185,3
DA:186,3
DA:188,2
DA:189,2
DA:190,6
DA:192,2
DA:205,0
DA:206,0
DA:207,0
DA:208,0
DA:210,0
DA:225,0
DA:226,0
DA:232,0
DA:233,0
DA:235,0
DA:238,0
LF:63
LH:18
BRDA:11,0,0,0
BRDA:11,0,1,34
BRDA:41,1,0,0
BRDA:41,1,1,0
BRDA:47,2,0,0
BRDA:47,2,1,0
BRDA:48,3,0,0
BRDA:48,3,1,0
BRDA:48,3,2,0
BRDA:63,4,0,0
BRDA:63,4,1,0
BRDA:80,5,0,0
BRDA:80,5,1,0
BRDA:85,6,0,0
BRDA:85,6,1,0
BRDA:91,7,0,0
BRDA:91,7,1,34
BRDA:91,8,0,34
BRDA:91,8,1,0
BRDA:91,8,2,0
BRDA:94,9,0,34
BRDA:94,9,1,0
BRDA:107,10,0,0
BRDA:107,10,1,0
BRDA:107,11,0,0
BRDA:107,11,1,0
BRDA:107,11,2,0
BRDA:115,12,0,0
BRDA:115,12,1,0
BRDA:147,13,0,0
BRDA:147,13,1,0
BRDA:147,14,0,0
BRDA:147,14,1,0
BRDA:148,15,0,0
BRDA:148,15,1,0
BRDA:149,16,0,0
BRDA:149,16,1,0
BRDA:152,17,0,0
BRDA:152,17,1,0
BRDA:153,18,0,0
BRDA:153,18,1,0
BRDA:179,19,0,1
BRDA:179,19,1,5
BRDA:184,20,0,3
BRDA:184,20,1,2
BRF:45
BRH:8
end_of_record
TN:
SF:src/lib/stores.ts
FN:318,(anonymous_0)
FN:319,(anonymous_1)
FN:323,(anonymous_2)
FN:347,(anonymous_3)
FN:348,(anonymous_4)
FN:350,(anonymous_5)
FN:358,(anonymous_6)
FN:359,(anonymous_7)
FN:360,(anonymous_8)
FN:367,(anonymous_9)
FN:368,(anonymous_10)
FN:369,(anonymous_11)
FN:382,(anonymous_12)
FN:386,(anonymous_13)
FN:388,(anonymous_14)
FN:398,(anonymous_15)
FN:416,(anonymous_16)
FN:417,(anonymous_17)
FN:419,(anonymous_18)
FN:420,(anonymous_19)
FNF:20
FNH:14
FNDA:30,(anonymous_0)
FNDA:30,(anonymous_1)
FNDA:15,(anonymous_2)
FNDA:2,(anonymous_3)
FNDA:2,(anonymous_4)
FNDA:1,(anonymous_5)
FNDA:2,(anonymous_6)
FNDA:2,(anonymous_7)
FNDA:2,(anonymous_8)
FNDA:4,(anonymous_9)
FNDA:4,(anonymous_10)
FNDA:4,(anonymous_11)
FNDA:1,(anonymous_12)
FNDA:0,(anonymous_13)
FNDA:0,(anonymous_14)
FNDA:41,(anonymous_15)
FNDA:0,(anonymous_16)
FNDA:0,(anonymous_17)
FNDA:0,(anonymous_18)
FNDA:0,(anonymous_19)
DA:59,33
DA:70,33
DA:80,33
DA:89,33
DA:102,33
DA:110,33
DA:117,33
DA:125,33
DA:133,33
DA:140,33
DA:147,33
DA:154,33
DA:161,33
DA:169,33
DA:181,33
DA:191,33
DA:197,33
DA:203,33
DA:209,33
DA:263,33
DA:298,33
DA:307,33
DA:314,33
DA:316,33
DA:319,30
DA:322,30
DA:324,15
DA:336,30
DA:337,2
DA:343,2
DA:345,28
DA:348,2
DA:349,2
DA:350,1
DA:351,1
DA:352,1
DA:353,1
DA:356,2
DA:359,2
DA:360,2
DA:361,2
DA:362,2
DA:363,2
DA:365,2
DA:368,4
DA:369,4
DA:370,4
DA:371,4
DA:372,4
DA:374,4
DA:375,4
DA:376,4
DA:377,3
DA:380,3
DA:383,1
DA:384,1
DA:388,0
DA:389,0
DA:390,0
DA:391,0
DA:392,0
DA:393,0
DA:394,0
DA:396,0
DA:399,41
DA:400,41
DA:412,33
DA:414,33
DA:417,0
DA:420,0
DA:421,0
DA:422,0
DA:423,0
LF:73
LH:60
BRDA:324,0,0,15
BRDA:324,0,1,6
BRDA:324,0,2,5
BRDA:324,0,3,0
BRDA:324,0,4,0
BRDA:324,0,5,5
BRDA:324,0,6,2
BRDA:324,0,7,2
BRDA:324,0,8,5
BRDA:324,0,9,3
BRDA:324,0,10,3
BRDA:336,1,0,2
BRDA:336,1,1,28
BRDA:339,2,0,0
BRDA:339,2,1,2
BRDA:340,3,0,0
BRDA:340,3,1,2
BRDA:341,4,0,2
BRDA:341,4,1,0
BRDA:349,5,0,1
BRDA:349,5,1,1
BRDA:376,6,0,1
BRDA:376,6,1,3
BRDA:390,7,0,0
BRDA:390,7,1,0
BRDA:390,8,0,0
BRDA:390,8,1,0
BRF:27
BRH:18
end_of_record
TN:
SF:src/lib/ai/annotationContext.ts
FN:22,clamp
FN:26,rangeDistance
FN:38,rangesOverlap
FN:44,normalizeTextRange
FN:51,selectedRange
FN:68,paragraphBlocks
FN:87,paragraphFocusRange
FN:93,(anonymous_7)
FN:94,(anonymous_8)
FN:107,(anonymous_9)
FN:116,selectionAnnotationFocusRange
FN:129,annotationInFocus
FN:134,annotationTarget
FN:142,annotationNearby
FN:150,toAnnotationContextInput
FN:167,(anonymous_15)
FN:176,(anonymous_16)
FN:183,(anonymous_17)
FN:192,buildAnnotationContextInputs
FN:204,(anonymous_19)
FN:209,(anonymous_20)
FNF:21
FNH:21
FNDA:40,clamp
FNDA:9,rangeDistance
FNDA:14,rangesOverlap
FNDA:5,normalizeTextRange
FNDA:5,selectedRange
FNDA:3,paragraphBlocks
FNDA:3,paragraphFocusRange
FNDA:7,(anonymous_7)
FNDA:7,(anonymous_8)
FNDA:3,(anonymous_9)
FNDA:5,selectionAnnotationFocusRange
FNDA:7,annotationInFocus
FNDA:9,annotationTarget
FNDA:9,annotationNearby
FNDA:9,toAnnotationContextInput
FNDA:8,(anonymous_15)
FNDA:1,(anonymous_16)
FNDA:1,(anonymous_17)
FNDA:5,buildAnnotationContextInputs
FNDA:7,(anonymous_19)
FNDA:9,(anonymous_20)
DA:17,1
DA:18,1
DA:19,1
DA:20,1
DA:23,40
DA:31,9
DA:32,5
DA:33,5
DA:34,2
DA:35,1
DA:39,14
DA:40,14
DA:41,14
DA:45,5
DA:46,2
DA:47,2
DA:48,2
DA:56,5
DA:57,5
DA:59,3
DA:60,5
DA:61,1
DA:62,5
DA:63,0
DA:64,0
DA:65,0
DA:69,3
DA:70,3
DA:72,3
DA:73,10
DA:74,10
DA:76,7
DA:77,7
DA:78,10
DA:79,10
DA:80,10
DA:81,7
DA:84,3
DA:91,3
DA:92,3
DA:93,7
DA:94,7
DA:96,3
DA:98,3
DA:99,3
DA:100,3
DA:101,3
DA:102,3
DA:103,3
DA:104,3
DA:106,3
DA:107,3
DA:110,0
DA:113,3
DA:120,5
DA:121,3
DA:130,7
DA:131,7
DA:135,9
DA:136,9
DA:137,9
DA:138,9
DA:139,9
DA:143,9
DA:144,9
DA:145,9
DA:146,9
DA:147,9
DA:161,9
DA:162,9
DA:167,8
DA:175,9
DA:176,1
DA:182,9
DA:183,1
DA:189,9
DA:199,5
DA:201,5
DA:202,5
DA:203,5
DA:205,7
DA:209,5
DA:210,9
LF:83
LH:79
BRDA:31,0,0,4
BRDA:31,0,1,5
BRDA:33,1,0,3
BRDA:33,1,1,2
BRDA:33,2,0,5
BRDA:33,2,1,4
BRDA:34,3,0,1
BRDA:34,3,1,1
BRDA:41,4,0,14
BRDA:41,4,1,11
BRDA:45,5,0,3
BRDA:45,5,1,2
BRDA:45,6,0,5
BRDA:45,6,1,5
BRDA:48,7,0,2
BRDA:48,7,1,0
BRDA:57,8,0,2
BRDA:57,8,1,3
BRDA:59,9,0,3
BRDA:59,9,1,2
BRDA:60,10,0,2
BRDA:60,10,1,3
BRDA:60,11,0,5
BRDA:60,11,1,3
BRDA:61,12,0,1
BRDA:61,12,1,0
BRDA:62,13,0,1
BRDA:62,13,1,4
BRDA:62,14,0,1
BRDA:62,14,1,0
BRDA:64,15,0,0
BRDA:64,15,1,0
BRDA:74,16,0,3
BRDA:74,16,1,7
BRDA:77,17,0,7
BRDA:77,17,1,7
BRDA:80,18,0,7
BRDA:80,18,1,3
BRDA:81,19,0,0
BRDA:81,19,1,7
BRDA:93,20,0,3
BRDA:93,20,1,4
BRDA:96,21,0,0
BRDA:96,21,1,3
BRDA:106,22,0,0
BRDA:106,22,1,3
BRDA:107,23,0,3
BRDA:107,23,1,3
BRDA:120,24,0,2
BRDA:120,24,1,3
BRDA:122,25,0,3
BRDA:122,25,1,0
BRDA:135,26,0,0
BRDA:135,26,1,9
BRDA:143,27,0,0
BRDA:143,27,1,9
BRDA:175,28,0,1
BRDA:175,28,1,8
BRDA:182,29,0,1
BRDA:182,29,1,8
BRDA:184,30,0,1
BRDA:184,30,1,0
BRDA:194,31,0,5
BRDA:199,32,0,0
BRDA:199,32,1,5
BRDA:203,33,0,3
BRDA:203,33,1,2
BRF:67
BRH:54
end_of_record
TN:
SF:src/lib/ai/clientStreams.ts
FN:153,(anonymous_0)
FN:157,(anonymous_1)
FN:168,buildStream
FN:198,streamChat
FN:218,streamFeedback
FN:242,(anonymous_5)
FN:257,streamRevise
FN:284,(anonymous_7)
FN:302,streamDictionary
FN:334,(anonymous_9)
FN:341,(anonymous_10)
FN:356,generateContext
FN:403,generateCharacterization
FNF:13
FNH:0
FNDA:0,(anonymous_0)
FNDA:0,(anonymous_1)
FNDA:0,buildStream
FNDA:0,streamChat
FNDA:0,streamFeedback
FNDA:0,(anonymous_5)
FNDA:0,streamRevise
FNDA:0,(anonymous_7)
FNDA:0,streamDictionary
FNDA:0,(anonymous_9)
FNDA:0,(anonymous_10)
FNDA:0,generateContext
FNDA:0,generateCharacterization
DA:78,1
DA:93,1
DA:123,1
DA:153,1
DA:157,0
DA:174,0
DA:175,0
DA:176,0
DA:184,0
DA:185,0
DA:192,0
DA:199,0
DA:219,0
DA:242,0
DA:258,0
DA:284,0
DA:306,0
DA:332,1
DA:335,0
DA:342,0
DA:359,0
DA:362,0
DA:363,0
DA:368,0
DA:373,0
DA:380,1
DA:406,0
DA:407,0
DA:424,0
LF:29
LH:6
BRDA:175,0,0,0
BRDA:175,0,1,0
BRDA:187,1,0,0
BRDA:187,1,1,0
BRDA:230,2,0,0
BRDA:230,2,1,0
BRDA:232,3,0,0
BRDA:232,3,1,0
BRDA:275,4,0,0
BRDA:275,4,1,0
BRDA:359,5,0,0
BRDA:359,5,1,0
BRF:12
BRH:0
end_of_record
TN:
SF:src/lib/ai/context.ts
FN:102,writerContextText
FN:106,clipMiddle
FN:120,clipEnd
FN:128,normalizeAnnotation
FN:132,(anonymous_4)
FN:134,(anonymous_5)
FN:139,(anonymous_6)
FN:141,(anonymous_7)
FN:146,(anonymous_8)
FN:148,(anonymous_9)
FN:176,annotationRank
FN:184,compareAnnotations
FN:193,formatAnnotationContextItem
FN:203,(anonymous_13)
FN:212,(anonymous_14)
FN:224,(anonymous_15)
FN:233,buildAnnotationContext
FN:241,(anonymous_17)
FN:266,normalizeTextRange
FN:273,inferSelectedRange
FN:287,selectedRange
FN:298,withOmissionMarkers
FN:304,buildWindowSurroundingText
FN:314,paragraphBlocks
FN:333,rangeOverlapsBlock
FN:338,buildParagraphSurroundingText
FN:344,(anonymous_26)
FN:345,(anonymous_27)
FN:356,(anonymous_28)
FN:368,buildSurroundingText
FN:382,buildAiContextPacket
FN:508,contextPacketToPrompt
FN:557,contextPacketToUserMessage
FN:561,contextScopeLabel
FN:567,contextScopeDetail
FN:591,shouldShowContextSummary
FN:599,getContextAwareActions
FNF:37
FNH:33
FNDA:18,writerContextText
FNDA:18,clipMiddle
FNDA:34,clipEnd
FNDA:11,normalizeAnnotation
FNDA:10,(anonymous_4)
FNDA:10,(anonymous_5)
FNDA:1,(anonymous_6)
FNDA:1,(anonymous_7)
FNDA:0,(anonymous_8)
FNDA:0,(anonymous_9)
FNDA:14,annotationRank
FNDA:7,compareAnnotations
FNDA:13,formatAnnotationContextItem
FNDA:11,(anonymous_13)
FNDA:2,(anonymous_14)
FNDA:0,(anonymous_15)
FNDA:18,buildAnnotationContext
FNDA:11,(anonymous_17)
FNDA:12,normalizeTextRange
FNDA:6,inferSelectedRange
FNDA:12,selectedRange
FNDA:4,withOmissionMarkers
FNDA:1,buildWindowSurroundingText
FNDA:4,paragraphBlocks
FNDA:12,rangeOverlapsBlock
FNDA:4,buildParagraphSurroundingText
FNDA:12,(anonymous_26)
FNDA:12,(anonymous_27)
FNDA:4,(anonymous_28)
FNDA:6,buildSurroundingText
FNDA:18,buildAiContextPacket
FNDA:11,contextPacketToPrompt
FNDA:7,contextPacketToUserMessage
FNDA:1,contextScopeLabel
FNDA:1,contextScopeDetail
FNDA:0,shouldShowContextSummary
FNDA:3,getContextAwareActions
DA:81,4
DA:89,4
DA:90,4
DA:91,4
DA:92,4
DA:93,4
DA:94,4
DA:95,4
DA:96,4
DA:97,4
DA:98,4
DA:99,4
DA:100,4
DA:103,18
DA:107,18
DA:108,18
DA:110,3
DA:111,3
DA:112,3
DA:113,3
DA:114,3
DA:121,34
DA:122,34
DA:123,23
DA:124,0
DA:125,0
DA:129,11
DA:130,11
DA:131,11
DA:132,10
DA:134,10
DA:138,11
DA:139,1
DA:141,1
DA:145,11
DA:146,0
DA:148,0
DA:153,11
DA:160,0
DA:163,11
DA:177,14
DA:185,7
DA:186,7
DA:187,7
DA:188,21
DA:190,0
DA:194,13
DA:197,13
DA:198,13
DA:199,0
DA:201,13
DA:202,11
DA:204,11
DA:207,11
DA:209,13
DA:210,2
DA:213,2
DA:220,13
DA:221,0
DA:225,0
DA:230,13
DA:239,18
DA:241,11
DA:243,18
DA:244,18
DA:246,18
DA:247,11
DA:248,11
DA:252,2
DA:254,9
DA:255,9
DA:258,18
DA:267,12
DA:268,6
DA:269,6
DA:270,6
DA:277,6
DA:278,4
DA:279,4
DA:281,2
DA:282,2
DA:283,2
DA:284,2
DA:292,12
DA:299,4
DA:300,4
DA:301,4
DA:308,1
DA:309,1
DA:310,1
DA:311,1
DA:315,4
DA:316,4
DA:318,4
DA:319,16
DA:320,16
DA:322,12
DA:323,12
DA:324,16
DA:325,16
DA:326,16
DA:327,12
DA:330,4
DA:334,12
DA:335,12
DA:342,4
DA:343,4
DA:344,12
DA:345,12
DA:347,4
DA:349,4
DA:350,4
DA:351,4
DA:352,4
DA:353,4
DA:355,4
DA:356,4
DA:359,1
DA:362,3
DA:373,6
DA:374,6
DA:376,4
DA:397,18
DA:398,18
DA:399,18
DA:400,18
DA:401,18
DA:403,18
DA:406,18
DA:407,18
DA:410,18
DA:414,18
DA:415,18
DA:416,18
DA:421,18
DA:428,18
DA:434,18
DA:509,11
DA:515,1
DA:518,10
DA:520,10
DA:522,9
DA:525,9
DA:528,10
DA:530,1
DA:533,1
DA:536,10
DA:537,4
DA:540,10
DA:542,2
DA:545,2
DA:554,10
DA:558,7
DA:562,1
DA:563,1
DA:564,0
DA:569,1
DA:570,1
DA:571,1
DA:573,0
DA:574,0
DA:576,1
DA:577,1
DA:579,0
DA:581,0
DA:582,0
DA:586,0
DA:592,0
DA:603,3
DA:604,3
DA:605,3
DA:606,3
DA:608,3
DA:609,1
DA:610,0
DA:630,0
DA:631,0
DA:641,1
DA:669,1
DA:670,1
DA:681,2
DA:682,1
DA:683,0
DA:703,0
DA:704,0
DA:714,1
DA:736,1
DA:737,0
DA:748,1
DA:749,1
DA:769,1
DA:770,0
DA:781,0
DA:801,0
DA:802,0
LF:195
LH:167
BRDA:103,0,0,18
BRDA:103,0,1,16
BRDA:107,1,0,0
BRDA:107,1,1,18
BRDA:108,2,0,15
BRDA:108,2,1,3
BRDA:121,3,0,34
BRDA:121,3,1,11
BRDA:122,4,0,11
BRDA:122,4,1,23
BRDA:123,5,0,23
BRDA:123,5,1,0
BRDA:131,6,0,11
BRDA:131,6,1,1
BRDA:135,7,0,10
BRDA:135,7,1,1
BRDA:138,8,0,11
BRDA:138,8,1,10
BRDA:143,9,0,1
BRDA:143,9,1,0
BRDA:145,10,0,11
BRDA:145,10,1,11
BRDA:149,11,0,0
BRDA:149,11,1,0
BRDA:153,12,0,0
BRDA:153,12,1,11
BRDA:154,13,0,11
BRDA:154,13,1,0
BRDA:154,13,2,0
BRDA:154,13,3,0
BRDA:154,13,4,0
BRDA:167,14,0,11
BRDA:167,14,1,11
BRDA:169,15,0,1
BRDA:169,15,1,10
BRDA:170,16,0,0
BRDA:170,16,1,11
BRDA:178,17,0,0
BRDA:178,17,1,14
BRDA:179,18,0,14
BRDA:179,18,1,14
BRDA:188,19,0,7
BRDA:188,19,1,14
BRDA:195,20,0,2
BRDA:195,20,1,11
BRDA:197,21,0,13
BRDA:197,21,1,0
BRDA:198,22,0,0
BRDA:198,22,1,13
BRDA:198,23,0,13
BRDA:198,23,1,0
BRDA:201,24,0,11
BRDA:201,24,1,2
BRDA:204,25,0,10
BRDA:204,25,1,1
BRDA:209,26,0,2
BRDA:209,26,1,11
BRDA:213,27,0,2
BRDA:213,27,1,0
BRDA:220,28,0,0
BRDA:220,28,1,13
BRDA:225,29,0,0
BRDA:225,29,1,0
BRDA:233,30,0,18
BRDA:248,31,0,2
BRDA:248,31,1,9
BRDA:249,32,0,11
BRDA:249,32,1,9
BRDA:249,32,2,5
BRDA:267,33,0,6
BRDA:267,33,1,6
BRDA:267,34,0,12
BRDA:267,34,1,10
BRDA:270,35,0,6
BRDA:270,35,1,0
BRDA:277,36,0,2
BRDA:277,36,1,4
BRDA:277,37,0,6
BRDA:277,37,1,4
BRDA:279,38,0,2
BRDA:279,38,1,2
BRDA:283,39,0,0
BRDA:283,39,1,2
BRDA:293,40,0,12
BRDA:293,40,1,6
BRDA:299,41,0,2
BRDA:299,41,1,2
BRDA:300,42,0,2
BRDA:300,42,1,2
BRDA:320,43,0,4
BRDA:320,43,1,12
BRDA:323,44,0,12
BRDA:323,44,1,12
BRDA:326,45,0,12
BRDA:326,45,1,4
BRDA:327,46,0,0
BRDA:327,46,1,12
BRDA:335,47,0,12
BRDA:335,47,1,8
BRDA:344,48,0,4
BRDA:344,48,1,8
BRDA:347,49,0,0
BRDA:347,49,1,4
BRDA:355,50,0,1
BRDA:355,50,1,3
BRDA:356,51,0,4
BRDA:356,51,1,3
BRDA:374,52,0,2
BRDA:374,52,1,4
BRDA:377,53,0,4
BRDA:377,53,1,1
BRDA:384,54,0,18
BRDA:385,55,0,18
BRDA:401,56,0,6
BRDA:401,56,1,12
BRDA:401,57,0,11
BRDA:401,57,1,1
BRDA:403,58,0,6
BRDA:403,58,1,12
BRDA:407,59,0,6
BRDA:407,59,1,12
BRDA:410,60,0,6
BRDA:410,60,1,12
BRDA:414,61,0,18
BRDA:414,61,1,6
BRDA:414,61,2,2
BRDA:415,62,0,18
BRDA:415,62,1,6
BRDA:415,62,2,5
BRDA:416,63,0,2
BRDA:416,63,1,16
BRDA:417,64,0,1
BRDA:417,64,1,1
BRDA:421,65,0,2
BRDA:421,65,1,16
BRDA:422,66,0,1
BRDA:422,66,1,1
BRDA:425,67,0,3
BRDA:425,67,1,13
BRDA:428,68,0,2
BRDA:428,68,1,16
BRDA:430,69,0,3
BRDA:430,69,1,13
BRDA:443,70,0,6
BRDA:443,70,1,12
BRDA:444,71,0,4
BRDA:444,71,1,14
BRDA:459,72,0,6
BRDA:459,72,1,12
BRDA:462,73,0,6
BRDA:462,73,1,12
BRDA:470,74,0,18
BRDA:470,74,1,16
BRDA:475,75,0,16
BRDA:475,75,1,2
BRDA:476,76,0,3
BRDA:476,76,1,13
BRDA:481,77,0,18
BRDA:481,77,1,16
BRDA:487,78,0,4
BRDA:487,78,1,14
BRDA:488,79,0,1
BRDA:488,79,1,3
BRDA:498,80,0,2
BRDA:498,80,1,16
BRDA:509,81,0,1
BRDA:509,81,1,10
BRDA:510,82,0,11
BRDA:510,82,1,2
BRDA:510,82,2,1
BRDA:510,82,3,1
BRDA:520,83,0,9
BRDA:520,83,1,1
BRDA:522,84,0,2
BRDA:522,84,1,7
BRDA:528,85,0,1
BRDA:528,85,1,9
BRDA:530,86,0,1
BRDA:530,86,1,0
BRDA:536,87,0,4
BRDA:536,87,1,6
BRDA:540,88,0,2
BRDA:540,88,1,8
BRDA:542,89,0,0
BRDA:542,89,1,2
BRDA:562,90,0,0
BRDA:562,90,1,1
BRDA:563,91,0,1
BRDA:563,91,1,0
BRDA:569,92,0,0
BRDA:569,92,1,1
BRDA:570,93,0,1
BRDA:570,93,1,0
BRDA:571,94,0,0
BRDA:571,94,1,1
BRDA:573,95,0,0
BRDA:573,95,1,0
BRDA:576,96,0,1
BRDA:576,96,1,0
BRDA:581,97,0,0
BRDA:581,97,1,0
BRDA:582,98,0,0
BRDA:582,98,1,0
BRDA:586,99,0,0
BRDA:586,99,1,0
BRDA:593,100,0,0
BRDA:593,100,1,0
BRDA:593,100,2,0
BRDA:608,101,0,1
BRDA:608,101,1,2
BRDA:609,102,0,0
BRDA:609,102,1,1
BRDA:630,103,0,0
BRDA:630,103,1,0
BRDA:644,104,0,0
BRDA:644,104,1,1
BRDA:645,105,0,0
BRDA:645,105,1,1
BRDA:648,106,0,0
BRDA:648,106,1,1
BRDA:660,107,0,0
BRDA:660,107,1,1
BRDA:661,108,0,0
BRDA:661,108,1,1
BRDA:664,109,0,0
BRDA:664,109,1,1
BRDA:669,110,0,0
BRDA:669,110,1,1
BRDA:681,111,0,1
BRDA:681,111,1,1
BRDA:682,112,0,0
BRDA:682,112,1,1
BRDA:703,113,0,0
BRDA:703,113,1,0
BRDA:723,114,0,1
BRDA:723,114,1,0
BRDA:724,115,0,1
BRDA:724,115,1,0
BRDA:725,116,0,1
BRDA:725,116,1,0
BRDA:736,117,0,1
BRDA:736,117,1,0
BRDA:748,118,0,1
BRDA:748,118,1,0
BRDA:769,119,0,1
BRDA:769,119,1,0
BRDA:801,120,0,0
BRDA:801,120,1,0
BRF:248
BRH:185
end_of_record
TN:
SF:src/lib/ai/provider.ts
FN:37,createModel
FNF:1
FNH:1
FNDA:5,createModel
DA:43,5
DA:45,1
DA:47,2
DA:52,1
DA:54,1
DA:56,0
LF:6
LH:5
BRDA:43,0,0,1
BRDA:43,0,1,2
BRDA:43,0,2,1
BRDA:43,0,3,1
BRDA:43,0,4,0
BRDA:48,1,0,2
BRDA:48,1,1,1
BRDA:49,2,0,2
BRDA:49,2,1,1
BRF:9
BRH:8
end_of_record
TN:
SF:src/lib/ai/settings.svelte.ts
FN:43,loadDocumentContext
FN:52,saveDocumentContext
FN:59,hasDocumentContext
FN:76,loadPersonaModes
FN:94,personasEnabledFor
FN:98,setPersonasForMode
FN:116,syncAiProcessing
FN:120,beginAiTask
FN:127,endAiTask
FN:133,setAiProcessing
FN:144,useAiChatEffects
FN:147,(anonymous_11)
FN:156,(anonymous_12)
FN:157,(anonymous_13)
FN:173,getAiAbortSignal
FN:178,stopAllAi
FN:189,loadString
FN:194,loadBaseUrl
FN:206,hasApiKey
FN:217,loadApiKeyForProvider
FN:232,ensureApiKeyLoaded
FN:246,resetApiKeyLoadPromise
FN:250,persistBaseUrl
FNF:23
FNH:10
FNDA:2,loadDocumentContext
FNDA:0,saveDocumentContext
FNDA:0,hasDocumentContext
FNDA:2,loadPersonaModes
FNDA:0,personasEnabledFor
FNDA:0,setPersonasForMode
FNDA:8,syncAiProcessing
FNDA:4,beginAiTask
FNDA:2,endAiTask
FNDA:2,setAiProcessing
FNDA:0,useAiChatEffects
FNDA:0,(anonymous_11)
FNDA:0,(anonymous_12)
FNDA:0,(anonymous_13)
FNDA:4,getAiAbortSignal
FNDA:16,stopAllAi
FNDA:4,loadString
FNDA:2,loadBaseUrl
FNDA:0,hasApiKey
FNDA:0,loadApiKeyForProvider
FNDA:0,ensureApiKeyLoaded
FNDA:0,resetApiKeyLoadPromise
FNDA:0,persistBaseUrl
DA:32,2
DA:33,2
DA:34,2
DA:35,2
DA:36,2
DA:37,2
DA:44,2
DA:45,0
DA:46,0
DA:47,0
DA:49,0
DA:53,0
DA:54,0
DA:57,2
DA:60,0
DA:77,2
DA:78,2
DA:79,0
DA:80,0
DA:81,0
DA:82,0
DA:89,0
DA:92,2
DA:95,0
DA:99,0
DA:100,0
DA:101,0
DA:111,2
DA:113,2
DA:114,2
DA:117,8
DA:121,4
DA:122,4
DA:123,4
DA:124,4
DA:128,0
DA:129,2
DA:130,2
DA:134,2
DA:135,2
DA:145,0
DA:147,0
DA:148,0
DA:149,0
DA:150,0
DA:151,0
DA:152,0
DA:156,0
DA:157,0
DA:158,0
DA:159,0
DA:162,0
DA:171,2
DA:174,4
DA:175,4
DA:179,16
DA:180,4
DA:181,4
DA:183,16
DA:184,16
DA:185,16
DA:186,16
DA:190,4
DA:191,0
DA:195,2
DA:196,0
DA:199,2
DA:207,0
DA:208,0
DA:211,0
DA:212,0
DA:214,0
DA:218,0
DA:219,0
DA:220,0
DA:222,0
DA:230,2
DA:233,0
DA:234,0
DA:235,0
DA:237,0
DA:238,0
DA:247,0
DA:251,0
DA:252,0
DA:253,0
DA:255,0
DA:257,0
LF:88
LH:37
BRDA:44,0,0,2
BRDA:44,0,1,0
BRDA:47,1,0,0
BRDA:47,1,1,0
BRDA:53,2,0,0
BRDA:53,2,1,0
BRDA:78,3,0,2
BRDA:78,3,1,0
BRDA:81,4,0,0
BRDA:81,4,1,0
BRDA:84,5,0,0
BRDA:84,5,1,0
BRDA:85,6,0,0
BRDA:85,6,1,0
BRDA:100,7,0,0
BRDA:100,7,1,0
BRDA:117,8,0,8
BRDA:117,8,1,6
BRDA:120,9,0,4
BRDA:128,10,0,0
BRDA:128,10,1,2
BRDA:148,11,0,0
BRDA:148,11,1,0
BRDA:149,12,0,0
BRDA:149,12,1,0
BRDA:149,13,0,0
BRDA:149,13,1,0
BRDA:150,14,0,0
BRDA:150,14,1,0
BRDA:150,15,0,0
BRDA:150,15,1,0
BRDA:158,16,0,0
BRDA:158,16,1,0
BRDA:158,17,0,0
BRDA:158,17,1,0
BRDA:174,18,0,4
BRDA:174,18,1,0
BRDA:179,19,0,4
BRDA:179,19,1,12
BRDA:190,20,0,4
BRDA:190,20,1,0
BRDA:191,21,0,0
BRDA:191,21,1,0
BRDA:195,22,0,2
BRDA:195,22,1,0
BRDA:196,23,0,0
BRDA:196,23,1,0
BRDA:207,24,0,0
BRDA:207,24,1,0
BRDA:208,25,0,0
BRDA:208,25,1,0
BRDA:211,26,0,0
BRDA:211,26,1,0
BRDA:211,27,0,0
BRDA:211,27,1,0
BRDA:220,28,0,0
BRDA:220,28,1,0
BRDA:233,29,0,0
BRDA:233,29,1,0
BRDA:234,30,0,0
BRDA:234,30,1,0
BRDA:234,31,0,0
BRDA:234,31,1,0
BRDA:251,32,0,0
BRDA:251,32,1,0
BRDA:252,33,0,0
BRDA:252,33,1,0
BRF:67
BRH:11
end_of_record
TN:
SF:src/lib/ai/utils.ts
FN:37,renderMarkdown
FN:51,buildDocumentContextPrompt
FN:56,injectDocumentContext
FNF:3
FNH:3
FNDA:12,renderMarkdown
FNDA:6,buildDocumentContextPrompt
FNDA:7,injectDocumentContext
DA:38,12
DA:44,12
DA:45,12
DA:46,12
DA:47,12
DA:52,6
DA:53,3
DA:71,7
DA:79,7
LF:9
LH:9
BRDA:52,0,0,3
BRDA:52,0,1,3
BRDA:62,1,0,7
BRF:3
BRH:3
end_of_record
TN:
SF:src/lib/auth/auth.svelte.ts
FN:23,shouldUseScreenshotAuthMock
FN:31,forceAnonymousOnlineState
FN:40,canReachAuthServer
FN:42,(anonymous_3)
FN:61,fetchCurrentSession
FN:67,loadSessionWithRetries
FN:110,initAuth
FN:128,(anonymous_7)
FN:139,reconnectAuth
FN:158,debugForceAuthOffline
FN:172,signUp
FN:188,signIn
FN:201,signOut
FN:212,signInAnonymously
FN:224,getUser
FN:227,getSession
FN:230,isLoading
FN:233,getConnectionState
FN:236,isOffline
FN:239,isAuthenticated
FN:247,isAnonymous
FN:254,getDisplayName
FN:261,getUserEmail
FN:269,getCurrentUserName
FNF:24
FNH:0
FNDA:0,shouldUseScreenshotAuthMock
FNDA:0,forceAnonymousOnlineState
FNDA:0,canReachAuthServer
FNDA:0,(anonymous_3)
FNDA:0,fetchCurrentSession
FNDA:0,loadSessionWithRetries
FNDA:0,initAuth
FNDA:0,(anonymous_7)
FNDA:0,reconnectAuth
FNDA:0,debugForceAuthOffline
FNDA:0,signUp
FNDA:0,signIn
FNDA:0,signOut
FNDA:0,signInAnonymously
FNDA:0,getUser
FNDA:0,getSession
FNDA:0,isLoading
FNDA:0,getConnectionState
FNDA:0,isOffline
FNDA:0,isAuthenticated
FNDA:0,isAnonymous
FNDA:0,getDisplayName
FNDA:0,getUserEmail
FNDA:0,getCurrentUserName
DA:12,12
DA:13,12
DA:16,12
DA:17,12
DA:18,12
DA:19,12
DA:20,12
DA:21,12
DA:25,0
DA:32,0
DA:33,0
DA:34,0
DA:35,0
DA:36,0
DA:37,0
DA:41,0
DA:42,0
DA:44,0
DA:45,0
DA:52,0
DA:54,0
DA:55,0
DA:57,0
DA:62,0
DA:63,0
DA:64,0
DA:68,0
DA:69,0
DA:71,0
DA:72,0
DA:73,0
DA:74,0
DA:75,0
DA:77,0
DA:78,0
DA:79,0
DA:80,0
DA:81,0
DA:85,0
DA:87,0
DA:88,0
DA:89,0
DA:91,0
DA:92,0
DA:94,0
DA:95,0
DA:97,0
DA:98,0
DA:101,0
DA:102,0
DA:103,0
DA:111,0
DA:112,0
DA:116,0
DA:117,0
DA:119,0
DA:120,0
DA:121,0
DA:125,0
DA:126,0
DA:128,0
DA:129,0
DA:130,0
DA:131,0
DA:132,0
DA:140,0
DA:141,0
DA:142,0
DA:145,0
DA:146,0
DA:147,0
DA:148,0
DA:151,0
DA:152,0
DA:159,0
DA:160,0
DA:161,0
DA:162,0
DA:163,0
DA:164,0
DA:173,0
DA:174,0
DA:181,0
DA:182,0
DA:189,0
DA:190,0
DA:194,0
DA:195,0
DA:202,0
DA:203,0
DA:204,0
DA:213,0
DA:214,0
DA:219,0
DA:220,0
DA:225,0
DA:228,0
DA:231,0
DA:234,0
DA:237,0
DA:240,0
DA:248,0
DA:255,0
DA:262,0
DA:270,0
DA:271,0
DA:273,0
DA:274,0
DA:275,0
DA:276,0
DA:277,0
DA:280,0
LF:112
LH:8
BRDA:25,0,0,0
BRDA:25,0,1,0
BRDA:25,0,2,0
BRDA:52,1,0,0
BRDA:52,1,1,0
BRDA:63,2,0,0
BRDA:63,2,1,0
BRDA:72,3,0,0
BRDA:72,3,1,0
BRDA:74,4,0,0
BRDA:74,4,1,0
BRDA:75,5,0,0
BRDA:75,5,1,0
BRDA:85,6,0,0
BRDA:85,6,1,0
BRDA:89,7,0,0
BRDA:89,7,1,0
BRDA:92,8,0,0
BRDA:92,8,1,0
BRDA:95,9,0,0
BRDA:95,9,1,0
BRDA:111,10,0,0
BRDA:111,10,1,0
BRDA:116,11,0,0
BRDA:116,11,1,0
BRDA:119,12,0,0
BRDA:119,12,1,0
BRDA:130,13,0,0
BRDA:130,13,1,0
BRDA:140,14,0,0
BRDA:140,14,1,0
BRDA:145,15,0,0
BRDA:145,15,1,0
BRDA:159,16,0,0
BRDA:159,16,1,0
BRDA:173,17,0,0
BRDA:173,17,1,0
BRDA:181,18,0,0
BRDA:181,18,1,0
BRDA:189,19,0,0
BRDA:189,19,1,0
BRDA:194,20,0,0
BRDA:194,20,1,0
BRDA:202,21,0,0
BRDA:202,21,1,0
BRDA:204,22,0,0
BRDA:204,22,1,0
BRDA:213,23,0,0
BRDA:213,23,1,0
BRDA:219,24,0,0
BRDA:219,24,1,0
BRDA:255,25,0,0
BRDA:255,25,1,0
BRDA:255,25,2,0
BRDA:262,26,0,0
BRDA:262,26,1,0
BRDA:271,27,0,0
BRDA:271,27,1,0
BRDA:274,28,0,0
BRDA:274,28,1,0
BRDA:276,29,0,0
BRDA:276,29,1,0
BRF:62
BRH:0
end_of_record
TN:
SF:src/lib/auth/avatarUtils.ts
FN:21,normalizeDisplayName
FN:25,initials
FN:30,(anonymous_2)
FN:40,avatarColor
FNF:4
FNH:4
FNDA:13,normalizeDisplayName
FNDA:7,initials
FNDA:11,(anonymous_2)
FNDA:6,avatarColor
DA:12,3
DA:22,13
DA:26,7
DA:27,7
DA:28,5
DA:30,11
DA:41,6
DA:42,6
DA:43,4
DA:44,4
DA:45,48
DA:47,4
LF:12
LH:12
BRDA:27,0,0,2
BRDA:27,0,1,5
BRDA:42,1,0,2
BRDA:42,1,1,4
BRF:4
BRH:4
end_of_record
TN:
SF:src/lib/auth/index.ts
FNF:0
FNH:0
LF:0
LH:0
BRF:0
BRH:0
end_of_record
TN:
SF:src/lib/auth/schemas.ts
FN:29,(anonymous_0)
FNF:1
FNH:1
FNDA:2,(anonymous_0)
DA:6,2
DA:11,2
DA:20,2
DA:29,2
LF:4
LH:4
BRF:0
BRH:0
end_of_record
TN:
SF:src/lib/auth/supabase.ts
FNF:0
FNH:0
DA:11,12
DA:12,12
DA:14,12
DA:16,12
DA:17,0
DA:20,12
LF:6
LH:5
BRDA:14,0,0,12
BRDA:14,0,1,12
BRDA:16,1,0,0
BRDA:16,1,1,12
BRDA:20,2,0,12
BRDA:20,2,1,0
BRF:6
BRH:4
end_of_record
TN:
SF:src/lib/collab/annotationSchema.ts
FN:43,generateAnnotationId
FN:57,codeMirrorToYjsAnnotation
FN:69,(anonymous_2)
FN:77,(anonymous_3)
FN:86,(anonymous_4)
FN:94,(anonymous_5)
FN:123,yjsAnnotationToCodeMirror
FN:186,(anonymous_7)
FN:187,(anonymous_8)
FN:188,(anonymous_9)
FN:196,(anonymous_10)
FN:233,getRawAnnotationField
FN:240,rawAnnotationToCodeMirror
FN:247,codeMirrorAnnotationToRaw
FN:254,syncRawAnnotationsToYjsMap
FN:266,(anonymous_15)
FN:288,syncIntegratedAnnotationSubtrees
FN:302,(anonymous_17)
FN:327,yjsAnnotationMapToRawAnnotations
FN:338,(anonymous_19)
FN:355,(anonymous_20)
FN:365,(anonymous_21)
FN:375,(anonymous_22)
FN:379,(anonymous_23)
FN:383,(anonymous_24)
FN:391,(anonymous_25)
FN:399,(anonymous_26)
FNF:27
FNH:26
FNDA:100,generateAnnotationId
FNDA:56,codeMirrorToYjsAnnotation
FNDA:56,(anonymous_2)
FNDA:13,(anonymous_3)
FNDA:5,(anonymous_4)
FNDA:28,(anonymous_5)
FNDA:51,yjsAnnotationToCodeMirror
FNDA:39,(anonymous_7)
FNDA:39,(anonymous_8)
FNDA:11,(anonymous_9)
FNDA:39,(anonymous_10)
FNDA:46,getRawAnnotationField
FNDA:3,rawAnnotationToCodeMirror
FNDA:2,codeMirrorAnnotationToRaw
FNDA:46,syncRawAnnotationsToYjsMap
FNDA:3,(anonymous_15)
FNDA:3,syncIntegratedAnnotationSubtrees
FNDA:0,(anonymous_17)
FNDA:39,yjsAnnotationMapToRawAnnotations
FNDA:2,(anonymous_19)
FNDA:32,(anonymous_20)
FNDA:41,(anonymous_21)
FNDA:63,(anonymous_22)
FNDA:71,(anonymous_23)
FNDA:4,(anonymous_24)
FNDA:6,(anonymous_25)
FNDA:1,(anonymous_26)
DA:44,100
DA:45,100
DA:46,100
DA:66,56
DA:67,56
DA:69,56
DA:70,56
DA:71,56
DA:72,56
DA:73,56
DA:75,56
DA:76,56
DA:77,13
DA:79,56
DA:81,56
DA:83,56
DA:84,5
DA:85,5
DA:86,5
DA:88,5
DA:89,5
DA:90,4
DA:92,51
DA:93,22
DA:94,22
DA:95,28
DA:96,28
DA:97,28
DA:98,27
DA:100,28
DA:101,28
DA:102,3
DA:104,28
DA:105,28
DA:107,22
DA:110,22
DA:114,56
DA:132,51
DA:133,51
DA:134,51
DA:135,1
DA:136,1
DA:140,50
DA:141,50
DA:143,0
DA:144,0
DA:146,50
DA:147,1
DA:150,49
DA:152,49
DA:154,51
DA:155,51
DA:156,1
DA:157,1
DA:160,48
DA:162,48
DA:163,19
DA:166,29
DA:167,1
DA:169,1
DA:170,1
DA:171,1
DA:180,28
DA:181,28
DA:182,0
DA:183,0
DA:185,28
DA:186,39
DA:187,39
DA:188,11
DA:189,28
DA:190,0
DA:191,0
DA:196,28
DA:197,39
DA:198,39
DA:199,39
DA:200,39
DA:201,39
DA:203,39
DA:206,39
DA:216,28
DA:225,51
DA:234,46
DA:235,46
DA:236,2
DA:237,2
DA:241,3
DA:248,2
DA:265,46
DA:266,46
DA:268,46
DA:269,0
DA:270,0
DA:271,0
DA:272,0
DA:276,46
DA:277,3
DA:278,3
DA:279,3
DA:280,3
DA:281,3
DA:282,3
DA:283,3
DA:284,3
DA:297,3
DA:299,0
DA:300,0
DA:302,0
DA:303,0
DA:304,0
DA:306,0
DA:307,0
DA:309,0
DA:310,0
DA:311,0
DA:312,0
DA:315,0
DA:335,39
DA:336,39
DA:338,39
DA:339,2
DA:340,2
DA:341,2
DA:342,2
DA:345,39
DA:351,133
DA:352,133
DA:353,133
DA:356,32
DA:357,32
DA:358,30
DA:359,30
DA:360,30
DA:362,32
DA:366,41
DA:367,41
DA:368,41
DA:369,41
DA:370,41
DA:372,41
DA:376,63
DA:380,71
DA:384,4
DA:385,4
DA:386,4
DA:387,4
DA:392,6
DA:393,6
DA:394,6
DA:396,6
DA:400,1
DA:401,1
DA:402,1
LF:154
LH:132
BRDA:76,0,0,9
BRDA:76,0,1,47
BRDA:83,1,0,5
BRDA:83,1,1,51
BRDA:85,2,0,5
BRDA:85,2,1,0
BRDA:89,3,0,4
BRDA:89,3,1,1
BRDA:92,4,0,22
BRDA:92,4,1,29
BRDA:97,5,0,27
BRDA:97,5,1,1
BRDA:101,6,0,3
BRDA:101,6,1,25
BRDA:134,7,0,1
BRDA:134,7,1,50
BRDA:134,8,0,51
BRDA:134,8,1,50
BRDA:146,9,0,1
BRDA:146,9,1,49
BRDA:152,10,0,49
BRDA:152,10,1,0
BRDA:155,11,0,1
BRDA:155,11,1,50
BRDA:155,12,0,51
BRDA:155,12,1,30
BRDA:155,12,2,29
BRDA:162,13,0,19
BRDA:162,13,1,29
BRDA:166,14,0,1
BRDA:166,14,1,28
BRDA:169,15,0,1
BRDA:169,15,1,0
BRDA:175,16,0,1
BRDA:175,16,1,0
BRDA:181,17,0,0
BRDA:181,17,1,28
BRDA:189,18,0,0
BRDA:189,18,1,28
BRDA:199,19,0,39
BRDA:199,19,1,0
BRDA:203,20,0,39
BRDA:203,20,1,0
BRDA:203,21,0,39
BRDA:203,21,1,39
BRDA:208,22,0,1
BRDA:208,22,1,38
BRDA:209,23,0,2
BRDA:209,23,1,37
BRDA:209,24,0,39
BRDA:209,24,1,39
BRDA:216,25,0,28
BRDA:216,25,1,0
BRDA:235,26,0,44
BRDA:235,26,1,2
BRDA:237,27,0,2
BRDA:237,27,1,0
BRDA:265,28,0,3
BRDA:265,28,1,43
BRDA:270,29,0,0
BRDA:270,29,1,0
BRDA:270,30,0,0
BRDA:270,30,1,0
BRDA:278,31,0,0
BRDA:278,31,1,3
BRDA:297,32,0,3
BRDA:297,32,1,0
BRDA:300,33,0,0
BRDA:300,33,1,0
BRDA:304,34,0,0
BRDA:304,34,1,0
BRDA:307,35,0,0
BRDA:307,35,1,0
BRDA:310,36,0,0
BRDA:310,36,1,0
BRDA:321,37,0,0
BRDA:321,37,1,0
BRDA:335,38,0,39
BRDA:335,38,1,3
BRDA:341,39,0,0
BRDA:341,39,1,2
BRDA:357,40,0,30
BRDA:357,40,1,2
BRDA:367,41,0,41
BRDA:367,41,1,0
BRDA:386,42,0,4
BRDA:386,42,1,0
BRDA:393,43,0,6
BRDA:393,43,1,0
BRF:89
BRH:59
end_of_record
TN:
SF:src/lib/collab/awareness.ts
FN:109,colorForClient
FN:121,(anonymous_1)
FN:133,(anonymous_2)
FN:137,(anonymous_3)
FN:156,(anonymous_4)
FN:220,createAwarenessExtension
FN:228,(anonymous_6)
FN:229,(anonymous_7)
FN:242,encodePos
FN:249,decodePos
FN:262,getRemoteCursors
FN:288,(anonymous_11)
FN:320,publishPresence
FN:335,(anonymous_13)
FN:353,(anonymous_14)
FN:356,(anonymous_15)
FN:361,serializeAnnotationRef
FN:375,serializeModalEntry
FN:386,modalSignature
FN:390,buildDecorations
FN:396,(anonymous_20)
FN:419,(anonymous_21)
FN:422,(anonymous_22)
FN:424,(anonymous_23)
FN:429,(anonymous_24)
FN:449,(anonymous_25)
FN:450,(anonymous_26)
FN:455,(anonymous_27)
FN:481,(anonymous_28)
FN:483,(anonymous_29)
FN:489,(anonymous_30)
FN:493,(anonymous_31)
FN:508,(anonymous_32)
FN:516,(anonymous_33)
FN:542,(anonymous_34)
FN:559,(anonymous_35)
FN:564,(anonymous_36)
FN:573,(anonymous_37)
FN:575,(anonymous_38)
FN:576,(anonymous_39)
FN:592,(anonymous_40)
FN:608,(anonymous_41)
FN:609,(anonymous_42)
FN:613,(anonymous_43)
FN:614,(anonymous_44)
FN:623,(anonymous_45)
FN:654,(anonymous_46)
FN:672,(anonymous_47)
FN:676,(anonymous_48)
FNF:49
FNH:43
FNDA:5,colorForClient
FNDA:26,(anonymous_1)
FNDA:35,(anonymous_2)
FNDA:10,(anonymous_3)
FNDA:0,(anonymous_4)
FNDA:17,createAwarenessExtension
FNDA:38,(anonymous_6)
FNDA:31,(anonymous_7)
FNDA:44,encodePos
FNDA:48,decodePos
FNDA:77,getRemoteCursors
FNDA:112,(anonymous_11)
FNDA:75,publishPresence
FNDA:88,(anonymous_13)
FNDA:0,(anonymous_14)
FNDA:3,(anonymous_15)
FNDA:68,serializeAnnotationRef
FNDA:2,serializeModalEntry
FNDA:2,modalSignature
FNDA:71,buildDecorations
FNDA:0,(anonymous_20)
FNDA:17,(anonymous_21)
FNDA:76,(anonymous_22)
FNDA:60,(anonymous_23)
FNDA:17,(anonymous_24)
FNDA:17,(anonymous_25)
FNDA:58,(anonymous_26)
FNDA:58,(anonymous_27)
FNDA:19,(anonymous_28)
FNDA:19,(anonymous_29)
FNDA:34,(anonymous_30)
FNDA:17,(anonymous_31)
FNDA:76,(anonymous_32)
FNDA:76,(anonymous_33)
FNDA:22,(anonymous_34)
FNDA:70,(anonymous_35)
FNDA:6,(anonymous_36)
FNDA:68,(anonymous_37)
FNDA:2,(anonymous_38)
FNDA:2,(anonymous_39)
FNDA:70,(anonymous_40)
FNDA:0,(anonymous_41)
FNDA:0,(anonymous_42)
FNDA:1,(anonymous_43)
FNDA:1,(anonymous_44)
FNDA:1,(anonymous_45)
FNDA:0,(anonymous_46)
FNDA:15,(anonymous_47)
FNDA:17,(anonymous_48)
DA:94,11
DA:110,5
DA:111,5
DA:112,37
DA:113,37
DA:115,5
DA:122,26
DA:123,26
DA:128,26
DA:130,26
DA:134,35
DA:138,10
DA:139,10
DA:140,10
DA:143,10
DA:144,10
DA:145,10
DA:147,10
DA:148,10
DA:150,10
DA:151,10
DA:153,10
DA:157,0
DA:163,11
DA:218,11
DA:227,17
DA:228,38
DA:229,31
DA:230,17
DA:231,17
DA:234,17
DA:243,44
DA:244,44
DA:250,48
DA:251,48
DA:252,48
DA:253,48
DA:254,48
DA:255,48
DA:256,48
DA:258,0
DA:269,77
DA:270,77
DA:271,77
DA:277,77
DA:288,77
DA:289,112
DA:291,35
DA:292,35
DA:293,35
DA:297,35
DA:298,35
DA:300,35
DA:301,35
DA:303,32
DA:304,32
DA:305,112
DA:306,112
DA:307,32
DA:317,77
DA:321,75
DA:322,75
DA:323,75
DA:324,75
DA:335,75
DA:336,88
DA:337,13
DA:338,13
DA:339,13
DA:340,88
DA:341,88
DA:342,88
DA:343,13
DA:353,75
DA:354,75
DA:355,75
DA:356,75
DA:357,0
DA:364,68
DA:365,0
DA:366,0
DA:367,0
DA:368,0
DA:369,0
DA:370,0
DA:372,0
DA:379,2
DA:380,2
DA:381,0
DA:382,0
DA:383,0
DA:387,2
DA:391,71
DA:393,71
DA:396,26
DA:398,26
DA:399,26
DA:400,26
DA:410,26
DA:418,17
DA:420,17
DA:424,76
DA:425,54
DA:427,22
DA:429,17
DA:433,17
DA:436,17
DA:437,17
DA:438,17
DA:439,17
DA:443,17
DA:444,17
DA:447,17
DA:449,17
DA:450,17
DA:451,58
DA:452,58
DA:453,58
DA:454,58
DA:455,58
DA:456,58
DA:457,51
DA:460,51
DA:461,51
DA:466,58
DA:467,43
DA:469,15
DA:478,17
DA:479,17
DA:481,17
DA:482,19
DA:483,19
DA:484,19
DA:485,19
DA:489,17
DA:490,34
DA:491,34
DA:493,17
DA:494,17
DA:495,17
DA:497,17
DA:500,17
DA:501,16
DA:509,76
DA:510,76
DA:515,76
DA:516,76
DA:518,76
DA:523,75
DA:524,6
DA:525,6
DA:527,6
DA:532,6
DA:533,6
DA:534,6
DA:538,76
DA:543,22
DA:544,22
DA:545,22
DA:546,22
DA:548,22
DA:549,22
DA:550,22
DA:555,22
DA:560,70
DA:561,70
DA:563,6
DA:564,6
DA:566,6
DA:568,6
DA:574,68
DA:575,2
DA:576,2
DA:577,68
DA:581,68
DA:582,68
DA:583,21
DA:584,21
DA:585,21
DA:586,21
DA:588,21
DA:593,70
DA:594,70
DA:595,6
DA:598,6
DA:599,70
DA:600,70
DA:604,70
DA:605,1
DA:607,1
DA:608,0
DA:609,0
DA:610,1
DA:611,1
DA:613,1
DA:614,1
DA:618,1
DA:619,0
DA:624,1
DA:625,1
DA:626,1
DA:628,1
DA:636,1
DA:638,0
DA:639,0
DA:646,0
DA:655,0
DA:656,0
DA:657,0
DA:662,0
DA:664,0
DA:673,15
DA:677,17
DA:678,17
DA:679,17
DA:680,17
DA:681,17
DA:683,17
DA:684,16
DA:685,16
DA:691,17
LF:221
LH:197
BRDA:134,0,0,35
BRDA:134,0,1,35
BRDA:134,0,2,35
BRDA:225,1,0,17
BRDA:228,2,0,17
BRDA:228,2,1,38
BRDA:229,3,0,17
BRDA:229,3,1,31
BRDA:230,4,0,17
BRDA:230,4,1,16
BRDA:231,5,0,17
BRDA:231,5,1,16
BRDA:250,6,0,0
BRDA:250,6,1,48
BRDA:250,7,0,48
BRDA:250,7,1,48
BRDA:252,8,0,0
BRDA:252,8,1,48
BRDA:256,9,0,48
BRDA:256,9,1,0
BRDA:289,10,0,77
BRDA:289,10,1,35
BRDA:293,11,0,0
BRDA:293,11,1,35
BRDA:293,12,0,35
BRDA:293,12,1,35
BRDA:298,13,0,0
BRDA:298,13,1,35
BRDA:301,14,0,3
BRDA:301,14,1,32
BRDA:304,15,0,32
BRDA:304,15,1,32
BRDA:306,16,0,32
BRDA:306,16,1,80
BRDA:306,17,0,112
BRDA:306,17,1,0
BRDA:336,18,0,75
BRDA:336,18,1,13
BRDA:338,19,0,0
BRDA:338,19,1,13
BRDA:340,20,0,88
BRDA:340,20,1,13
BRDA:342,21,0,13
BRDA:342,21,1,75
BRDA:342,22,0,88
BRDA:342,22,1,0
BRDA:356,23,0,0
BRDA:356,23,1,75
BRDA:356,24,0,75
BRDA:356,24,1,3
BRDA:364,25,0,68
BRDA:364,25,1,0
BRDA:365,26,0,0
BRDA:365,26,1,0
BRDA:367,27,0,0
BRDA:367,27,1,0
BRDA:369,28,0,0
BRDA:369,28,1,0
BRDA:379,29,0,0
BRDA:379,29,1,2
BRDA:380,30,0,2
BRDA:380,30,1,0
BRDA:381,31,0,0
BRDA:381,31,1,0
BRDA:382,32,0,0
BRDA:382,32,1,0
BRDA:393,33,0,45
BRDA:393,33,1,26
BRDA:424,34,0,54
BRDA:424,34,1,22
BRDA:424,35,0,76
BRDA:424,35,1,73
BRDA:451,36,0,0
BRDA:451,36,1,58
BRDA:456,37,0,7
BRDA:456,37,1,51
BRDA:466,38,0,43
BRDA:466,38,1,15
BRDA:466,39,0,58
BRDA:466,39,1,15
BRDA:482,40,0,0
BRDA:482,40,1,19
BRDA:490,41,0,0
BRDA:490,41,1,34
BRDA:494,42,0,0
BRDA:494,42,1,17
BRDA:500,43,0,16
BRDA:500,43,1,1
BRDA:518,44,0,1
BRDA:518,44,1,75
BRDA:523,45,0,6
BRDA:523,45,1,69
BRDA:523,46,0,75
BRDA:523,46,1,71
BRDA:527,47,0,6
BRDA:527,47,1,0
BRDA:528,48,0,6
BRDA:528,48,1,1
BRDA:528,48,2,1
BRDA:543,49,0,0
BRDA:543,49,1,22
BRDA:543,50,0,22
BRDA:543,50,1,2
BRDA:546,51,0,0
BRDA:546,51,1,22
BRDA:546,52,0,22
BRDA:546,52,1,22
BRDA:561,53,0,64
BRDA:561,53,1,6
BRDA:566,54,0,0
BRDA:566,54,1,6
BRDA:582,55,0,47
BRDA:582,55,1,21
BRDA:594,56,0,64
BRDA:594,56,1,6
BRDA:599,57,0,70
BRDA:599,57,1,0
BRDA:602,58,0,70
BRDA:602,58,1,6
BRDA:604,59,0,5
BRDA:604,59,1,65
BRDA:610,60,0,1
BRDA:610,60,1,0
BRDA:618,61,0,0
BRDA:618,61,1,1
BRDA:618,62,0,1
BRDA:618,62,1,0
BRDA:625,63,0,1
BRDA:625,63,1,0
BRDA:628,64,0,0
BRDA:628,64,1,1
BRDA:628,65,0,1
BRDA:628,65,1,0
BRDA:629,66,0,0
BRDA:629,66,1,0
BRDA:638,67,0,0
BRDA:638,67,1,0
BRDA:656,68,0,0
BRDA:656,68,1,0
BRDA:657,69,0,0
BRDA:657,69,1,0
BRDA:658,70,0,0
BRDA:658,70,1,0
BRDA:658,70,2,0
BRDA:658,70,3,0
BRDA:658,70,4,0
BRDA:658,70,5,0
BRDA:673,71,0,15
BRDA:673,71,1,0
BRDA:683,72,0,16
BRDA:683,72,1,1
BRF:151
BRH:99
end_of_record
TN:
SF:src/lib/collab/index.ts
FN:94,registerDocumentForCollab
FN:131,enableCollab
FN:146,(anonymous_2)
FN:147,(anonymous_3)
FN:152,(anonymous_4)
FN:157,(anonymous_5)
FN:179,(anonymous_6)
FN:218,(anonymous_7)
FN:272,(anonymous_8)
FN:286,restoreJoinerPriorView
FN:309,restoreJoinerEditorSnapshot
FN:339,(anonymous_11)
FN:345,(anonymous_12)
FN:354,disableCollab
FN:386,getUndoManager
FNF:15
FNH:4
FNDA:0,registerDocumentForCollab
FNDA:0,enableCollab
FNDA:0,(anonymous_2)
FNDA:0,(anonymous_3)
FNDA:0,(anonymous_4)
FNDA:0,(anonymous_5)
FNDA:0,(anonymous_6)
FNDA:0,(anonymous_7)
FNDA:0,(anonymous_8)
FNDA:1,restoreJoinerPriorView
FNDA:1,restoreJoinerEditorSnapshot
FNDA:0,(anonymous_11)
FNDA:1,(anonymous_12)
FNDA:1,disableCollab
FNDA:0,getUndoManager
DA:84,11
DA:87,11
DA:99,0
DA:100,0
DA:103,0
DA:112,0
DA:113,0
DA:114,0
DA:138,0
DA:141,0
DA:143,0
DA:146,0
DA:147,0
DA:148,0
DA:149,0
DA:152,0
DA:153,0
DA:154,0
DA:155,0
DA:157,0
DA:158,0
DA:159,0
DA:163,0
DA:169,0
DA:172,0
DA:175,0
DA:176,0
DA:179,0
DA:180,0
DA:181,0
DA:183,0
DA:184,0
DA:188,0
DA:189,0
DA:191,0
DA:192,0
DA:195,0
DA:196,0
DA:203,0
DA:204,0
DA:207,0
DA:208,0
DA:218,0
DA:224,0
DA:225,0
DA:226,0
DA:228,0
DA:230,0
DA:231,0
DA:234,0
DA:235,0
DA:237,0
DA:240,0
DA:257,0
DA:260,0
DA:269,0
DA:272,0
DA:274,0
DA:275,0
DA:279,0
DA:287,1
DA:290,1
DA:291,1
DA:293,1
DA:295,0
DA:296,0
DA:299,1
DA:301,1
DA:302,1
DA:305,0
DA:310,1
DA:313,1
DA:314,1
DA:320,0
DA:321,0
DA:324,1
DA:325,1
DA:326,1
DA:328,1
DA:339,0
DA:343,1
DA:344,1
DA:345,1
DA:356,1
DA:357,1
DA:359,1
DA:360,1
DA:361,1
DA:362,1
DA:363,1
DA:367,1
DA:374,1
DA:377,1
DA:378,1
DA:379,1
DA:387,0
LF:96
LH:31
BRDA:99,0,0,0
BRDA:99,0,1,0
BRDA:112,1,0,0
BRDA:112,1,1,0
BRDA:135,2,0,0
BRDA:153,3,0,0
BRDA:153,3,1,0
BRDA:172,4,0,0
BRDA:172,4,1,0
BRDA:175,5,0,0
BRDA:175,5,1,0
BRDA:175,6,0,0
BRDA:175,6,1,0
BRDA:180,7,0,0
BRDA:180,7,1,0
BRDA:183,8,0,0
BRDA:183,8,1,0
BRDA:189,9,0,0
BRDA:189,9,1,0
BRDA:204,10,0,0
BRDA:204,10,1,0
BRDA:205,11,0,0
BRDA:205,11,1,0
BRDA:207,12,0,0
BRDA:207,12,1,0
BRDA:207,13,0,0
BRDA:207,13,1,0
BRDA:209,14,0,0
BRDA:209,14,1,0
BRDA:225,15,0,0
BRDA:225,15,1,0
BRDA:257,16,0,0
BRDA:257,16,1,0
BRDA:263,17,0,0
BRDA:263,17,1,0
BRDA:274,18,0,0
BRDA:274,18,1,0
BRDA:293,19,0,0
BRDA:293,19,1,1
BRDA:299,20,0,1
BRDA:299,20,1,0
BRDA:310,21,0,0
BRDA:310,21,1,1
BRDA:324,22,0,1
BRDA:324,22,1,0
BRDA:325,23,0,1
BRDA:325,23,1,0
BRDA:329,24,0,1
BRDA:329,24,1,0
BRDA:343,25,0,1
BRDA:343,25,1,0
BRDA:357,26,0,1
BRDA:357,26,1,0
BRDA:377,27,0,1
BRDA:377,27,1,0
BRF:55
BRH:9
end_of_record
TN:
SF:src/lib/collab/relativePosition.ts
FN:27,absoluteToRelative
FN:45,relativeToAbsolute
FNF:2
FNH:2
FNDA:126,absoluteToRelative
FNDA:57,relativeToAbsolute
DA:28,126
DA:29,126
DA:30,126
DA:51,57
DA:52,57
DA:53,57
DA:54,57
DA:56,57
DA:57,1
DA:60,56
LF:10
LH:10
BRDA:56,0,0,1
BRDA:56,0,1,56
BRDA:56,1,0,57
BRDA:56,1,1,56
BRF:4
BRH:4
end_of_record
TN:
SF:src/lib/collab/share.ts
FN:42,requireSupabase
FN:49,mapShare
FN:63,buildReadonlyShareUrl
FN:67,buildSharePreviewText
FN:73,registerSyncDocument
FN:89,getReadonlyShare
FN:106,publishReadonlyShare
FN:140,disableReadonlyShare
FNF:8
FNH:2
FNDA:0,requireSupabase
FNDA:0,mapShare
FNDA:1,buildReadonlyShareUrl
FNDA:2,buildSharePreviewText
FNDA:0,registerSyncDocument
FNDA:0,getReadonlyShare
FNDA:0,publishReadonlyShare
FNDA:0,disableReadonlyShare
DA:6,1
DA:20,1
DA:43,0
DA:44,0
DA:46,0
DA:50,0
DA:64,1
DA:68,2
DA:69,2
DA:70,1
DA:74,0
DA:75,0
DA:84,0
DA:85,0
DA:90,0
DA:91,0
DA:99,0
DA:100,0
DA:103,0
DA:109,0
DA:110,0
DA:112,0
DA:133,0
DA:134,0
DA:137,0
DA:141,0
DA:142,0
DA:144,0
DA:145,0
DA:148,0
LF:30
LH:6
BRDA:43,0,0,0
BRDA:43,0,1,0
BRDA:56,1,0,0
BRDA:56,1,1,0
BRDA:67,2,0,2
BRDA:69,3,0,1
BRDA:69,3,1,1
BRDA:84,4,0,0
BRDA:84,4,1,0
BRDA:99,5,0,0
BRDA:99,5,1,0
BRDA:103,6,0,0
BRDA:103,6,1,0
BRDA:119,7,0,0
BRDA:119,7,1,0
BRDA:133,8,0,0
BRDA:133,8,1,0
BRDA:144,9,0,0
BRDA:144,9,1,0
BRF:19
BRH:3
end_of_record
TN:
SF:src/lib/collab/sharePayload.ts
FN:52,stableSerialize
FN:58,(anonymous_1)
FN:63,(anonymous_2)
FN:64,(anonymous_3)
FN:65,(anonymous_4)
FN:71,serializeAnnotations
FN:80,serializeRawAnnotationMap
FN:91,(anonymous_7)
FN:102,(anonymous_8)
FN:109,(anonymous_9)
FN:127,(anonymous_10)
FN:145,(anonymous_11)
FN:148,serializeAnnotationMap
FN:156,(anonymous_13)
FN:167,(anonymous_14)
FN:174,(anonymous_15)
FN:186,(anonymous_16)
FN:204,(anonymous_17)
FN:207,buildShareFingerprint
FNF:19
FNH:14
FNDA:83,stableSerialize
FNDA:11,(anonymous_1)
FNDA:68,(anonymous_2)
FNDA:84,(anonymous_3)
FNDA:66,(anonymous_4)
FNDA:2,serializeAnnotations
FNDA:2,serializeRawAnnotationMap
FNDA:1,(anonymous_7)
FNDA:0,(anonymous_8)
FNDA:0,(anonymous_9)
FNDA:1,(anonymous_10)
FNDA:0,(anonymous_11)
FNDA:2,serializeAnnotationMap
FNDA:3,(anonymous_13)
FNDA:0,(anonymous_14)
FNDA:0,(anonymous_15)
FNDA:1,(anonymous_16)
FNDA:1,(anonymous_17)
FNDA:6,buildShareFingerprint
DA:53,83
DA:54,0
DA:57,83
DA:58,15
DA:61,68
DA:62,17
DA:63,68
DA:64,84
DA:65,66
DA:68,51
DA:75,2
DA:77,2
DA:85,2
DA:87,1
DA:88,1
DA:90,1
DA:92,1
DA:93,1
DA:94,1
DA:95,1
DA:96,1
DA:102,0
DA:105,1
DA:106,0
DA:109,0
DA:116,1
DA:122,1
DA:123,1
DA:127,1
DA:140,0
DA:145,0
DA:153,2
DA:155,2
DA:157,3
DA:158,3
DA:159,3
DA:160,3
DA:161,3
DA:167,0
DA:170,3
DA:171,0
DA:174,0
DA:181,3
DA:182,1
DA:186,1
DA:199,2
DA:204,1
DA:212,6
LF:48
LH:39
BRDA:53,0,0,0
BRDA:53,0,1,83
BRDA:57,1,0,15
BRDA:57,1,1,68
BRDA:61,2,0,17
BRDA:61,2,1,51
BRDA:61,3,0,68
BRDA:61,3,1,63
BRDA:75,4,0,0
BRDA:75,4,1,2
BRDA:83,5,0,2
BRDA:85,6,0,1
BRDA:85,6,1,1
BRDA:88,7,0,0
BRDA:88,7,1,1
BRDA:93,8,0,1
BRDA:93,8,1,0
BRDA:93,9,0,1
BRDA:93,9,1,0
BRDA:94,10,0,1
BRDA:94,10,1,0
BRDA:94,11,0,1
BRDA:94,11,1,0
BRDA:105,12,0,0
BRDA:105,12,1,1
BRDA:116,13,0,1
BRDA:116,13,1,0
BRDA:145,14,0,0
BRDA:145,14,1,0
BRDA:151,15,0,2
BRDA:153,16,0,0
BRDA:153,16,1,2
BRDA:158,17,0,3
BRDA:158,17,1,0
BRDA:159,18,0,3
BRDA:159,18,1,0
BRDA:170,19,0,0
BRDA:170,19,1,3
BRDA:181,20,0,1
BRDA:181,20,1,2
BRDA:204,21,0,1
BRDA:204,21,1,1
BRDA:213,22,0,6
BRDA:213,22,1,0
BRF:44
BRH:28
end_of_record
TN:
SF:src/lib/collab/store.ts
FNF:0
FNH:0
DA:10,12
DA:16,12
DA:26,12
DA:27,12
DA:33,12
DA:39,12
DA:45,12
DA:53,12
DA:66,12
LF:9
LH:9
BRF:0
BRH:0
end_of_record
TN:
SF:src/lib/collab/yjsAnnotations.ts
FN:106,createAnnotationSyncPlugin
FN:133,(anonymous_1)
FN:138,(anonymous_2)
FN:121,(anonymous_3)
FN:247,(anonymous_4)
FN:252,(anonymous_5)
FN:260,(anonymous_6)
FN:269,(anonymous_7)
FN:282,(anonymous_8)
FN:285,(anonymous_9)
FN:312,(anonymous_10)
FN:321,(anonymous_11)
FN:325,(anonymous_12)
FN:348,(anonymous_13)
FN:350,(anonymous_14)
FN:354,(anonymous_15)
FN:359,(anonymous_16)
FN:361,(anonymous_17)
FN:382,(anonymous_18)
FN:391,(anonymous_19)
FN:396,(anonymous_20)
FN:448,(anonymous_21)
FN:463,(anonymous_22)
FN:467,(anonymous_23)
FN:490,(anonymous_24)
FN:509,(anonymous_25)
FN:589,(anonymous_26)
FN:613,(anonymous_27)
FN:625,equalUint8
FNF:29
FNH:27
FNDA:80,createAnnotationSyncPlugin
FNDA:80,(anonymous_1)
FNDA:98,(anonymous_2)
FNDA:79,(anonymous_3)
FNDA:80,(anonymous_4)
FNDA:80,(anonymous_5)
FNDA:80,(anonymous_6)
FNDA:80,(anonymous_7)
FNDA:0,(anonymous_8)
FNDA:0,(anonymous_9)
FNDA:159,(anonymous_10)
FNDA:10,(anonymous_11)
FNDA:12,(anonymous_12)
FNDA:325,(anonymous_13)
FNDA:325,(anonymous_14)
FNDA:279,(anonymous_15)
FNDA:279,(anonymous_16)
FNDA:59,(anonymous_17)
FNDA:61,(anonymous_18)
FNDA:25,(anonymous_19)
FNDA:61,(anonymous_20)
FNDA:60,(anonymous_21)
FNDA:7,(anonymous_22)
FNDA:1,(anonymous_23)
FNDA:60,(anonymous_24)
FNDA:29,(anonymous_25)
FNDA:44,(anonymous_26)
FNDA:80,(anonymous_27)
FNDA:120,equalUint8
DA:104,17
DA:112,80
DA:118,80
DA:119,80
DA:120,80
DA:121,79
DA:122,79
DA:123,79
DA:124,42
DA:125,42
DA:127,79
DA:129,80
DA:130,80
DA:131,80
DA:133,80
DA:134,80
DA:135,80
DA:136,80
DA:138,80
DA:139,98
DA:140,42
DA:141,42
DA:147,42
DA:151,42
DA:153,42
DA:155,50
DA:156,22
DA:157,24
DA:158,24
DA:160,24
DA:161,2
DA:162,2
DA:163,2
DA:164,2
DA:165,2
DA:166,2
DA:168,2
DA:172,22
DA:173,22
DA:174,22
DA:175,22
DA:177,22
DA:182,28
DA:187,7
DA:188,7
DA:189,7
DA:190,7
DA:191,7
DA:197,7
DA:204,21
DA:205,21
DA:206,21
DA:207,21
DA:212,42
DA:213,33
DA:214,33
DA:215,35
DA:216,35
DA:217,35
DA:218,35
DA:219,35
DA:226,35
DA:227,35
DA:228,35
DA:229,35
DA:233,42
DA:234,42
DA:244,80
DA:252,80
DA:253,80
DA:254,79
DA:255,79
DA:256,79
DA:261,80
DA:262,80
DA:263,0
DA:264,0
DA:265,0
DA:270,80
DA:271,80
DA:273,80
DA:274,80
DA:276,80
DA:277,80
DA:278,80
DA:282,0
DA:283,0
DA:285,0
DA:286,0
DA:287,0
DA:288,0
DA:289,0
DA:291,0
DA:292,0
DA:295,0
DA:297,0
DA:304,0
DA:305,0
DA:306,0
DA:313,159
DA:314,159
DA:315,159
DA:321,10
DA:322,10
DA:324,10
DA:325,10
DA:327,12
DA:329,3
DA:330,3
DA:333,3
DA:336,10
DA:337,3
DA:350,325
DA:353,279
DA:354,279
DA:359,279
DA:360,279
DA:362,59
DA:373,279
DA:375,61
DA:383,61
DA:384,61
DA:386,61
DA:387,61
DA:390,61
DA:391,61
DA:392,25
DA:393,25
DA:396,61
DA:398,61
DA:399,25
DA:400,3
DA:401,3
DA:402,3
DA:403,3
DA:409,61
DA:410,60
DA:411,38
DA:412,38
DA:414,38
DA:415,38
DA:422,38
DA:423,38
DA:424,38
DA:429,61
DA:430,60
DA:431,22
DA:432,22
DA:433,22
DA:435,22
DA:436,22
DA:438,22
DA:453,60
DA:456,60
DA:457,60
DA:458,60
DA:459,60
DA:461,60
DA:462,7
DA:463,7
DA:464,53
DA:465,1
DA:466,1
DA:467,1
DA:473,60
DA:476,29
DA:477,29
DA:478,29
DA:479,10
DA:483,29
DA:484,29
DA:485,29
DA:491,60
DA:493,60
DA:494,60
DA:495,60
DA:497,60
DA:498,11
DA:500,60
DA:501,0
DA:514,29
DA:515,29
DA:518,29
DA:519,44
DA:520,44
DA:521,5
DA:522,5
DA:523,5
DA:524,1
DA:526,5
DA:527,5
DA:528,0
DA:530,5
DA:531,5
DA:536,29
DA:537,40
DA:538,40
DA:539,1
DA:544,29
DA:545,44
DA:546,44
DA:547,44
DA:550,44
DA:551,44
DA:552,44
DA:556,44
DA:557,44
DA:558,44
DA:559,0
DA:560,0
DA:561,0
DA:562,0
DA:566,44
DA:567,44
DA:568,0
DA:569,0
DA:571,44
DA:572,44
DA:590,44
DA:591,44
DA:594,3
DA:595,3
DA:596,3
DA:598,3
DA:599,3
DA:603,5
DA:605,3
DA:606,3
DA:607,3
DA:609,3
DA:610,3
DA:614,80
DA:615,80
DA:616,79
DA:626,120
DA:627,112
DA:628,962
DA:630,109
LF:238
LH:213
BRDA:110,0,0,80
BRDA:139,1,0,56
BRDA:139,1,1,42
BRDA:139,2,0,98
BRDA:139,2,1,98
BRDA:141,3,0,0
BRDA:141,3,1,42
BRDA:155,4,0,22
BRDA:155,4,1,28
BRDA:155,5,0,50
BRDA:155,5,1,22
BRDA:158,6,0,0
BRDA:158,6,1,24
BRDA:160,7,0,2
BRDA:160,7,1,22
BRDA:162,8,0,2
BRDA:162,8,1,0
BRDA:165,9,0,2
BRDA:165,9,1,0
BRDA:173,10,0,0
BRDA:173,10,1,22
BRDA:182,11,0,7
BRDA:182,11,1,21
BRDA:183,12,0,28
BRDA:183,12,1,7
BRDA:183,12,2,7
BRDA:189,13,0,0
BRDA:189,13,1,7
BRDA:204,14,0,21
BRDA:204,14,1,0
BRDA:207,15,0,21
BRDA:207,15,1,0
BRDA:212,16,0,33
BRDA:212,16,1,9
BRDA:216,17,0,0
BRDA:216,17,1,35
BRDA:218,18,0,0
BRDA:218,18,1,35
BRDA:226,19,0,0
BRDA:226,19,1,35
BRDA:228,20,0,13
BRDA:228,20,1,22
BRDA:233,21,0,42
BRDA:233,21,1,0
BRDA:123,22,0,42
BRDA:123,22,1,37
BRDA:253,23,0,1
BRDA:253,23,1,79
BRDA:270,24,0,0
BRDA:270,24,1,80
BRDA:274,25,0,0
BRDA:274,25,1,80
BRDA:278,26,0,80
BRDA:278,26,1,0
BRDA:283,27,0,0
BRDA:283,27,1,0
BRDA:289,28,0,0
BRDA:289,28,1,0
BRDA:292,29,0,0
BRDA:292,29,1,0
BRDA:295,30,0,0
BRDA:295,30,1,0
BRDA:314,31,0,0
BRDA:314,31,1,159
BRDA:315,32,0,149
BRDA:315,32,1,10
BRDA:322,33,0,0
BRDA:322,33,1,10
BRDA:327,34,0,9
BRDA:327,34,1,3
BRDA:333,35,0,3
BRDA:333,35,1,0
BRDA:336,36,0,3
BRDA:336,36,1,7
BRDA:350,37,0,46
BRDA:350,37,1,279
BRDA:362,38,0,59
BRDA:362,38,1,23
BRDA:362,38,2,18
BRDA:362,38,3,10
BRDA:362,38,4,7
BRDA:362,38,5,3
BRDA:362,38,6,2
BRDA:362,38,7,2
BRDA:362,38,8,2
BRDA:373,39,0,218
BRDA:373,39,1,61
BRDA:373,40,0,279
BRDA:373,40,1,220
BRDA:384,41,0,0
BRDA:384,41,1,61
BRDA:393,42,0,25
BRDA:393,42,1,0
BRDA:399,43,0,3
BRDA:399,43,1,22
BRDA:401,44,0,3
BRDA:401,44,1,0
BRDA:410,45,0,38
BRDA:410,45,1,22
BRDA:412,46,0,0
BRDA:412,46,1,38
BRDA:430,47,0,22
BRDA:430,47,1,38
BRDA:433,48,0,0
BRDA:433,48,1,22
BRDA:433,49,0,22
BRDA:433,49,1,22
BRDA:436,50,0,0
BRDA:436,50,1,22
BRDA:457,51,0,60
BRDA:457,51,1,0
BRDA:461,52,0,7
BRDA:461,52,1,53
BRDA:464,53,0,1
BRDA:464,53,1,52
BRDA:466,54,0,1
BRDA:466,54,1,0
BRDA:473,55,0,29
BRDA:473,55,1,31
BRDA:478,56,0,10
BRDA:478,56,1,19
BRDA:484,57,0,29
BRDA:484,57,1,0
BRDA:491,58,0,0
BRDA:491,58,1,60
BRDA:497,59,0,11
BRDA:497,59,1,49
BRDA:497,60,0,60
BRDA:497,60,1,60
BRDA:500,61,0,0
BRDA:500,61,1,60
BRDA:500,62,0,60
BRDA:500,62,1,60
BRDA:520,63,0,5
BRDA:520,63,1,39
BRDA:523,64,0,1
BRDA:523,64,1,4
BRDA:527,65,0,0
BRDA:527,65,1,5
BRDA:538,66,0,1
BRDA:538,66,1,39
BRDA:547,67,0,0
BRDA:547,67,1,44
BRDA:551,68,0,44
BRDA:551,68,1,0
BRDA:558,69,0,0
BRDA:558,69,1,44
BRDA:559,70,0,0
BRDA:559,70,1,0
BRDA:561,71,0,0
BRDA:561,71,1,0
BRDA:567,72,0,0
BRDA:567,72,1,44
BRDA:571,73,0,44
BRDA:571,73,1,0
BRDA:591,74,0,41
BRDA:591,74,1,3
BRDA:596,75,0,3
BRDA:596,75,1,2
BRDA:600,76,0,3
BRDA:600,76,1,6
BRDA:609,77,0,1
BRDA:609,77,1,2
BRDA:610,78,0,3
BRDA:610,78,1,0
BRDA:615,79,0,79
BRDA:615,79,1,1
BRDA:626,80,0,8
BRDA:626,80,1,112
BRDA:628,81,0,3
BRDA:628,81,1,959
BRF:171
BRH:123
end_of_record
TN:
SF:src/lib/collab/yjsBinding.ts
FN:27,createYjsBinding
FN:33,(anonymous_1)
FN:35,(anonymous_2)
FN:77,(anonymous_3)
FN:80,(anonymous_4)
FN:103,(anonymous_5)
FN:108,(anonymous_6)
FN:117,(anonymous_7)
FN:119,(anonymous_8)
FN:136,(anonymous_9)
FNF:10
FNH:10
FNDA:163,createYjsBinding
FNDA:163,(anonymous_1)
FNDA:615,(anonymous_2)
FNDA:163,(anonymous_3)
FNDA:163,(anonymous_4)
FNDA:691,(anonymous_5)
FNDA:615,(anonymous_6)
FNDA:290,(anonymous_7)
FNDA:292,(anonymous_8)
FNDA:163,(anonymous_9)
DA:19,18
DA:28,163
DA:31,163
DA:33,163
DA:35,163
DA:40,615
DA:47,324
DA:48,324
DA:50,324
DA:51,561
DA:52,226
DA:53,335
DA:54,304
DA:55,304
DA:56,31
DA:57,31
DA:58,31
DA:62,324
DA:65,324
DA:76,163
DA:77,163
DA:81,163
DA:82,104
DA:83,104
DA:89,1
DA:106,691
DA:108,615
DA:110,290
DA:111,290
DA:117,290
DA:118,290
DA:119,290
DA:120,292
DA:121,292
DA:122,292
DA:123,27
DA:125,292
DA:126,292
DA:127,274
DA:129,292
DA:137,163
DA:138,163
LF:42
LH:42
BRDA:40,0,0,291
BRDA:40,0,1,324
BRDA:40,1,0,615
BRDA:40,1,1,615
BRDA:51,2,0,226
BRDA:51,2,1,335
BRDA:53,3,0,304
BRDA:53,3,1,31
BRDA:54,4,0,304
BRDA:54,4,1,0
BRDA:56,5,0,31
BRDA:56,5,1,0
BRDA:62,6,0,324
BRDA:62,6,1,0
BRDA:81,7,0,59
BRDA:81,7,1,104
BRDA:83,8,0,103
BRDA:83,8,1,1
BRDA:106,9,0,290
BRDA:106,9,1,401
BRDA:107,10,0,691
BRDA:107,10,1,615
BRDA:111,11,0,290
BRDA:111,11,1,0
BRDA:122,12,0,27
BRDA:122,12,1,265
BRDA:126,13,0,274
BRDA:126,13,1,18
BRF:28
BRH:24
end_of_record
TN:
SF:src/lib/collab/yjsProvider.ts
FN:70,createYjsProvider
FN:103,(anonymous_1)
FN:124,(anonymous_2)
FN:136,(anonymous_3)
FN:148,(anonymous_4)
FN:170,disconnectYjsProvider
FN:188,getYjsProvider
FN:195,getCurrentDocId
FN:202,getYDoc
FN:210,handleOwnerLeft
FN:212,(anonymous_10)
FNF:11
FNH:8
FNDA:15,createYjsProvider
FNDA:5,(anonymous_1)
FNDA:3,(anonymous_2)
FNDA:11,(anonymous_3)
FNDA:2,(anonymous_4)
FNDA:33,disconnectYjsProvider
FNDA:0,getYjsProvider
FNDA:0,getCurrentDocId
FNDA:0,getYDoc
FNDA:1,handleOwnerLeft
FNDA:1,(anonymous_10)
DA:34,12
DA:36,12
DA:37,0
DA:42,12
DA:43,12
DA:44,12
DA:48,12
DA:49,12
DA:72,15
DA:73,1
DA:76,15
DA:77,15
DA:78,0
DA:81,15
DA:82,0
DA:86,15
DA:89,15
DA:90,15
DA:91,15
DA:94,15
DA:103,15
DA:104,5
DA:105,5
DA:107,0
DA:108,0
DA:111,5
DA:113,5
DA:115,5
DA:116,5
DA:117,5
DA:118,5
DA:124,15
DA:125,3
DA:126,3
DA:127,3
DA:128,3
DA:129,3
DA:136,15
DA:137,11
DA:138,11
DA:140,11
DA:141,11
DA:143,11
DA:145,2
DA:148,2
DA:154,15
DA:155,15
DA:156,15
DA:158,15
DA:171,33
DA:172,15
DA:173,15
DA:175,33
DA:176,15
DA:177,15
DA:179,33
DA:180,33
DA:181,33
DA:182,33
DA:189,0
DA:196,0
DA:203,0
DA:211,1
DA:212,1
DA:213,1
LF:65
LH:57
BRDA:36,0,0,0
BRDA:36,0,1,12
BRDA:72,1,0,1
BRDA:72,1,1,14
BRDA:77,2,0,0
BRDA:77,2,1,15
BRDA:81,3,0,0
BRDA:81,3,1,15
BRDA:105,4,0,0
BRDA:105,4,1,5
BRDA:107,5,0,0
BRDA:107,5,1,0
BRDA:111,6,0,0
BRDA:111,6,1,5
BRDA:113,7,0,5
BRDA:113,7,1,0
BRDA:115,8,0,5
BRDA:115,8,1,0
BRDA:115,9,0,5
BRDA:115,9,1,5
BRDA:126,10,0,3
BRDA:126,10,1,0
BRDA:126,11,0,3
BRDA:126,11,1,3
BRDA:138,12,0,11
BRDA:138,12,1,0
BRDA:138,13,0,11
BRDA:138,13,1,11
BRDA:143,14,0,2
BRDA:143,14,1,9
BRDA:171,15,0,15
BRDA:171,15,1,18
BRDA:175,16,0,15
BRDA:175,16,1,18
BRF:34
BRH:23
end_of_record
TN:
SF:src/lib/collab/yjsUndo.ts
FN:35,createYjsUndoExtension
FN:55,(anonymous_1)
FN:56,(anonymous_2)
FN:59,(anonymous_3)
FN:66,(anonymous_4)
FN:79,(anonymous_5)
FN:93,(anonymous_6)
FN:100,(anonymous_7)
FN:108,(anonymous_8)
FN:134,addSubtreeToUndoScope
FN:152,breakUndoCapture
FNF:11
FNH:8
FNDA:31,createYjsUndoExtension
FNDA:8,(anonymous_1)
FNDA:6,(anonymous_2)
FNDA:2,(anonymous_3)
FNDA:2,(anonymous_4)
FNDA:8,(anonymous_5)
FNDA:0,(anonymous_6)
FNDA:0,(anonymous_7)
FNDA:0,(anonymous_8)
FNDA:6,addSubtreeToUndoScope
FNDA:3,breakUndoCapture
DA:43,31
DA:45,31
DA:50,31
DA:56,8
DA:57,6
DA:59,8
DA:60,2
DA:63,2
DA:64,2
DA:65,2
DA:67,2
DA:73,2
DA:75,8
DA:76,8
DA:80,8
DA:81,8
DA:86,31
DA:94,0
DA:95,0
DA:101,0
DA:102,0
DA:109,0
DA:110,0
DA:115,31
DA:141,6
DA:142,6
DA:153,3
LF:27
LH:21
BRDA:43,0,0,19
BRDA:43,0,1,12
BRDA:63,1,0,0
BRDA:63,1,1,2
BRDA:94,2,0,0
BRDA:94,2,1,0
BRDA:101,3,0,0
BRDA:101,3,1,0
BRDA:109,4,0,0
BRDA:109,4,1,0
BRDA:141,5,0,6
BRDA:141,5,1,6
BRF:12
BRH:5
end_of_record
TN:
SF:src/lib/collab/test-helpers/twoPeerHarness.ts
FN:41,makePeer
FN:46,(anonymous_1)
FN:64,makePeerWithAnnotationSync
FN:71,(anonymous_3)
FN:87,makeJoinerPeer
FN:97,(anonymous_5)
FN:123,makeOwnerPeer
FN:130,(anonymous_7)
FN:146,connect
FN:147,(anonymous_9)
FN:151,(anonymous_10)
FN:160,(anonymous_11)
FN:166,teardown
FN:188,flushAll
FN:211,equalUint8
FNF:15
FNH:15
FNDA:14,makePeer
FNDA:7,(anonymous_1)
FNDA:52,makePeerWithAnnotationSync
FNDA:27,(anonymous_3)
FNDA:7,makeJoinerPeer
FNDA:1,(anonymous_5)
FNDA:1,makeOwnerPeer
FNDA:1,(anonymous_7)
FNDA:36,connect
FNDA:144,(anonymous_9)
FNDA:177,(anonymous_10)
FNDA:36,(anonymous_11)
FNDA:76,teardown
FNDA:47,flushAll
FNDA:47,equalUint8
DA:42,14
DA:43,14
DA:44,14
DA:45,14
DA:46,7
DA:48,14
DA:56,14
DA:57,14
DA:65,52
DA:66,52
DA:67,52
DA:68,52
DA:70,52
DA:71,27
DA:74,52
DA:82,52
DA:84,52
DA:91,7
DA:92,7
DA:93,7
DA:94,7
DA:96,7
DA:97,1
DA:100,7
DA:101,7
DA:111,7
DA:112,7
DA:124,1
DA:125,1
DA:126,1
DA:127,1
DA:129,1
DA:130,1
DA:133,1
DA:142,1
DA:143,1
DA:147,36
DA:148,144
DA:149,101
DA:151,36
DA:152,177
DA:153,42
DA:155,36
DA:156,36
DA:158,36
DA:159,36
DA:160,36
DA:161,36
DA:162,36
DA:167,76
DA:168,76
DA:186,6
DA:189,47
DA:190,0
DA:192,47
DA:193,47
DA:194,47
DA:195,47
DA:196,47
DA:197,47
DA:198,47
DA:199,47
DA:200,0
DA:201,0
DA:204,47
DA:206,0
DA:212,47
DA:213,507
DA:214,47
LF:69
LH:65
BRDA:41,0,0,14
BRDA:45,1,0,7
BRDA:45,1,1,7
BRDA:64,2,0,52
BRDA:70,3,0,27
BRDA:70,3,1,25
BRDA:89,4,0,7
BRDA:96,5,0,1
BRDA:96,5,1,6
BRDA:123,6,0,1
BRDA:129,7,0,1
BRDA:129,7,1,0
BRDA:148,8,0,43
BRDA:148,8,1,101
BRDA:152,9,0,135
BRDA:152,9,1,42
BRDA:189,10,0,0
BRDA:189,10,1,47
BRDA:199,11,0,0
BRDA:199,11,1,47
BRDA:204,12,0,47
BRDA:204,12,1,0
BRDA:212,13,0,0
BRDA:212,13,1,47
BRDA:213,14,0,0
BRDA:213,14,1,507
BRF:26
BRH:20
end_of_record
TN:
SF:src/lib/db/index.ts
FN:29,resetDb
FN:35,listDocuments
FN:39,getDocumentMeta
FN:43,createDocument
FN:52,updateDocumentMeta
FN:75,searchDocuments
FN:84,getSearchStatus
FN:89,isSearchStatusPreparing
FN:99,pollSearchStatus
FN:105,(anonymous_9)
FN:120,(anonymous_10)
FN:127,getSemanticSearchEnabled
FN:135,setSemanticSearchEnabled
FN:140,uninstallSemanticModel
FN:144,deleteDocument
FN:148,trashDocument
FN:152,restoreDocument
FN:156,listTrashedDocuments
FN:161,getTrashRetention
FN:166,setTrashRetention
FN:174,purgeExpiredTrash
FN:180,listDrafts
FN:184,createDraft
FN:190,listTabs
FN:195,createTab
FN:199,renameTab
FN:204,deleteTab
FN:209,restoreTab
FN:214,reorderTabs
FN:219,listDocEvents
FN:223,getActiveTab
FN:227,setActiveTab
FN:233,listTabDrafts
FN:242,iterateDraft
FN:255,branchDraft
FN:263,renameDraft
FN:267,setDraftLocked
FN:277,deleteDraft
FN:286,orphanAndDeleteDraft
FN:294,cascadeDeleteDraft
FN:299,restoreDraft
FN:307,reparentDraft
FN:315,getActiveDraft
FN:324,resolveActiveDraftId
FN:328,(anonymous_44)
FN:332,(anonymous_45)
FN:336,(anonymous_46)
FN:339,setActiveDraft
FN:345,appendEvent
FN:352,createSnapshot
FN:360,loadDocumentState
FN:375,listDraftEvents
FN:381,listSnapshots
FN:386,loadSnapshotState
FN:390,labelSnapshot
FN:394,restoreToSnapshot
FN:399,getSnapshotRetention
FN:404,setSnapshotRetention
FN:409,getSnapshotStorageSize
FN:414,pruneSnapshotsKeepLastN
FN:419,pruneSnapshotsOlderThan
FN:426,createNamedSnapshot
FN:442,openInNewWindow
FN:446,registerOpenDoc
FN:450,deregisterOpenDoc
FN:454,isDocOpenElsewhere
FNF:66
FNH:9
FNDA:0,resetDb
FNDA:0,listDocuments
FNDA:0,getDocumentMeta
FNDA:0,createDocument
FNDA:0,updateDocumentMeta
FNDA:0,searchDocuments
FNDA:0,getSearchStatus
FNDA:0,isSearchStatusPreparing
FNDA:0,pollSearchStatus
FNDA:0,(anonymous_9)
FNDA:0,(anonymous_10)
FNDA:0,getSemanticSearchEnabled
FNDA:0,setSemanticSearchEnabled
FNDA:0,uninstallSemanticModel
FNDA:0,deleteDocument
FNDA:0,trashDocument
FNDA:0,restoreDocument
FNDA:0,listTrashedDocuments
FNDA:0,getTrashRetention
FNDA:0,setTrashRetention
FNDA:0,purgeExpiredTrash
FNDA:0,listDrafts
FNDA:0,createDraft
FNDA:0,listTabs
FNDA:0,createTab
FNDA:0,renameTab
FNDA:0,deleteTab
FNDA:0,restoreTab
FNDA:0,reorderTabs
FNDA:0,listDocEvents
FNDA:0,getActiveTab
FNDA:0,setActiveTab
FNDA:0,listTabDrafts
FNDA:0,iterateDraft
FNDA:0,branchDraft
FNDA:0,renameDraft
FNDA:0,setDraftLocked
FNDA:0,deleteDraft
FNDA:0,orphanAndDeleteDraft
FNDA:0,cascadeDeleteDraft
FNDA:0,restoreDraft
FNDA:0,reparentDraft
FNDA:0,getActiveDraft
FNDA:0,resolveActiveDraftId
FNDA:0,(anonymous_44)
FNDA:0,(anonymous_45)
FNDA:0,(anonymous_46)
FNDA:0,setActiveDraft
FNDA:9,appendEvent
FNDA:1,createSnapshot
FNDA:0,loadDocumentState
FNDA:0,listDraftEvents
FNDA:3,listSnapshots
FNDA:0,loadSnapshotState
FNDA:1,labelSnapshot
FNDA:1,restoreToSnapshot
FNDA:0,getSnapshotRetention
FNDA:0,setSnapshotRetention
FNDA:3,getSnapshotStorageSize
FNDA:3,pruneSnapshotsKeepLastN
FNDA:3,pruneSnapshotsOlderThan
FNDA:2,createNamedSnapshot
FNDA:0,openInNewWindow
FNDA:0,registerOpenDoc
FNDA:0,deregisterOpenDoc
FNDA:0,isDocOpenElsewhere
DA:30,0
DA:36,0
DA:40,0
DA:44,0
DA:60,0
DA:76,0
DA:85,0
DA:90,0
DA:103,0
DA:105,0
DA:107,0
DA:108,0
DA:110,0
DA:111,0
DA:113,0
DA:114,0
DA:115,0
DA:116,0
DA:119,0
DA:120,0
DA:121,0
DA:122,0
DA:128,0
DA:136,0
DA:141,0
DA:145,0
DA:149,0
DA:153,0
DA:157,0
DA:162,0
DA:167,0
DA:175,0
DA:181,0
DA:185,0
DA:191,0
DA:196,0
DA:200,0
DA:205,0
DA:210,0
DA:215,0
DA:220,0
DA:224,0
DA:228,0
DA:234,0
DA:247,0
DA:260,0
DA:264,0
DA:268,0
DA:278,0
DA:287,0
DA:295,0
DA:300,0
DA:312,0
DA:316,0
DA:325,0
DA:326,0
DA:327,0
DA:328,0
DA:329,0
DA:330,0
DA:331,0
DA:332,0
DA:335,0
DA:336,0
DA:340,0
DA:349,9
DA:357,1
DA:364,0
DA:376,0
DA:382,3
DA:387,0
DA:391,1
DA:395,1
DA:400,0
DA:405,0
DA:410,3
DA:415,3
DA:423,3
DA:432,2
DA:443,0
DA:447,0
DA:451,0
DA:455,0
LF:83
LH:9
BRDA:43,0,0,0
BRDA:90,1,0,0
BRDA:90,1,1,0
BRDA:90,1,2,0
BRDA:101,2,0,0
BRDA:110,3,0,0
BRDA:110,3,1,0
BRDA:113,4,0,0
BRDA:113,4,1,0
BRDA:115,5,0,0
BRDA:115,5,1,0
BRDA:326,6,0,0
BRDA:326,6,1,0
BRDA:328,7,0,0
BRDA:328,7,1,0
BRDA:330,8,0,0
BRDA:330,8,1,0
BRDA:332,9,0,0
BRDA:332,9,1,0
BRDA:336,10,0,0
BRDA:336,10,1,0
BRDA:336,11,0,0
BRDA:336,11,1,0
BRDA:366,12,0,0
BRDA:366,12,1,0
BRF:25
BRH:0
end_of_record
TN:
SF:src/lib/debug/store.svelte.ts
FNF:0
FNH:0
DA:12,34
DA:15,34
DA:25,34
LF:3
LH:3
BRF:0
BRH:0
end_of_record
TN:
SF:src/lib/editor/DocumentTabs.svelte
FN:25,DocumentTabs
FN:67,(anonymous_1)
FN:70,(anonymous_2)
FN:85,updateScrollState
FN:94,(anonymous_4)
FN:105,(anonymous_5)
FN:112,(anonymous_6)
FN:148,(anonymous_7)
FN:149,(anonymous_8)
FN:149,(anonymous_9)
FN:149,(anonymous_10)
FN:156,onTabPointerDown
FN:187,beginDrag
FN:190,(anonymous_13)
FN:209,slotLeft
FN:217,onWindowPointerMove
FN:224,(anonymous_16)
FN:235,updateDrag
FN:256,(anonymous_18)
FN:266,runEdgeAutoScroll
FN:268,(anonymous_20)
FN:292,endDrag
FN:301,(anonymous_22)
FN:316,onWindowPointerUp
FN:322,(anonymous_24)
FN:326,startRename
FN:329,(anonymous_26)
FN:332,commitRename
FN:338,cancelRename
FN:359,(anonymous_29)
FN:366,(anonymous_30)
FN:366,(anonymous_31)
FN:367,(anonymous_32)
FN:368,(anonymous_33)
FN:369,(anonymous_34)
FN:396,(anonymous_35)
FN:396,(anonymous_36)
FN:399,(anonymous_37)
FN:400,(anonymous_38)
FN:401,get
FN:413,(anonymous_40)
FN:418,pointerdown_2
FN:372,(anonymous_42)
FN:372,(anonymous_43)
FN:372,(anonymous_45)
FN:360,(anonymous_46)
FN:441,(anonymous_47)
FN:435,(anonymous_48)
FNF:48
FNH:47
FNDA:16,DocumentTabs
FNDA:16,(anonymous_1)
FNDA:16,(anonymous_2)
FNDA:16,updateScrollState
FNDA:16,(anonymous_4)
FNDA:16,(anonymous_5)
FNDA:16,(anonymous_6)
FNDA:22,(anonymous_7)
FNDA:9,(anonymous_8)
FNDA:18,(anonymous_9)
FNDA:9,(anonymous_10)
FNDA:4,onTabPointerDown
FNDA:3,beginDrag
FNDA:9,(anonymous_13)
FNDA:15,slotLeft
FNDA:4,onWindowPointerMove
FNDA:6,(anonymous_16)
FNDA:3,updateDrag
FNDA:3,(anonymous_18)
FNDA:3,runEdgeAutoScroll
FNDA:0,(anonymous_20)
FNDA:4,endDrag
FNDA:3,(anonymous_22)
FNDA:4,onWindowPointerUp
FNDA:32,(anonymous_24)
FNDA:5,startRename
FNDA:5,(anonymous_26)
FNDA:3,commitRename
FNDA:1,cancelRename
FNDA:70,(anonymous_29)
FNDA:144,(anonymous_30)
FNDA:35,(anonymous_31)
FNDA:35,(anonymous_32)
FNDA:53,(anonymous_33)
FNDA:53,(anonymous_34)
FNDA:39,(anonymous_35)
FNDA:35,(anonymous_36)
FNDA:14,(anonymous_37)
FNDA:10,(anonymous_38)
FNDA:19,get
FNDA:39,(anonymous_40)
FNDA:1,pointerdown_2
FNDA:35,(anonymous_42)
FNDA:35,(anonymous_43)
FNDA:105,(anonymous_45)
FNDA:32,(anonymous_46)
FNDA:16,(anonymous_47)
FNDA:1,(anonymous_48)
DA:51,16
DA:52,16
DA:53,16
DA:58,16
DA:59,16
DA:60,16
DA:61,16
DA:62,16
DA:67,16
DA:68,16
DA:69,16
DA:70,16
DA:71,16
DA:72,16
DA:73,16
DA:74,16
DA:75,16
DA:76,16
DA:77,0
DA:78,16
DA:79,0
DA:81,16
DA:86,16
DA:87,16
DA:88,16
DA:89,16
DA:90,16
DA:94,16
DA:95,16
DA:97,16
DA:98,16
DA:99,16
DA:100,16
DA:103,16
DA:104,16
DA:105,16
DA:106,16
DA:107,16
DA:111,16
DA:112,16
DA:124,16
DA:125,16
DA:126,16
DA:127,16
DA:130,16
DA:131,16
DA:132,16
DA:135,16
DA:138,16
DA:139,16
DA:140,16
DA:141,16
DA:142,16
DA:143,16
DA:144,16
DA:147,16
DA:148,22
DA:149,18
DA:154,16
DA:159,4
DA:160,4
DA:161,4
DA:162,4
DA:164,4
DA:165,4
DA:166,4
DA:167,4
DA:168,4
DA:169,4
DA:174,4
DA:175,4
DA:176,4
DA:183,16
DA:184,16
DA:185,16
DA:188,3
DA:189,3
DA:190,9
DA:191,3
DA:193,3
DA:194,3
DA:195,3
DA:196,3
DA:197,9
DA:198,9
DA:199,9
DA:200,9
DA:202,3
DA:203,3
DA:204,3
DA:210,15
DA:211,15
DA:212,14
DA:214,15
DA:218,4
DA:219,4
DA:221,4
DA:222,4
DA:223,3
DA:224,6
DA:225,3
DA:226,3
DA:229,3
DA:230,3
DA:236,3
DA:237,3
DA:238,3
DA:243,3
DA:244,3
DA:245,3
DA:246,3
DA:247,3
DA:250,3
DA:251,3
DA:252,9
DA:253,9
DA:255,3
DA:256,3
DA:257,3
DA:262,3
DA:263,3
DA:267,3
DA:268,3
DA:269,0
DA:270,0
DA:273,0
DA:274,0
DA:275,0
DA:280,0
DA:281,0
DA:282,0
DA:283,0
DA:284,0
DA:286,0
DA:289,3
DA:293,4
DA:294,4
DA:295,4
DA:296,4
DA:297,3
DA:298,3
DA:300,4
DA:301,3
DA:305,3
DA:306,3
DA:308,4
DA:309,4
DA:310,4
DA:311,4
DA:312,4
DA:313,4
DA:317,4
DA:318,4
DA:322,16
DA:323,16
DA:327,5
DA:328,5
DA:329,5
DA:333,3
DA:334,3
DA:335,3
DA:339,1
DA:349,22
DA:359,32
DA:360,32
DA:366,144
DA:367,35
DA:368,53
DA:369,53
DA:371,41
DA:372,70
DA:378,4
DA:380,3
DA:381,2
DA:383,5
DA:396,39
DA:397,44
DA:399,10
DA:400,10
DA:401,3
DA:402,0
DA:403,0
DA:404,1
DA:406,3
DA:407,3
DA:413,39
DA:416,35
DA:418,34
DA:422,0
DA:423,1
DA:435,16
DA:441,16
LF:192
LH:176
BRDA:69,0,0,0
BRDA:69,0,1,16
BRDA:72,1,0,0
BRDA:72,1,1,16
BRDA:72,2,0,16
BRDA:72,2,1,16
BRDA:76,3,0,0
BRDA:76,3,1,16
BRDA:78,4,0,0
BRDA:78,4,1,16
BRDA:81,5,0,0
BRDA:81,5,1,16
BRDA:86,6,0,0
BRDA:86,6,1,16
BRDA:95,7,0,0
BRDA:95,7,1,16
BRDA:103,8,0,0
BRDA:103,8,1,16
BRDA:112,9,0,0
BRDA:112,9,1,16
BRDA:113,10,0,0
BRDA:113,10,1,0
BRDA:113,11,0,0
BRDA:113,11,1,0
BRDA:113,12,0,0
BRDA:113,12,1,0
BRDA:113,13,0,0
BRDA:113,13,1,0
BRDA:148,14,0,3
BRDA:159,15,0,0
BRDA:159,15,1,4
BRDA:159,16,0,4
BRDA:159,16,1,4
BRDA:159,16,2,4
BRDA:161,17,0,0
BRDA:161,17,1,4
BRDA:161,18,0,4
BRDA:161,18,1,4
BRDA:162,19,0,0
BRDA:162,19,1,4
BRDA:169,20,0,4
BRDA:169,20,1,0
BRDA:188,21,0,0
BRDA:188,21,1,3
BRDA:188,22,0,3
BRDA:188,22,1,3
BRDA:199,23,0,9
BRDA:199,23,1,0
BRDA:200,24,0,9
BRDA:200,24,1,0
BRDA:202,25,0,3
BRDA:202,25,1,0
BRDA:203,26,0,3
BRDA:203,26,1,0
BRDA:212,27,0,14
BRDA:212,27,1,0
BRDA:218,28,0,0
BRDA:218,28,1,4
BRDA:218,29,0,4
BRDA:218,29,1,4
BRDA:218,29,2,0
BRDA:221,30,0,4
BRDA:221,30,1,0
BRDA:221,31,0,4
BRDA:221,31,1,4
BRDA:222,32,0,1
BRDA:222,32,1,3
BRDA:225,33,0,3
BRDA:225,33,1,0
BRDA:226,34,0,0
BRDA:226,34,1,3
BRDA:236,35,0,0
BRDA:236,35,1,3
BRDA:236,36,0,3
BRDA:236,36,1,3
BRDA:238,37,0,3
BRDA:238,37,1,0
BRDA:253,38,0,9
BRDA:253,38,1,0
BRDA:256,39,0,3
BRDA:256,39,1,0
BRDA:256,40,0,3
BRDA:256,40,1,3
BRDA:267,41,0,0
BRDA:267,41,1,3
BRDA:267,42,0,3
BRDA:267,42,1,3
BRDA:267,42,2,3
BRDA:269,43,0,0
BRDA:269,43,1,0
BRDA:269,44,0,0
BRDA:269,44,1,0
BRDA:275,45,0,0
BRDA:275,45,1,0
BRDA:275,46,0,0
BRDA:275,46,1,0
BRDA:275,47,0,0
BRDA:275,47,1,0
BRDA:277,48,0,0
BRDA:277,48,1,0
BRDA:281,49,0,0
BRDA:281,49,1,0
BRDA:296,50,0,3
BRDA:296,50,1,1
BRDA:300,51,0,3
BRDA:300,51,1,1
BRDA:306,52,0,3
BRDA:306,52,1,0
BRDA:317,53,0,0
BRDA:317,53,1,4
BRDA:323,54,0,0
BRDA:323,54,1,16
BRDA:333,55,0,3
BRDA:333,55,1,1
BRDA:396,56,0,18
BRDA:396,56,1,21
BRDA:396,57,0,39
BRDA:396,57,1,23
BRDA:406,58,0,2
BRDA:406,58,1,1
BRDA:407,59,0,1
BRDA:407,59,1,2
BRDA:397,60,0,5
BRDA:397,60,1,39
BRDA:416,61,0,34
BRDA:416,61,1,1
BRDA:371,62,0,18
BRDA:371,62,1,23
BRDA:371,63,0,3
BRDA:371,63,1,38
BRDA:388,64,0,3
BRDA:388,64,1,38
BRDA:389,65,0,18
BRDA:389,65,1,23
BRDA:391,66,0,2
BRDA:391,66,1,21
BRDA:380,67,0,1
BRDA:380,67,1,2
BRDA:381,68,0,1
BRDA:381,68,1,1
BRDA:374,69,0,0
BRDA:374,69,1,0
BRDA:349,70,0,3
BRDA:349,70,1,19
BRF:144
BRH:88
end_of_record
TN:
SF:src/lib/editor/DraftTreePanel.svelte
FN:19,DraftTreePanel
FN:44,(anonymous_1)
FN:55,hasSpine
FN:63,startRename
FN:66,(anonymous_4)
FN:69,commitRename
FN:81,(anonymous_6)
FN:85,(anonymous_7)
FN:85,(anonymous_8)
FN:85,(anonymous_9)
FN:86,(anonymous_10)
FN:87,(anonymous_11)
FN:99,(anonymous_12)
FN:99,(anonymous_13)
FN:100,(anonymous_14)
FN:118,(anonymous_15)
FN:116,(anonymous_16)
FN:129,(anonymous_17)
FN:128,(anonymous_18)
FN:135,(anonymous_19)
FN:152,(anonymous_20)
FN:153,(anonymous_21)
FN:154,get
FN:165,(anonymous_23)
FN:168,(anonymous_24)
FN:182,(anonymous_25)
FN:176,(anonymous_26)
FN:194,(anonymous_27)
FN:188,(anonymous_28)
FN:187,(anonymous_29)
FN:204,(anonymous_30)
FN:198,(anonymous_31)
FN:213,(anonymous_32)
FN:207,(anonymous_33)
FN:223,(anonymous_34)
FN:217,(anonymous_35)
FN:216,(anonymous_36)
FN:142,click
FNF:38
FNH:35
FNDA:18,DraftTreePanel
FNDA:18,(anonymous_1)
FNDA:0,hasSpine
FNDA:1,startRename
FNDA:1,(anonymous_4)
FNDA:1,commitRename
FNDA:18,(anonymous_6)
FNDA:36,(anonymous_7)
FNDA:74,(anonymous_8)
FNDA:37,(anonymous_9)
FNDA:37,(anonymous_10)
FNDA:41,(anonymous_11)
FNDA:74,(anonymous_12)
FNDA:1,(anonymous_13)
FNDA:1,(anonymous_14)
FNDA:0,(anonymous_15)
FNDA:0,(anonymous_16)
FNDA:18,(anonymous_17)
FNDA:37,(anonymous_18)
FNDA:18,(anonymous_19)
FNDA:3,(anonymous_20)
FNDA:2,(anonymous_21)
FNDA:5,get
FNDA:38,(anonymous_23)
FNDA:16,(anonymous_24)
FNDA:19,(anonymous_25)
FNDA:20,(anonymous_26)
FNDA:18,(anonymous_27)
FNDA:19,(anonymous_28)
FNDA:37,(anonymous_29)
FNDA:16,(anonymous_30)
FNDA:17,(anonymous_31)
FNDA:21,(anonymous_32)
FNDA:22,(anonymous_33)
FNDA:20,(anonymous_34)
FNDA:21,(anonymous_35)
FNDA:37,(anonymous_36)
FNDA:3,click
DA:44,18
DA:51,18
DA:52,18
DA:56,0
DA:59,18
DA:60,18
DA:61,18
DA:64,1
DA:65,1
DA:66,1
DA:70,1
DA:71,1
DA:72,1
DA:76,18
DA:80,18
DA:81,18
DA:85,74
DA:86,37
DA:87,41
DA:88,37
DA:98,37
DA:99,37
DA:100,1
DA:101,1
DA:106,1
DA:112,1
DA:116,0
DA:118,0
DA:128,37
DA:129,18
DA:134,37
DA:135,18
DA:142,37
DA:143,2
DA:144,1
DA:150,37
DA:151,39
DA:152,2
DA:153,2
DA:154,1
DA:155,0
DA:157,1
DA:158,1
DA:160,0
DA:165,38
DA:167,37
DA:168,16
DA:172,37
DA:175,37
DA:176,19
DA:177,1
DA:182,19
DA:187,37
DA:188,18
DA:189,1
DA:194,18
DA:197,37
DA:198,16
DA:199,1
DA:204,16
DA:207,21
DA:208,1
DA:213,21
DA:216,37
DA:217,20
DA:218,1
DA:223,20
LF:67
LH:62
BRDA:70,0,0,1
BRDA:70,0,1,0
BRDA:108,1,0,1
BRDA:108,1,1,0
BRDA:106,2,0,1
BRDA:106,2,1,0
BRDA:106,3,0,1
BRDA:106,3,1,0
BRDA:112,4,0,1
BRDA:112,4,1,0
BRDA:118,5,0,0
BRDA:118,5,1,0
BRDA:101,6,0,1
BRDA:101,6,1,0
BRDA:101,7,0,1
BRDA:101,7,1,1
BRDA:101,8,0,0
BRDA:101,8,1,0
BRDA:128,9,0,37
BRDA:128,9,1,18
BRDA:134,10,0,18
BRDA:134,10,1,19
BRDA:157,11,0,1
BRDA:157,11,1,0
BRDA:158,12,0,0
BRDA:158,12,1,1
BRDA:151,13,0,1
BRDA:151,13,1,38
BRDA:167,14,0,16
BRDA:167,14,1,21
BRDA:176,15,0,19
BRDA:176,15,1,0
BRDA:175,16,0,19
BRDA:175,16,1,18
BRDA:188,17,0,18
BRDA:188,17,1,0
BRDA:198,18,0,16
BRDA:198,18,1,0
BRDA:207,19,0,21
BRDA:207,19,1,0
BRDA:197,20,0,16
BRDA:197,20,1,21
BRDA:217,21,0,20
BRDA:217,21,1,0
BRDA:90,22,0,18
BRDA:90,22,1,19
BRDA:146,23,0,18
BRDA:146,23,1,19
BRDA:142,24,0,18
BRDA:142,24,1,19
BRDA:150,25,0,18
BRDA:150,25,1,19
BRDA:143,26,0,1
BRDA:143,26,1,1
BRF:54
BRH:37
end_of_record
TN:
SF:src/lib/editor/StatusBar.svelte
FN:20,StatusBar
FN:79,portal
FN:82,(anonymous_2)
FN:88,updateScrollState
FN:96,(anonymous_4)
FN:103,(anonymous_5)
FN:109,onMouseEnter
FN:116,(anonymous_7)
FN:122,onMouseLeave
FN:128,toggleFollow
FN:132,closeExport
FN:136,handleExportKeydown
FN:140,doExport
FN:152,(anonymous_13)
FN:157,(anonymous_14)
FN:172,(anonymous_15)
FN:171,(anonymous_16)
FN:173,(anonymous_17)
FN:214,(anonymous_18)
FN:218,(anonymous_19)
FN:218,(anonymous_20)
FN:219,(anonymous_21)
FN:226,(anonymous_22)
FN:220,click
FN:184,(anonymous_24)
FN:267,(anonymous_25)
FN:269,(anonymous_26)
FN:279,(anonymous_27)
FN:279,(anonymous_28)
FN:280,(anonymous_29)
FN:280,(anonymous_30)
FN:295,(anonymous_31)
FN:281,click_1
FN:324,(anonymous_33)
FN:332,(anonymous_34)
FN:341,(anonymous_35)
FN:350,(anonymous_36)
FN:359,(anonymous_37)
FN:367,(anonymous_38)
FN:311,(anonymous_39)
FN:312,(anonymous_40)
FN:380,click_6
FN:390,(anonymous_42)
FN:391,(anonymous_43)
FN:318,(anonymous_44)
FN:319,(anonymous_45)
FN:326,(anonymous_46)
FN:327,(anonymous_47)
FN:334,click_2
FN:343,click_3
FN:352,click_4
FN:361,(anonymous_51)
FN:362,(anonymous_52)
FN:373,click_5
FNF:54
FNH:27
FNDA:4,StatusBar
FNDA:5,portal
FNDA:5,(anonymous_2)
FNDA:4,updateScrollState
FNDA:4,(anonymous_4)
FNDA:4,(anonymous_5)
FNDA:0,onMouseEnter
FNDA:0,(anonymous_7)
FNDA:0,onMouseLeave
FNDA:0,toggleFollow
FNDA:2,closeExport
FNDA:1,handleExportKeydown
FNDA:1,doExport
FNDA:4,(anonymous_13)
FNDA:4,(anonymous_14)
FNDA:0,(anonymous_15)
FNDA:0,(anonymous_16)
FNDA:0,(anonymous_17)
FNDA:5,(anonymous_18)
FNDA:5,(anonymous_19)
FNDA:5,(anonymous_20)
FNDA:30,(anonymous_21)
FNDA:30,(anonymous_22)
FNDA:1,click
FNDA:5,(anonymous_24)
FNDA:0,(anonymous_25)
FNDA:0,(anonymous_26)
FNDA:0,(anonymous_27)
FNDA:0,(anonymous_28)
FNDA:0,(anonymous_29)
FNDA:0,(anonymous_30)
FNDA:0,(anonymous_31)
FNDA:0,click_1
FNDA:4,(anonymous_33)
FNDA:4,(anonymous_34)
FNDA:4,(anonymous_35)
FNDA:4,(anonymous_36)
FNDA:4,(anonymous_37)
FNDA:4,(anonymous_38)
FNDA:8,(anonymous_39)
FNDA:8,(anonymous_40)
FNDA:0,click_6
FNDA:0,(anonymous_42)
FNDA:0,(anonymous_43)
FNDA:0,(anonymous_44)
FNDA:0,(anonymous_45)
FNDA:0,(anonymous_46)
FNDA:0,(anonymous_47)
FNDA:0,click_2
FNDA:0,click_3
FNDA:5,click_4
FNDA:0,(anonymous_51)
FNDA:0,(anonymous_52)
FNDA:0,click_5
DA:38,4
DA:40,4
DA:41,4
DA:43,4
DA:44,4
DA:46,4
DA:50,4
DA:51,4
DA:52,4
DA:53,4
DA:54,4
DA:55,4
DA:57,4
DA:80,5
DA:83,5
DA:89,4
DA:90,4
DA:91,4
DA:92,4
DA:93,4
DA:96,4
DA:97,4
DA:98,4
DA:99,4
DA:100,4
DA:101,4
DA:102,4
DA:103,4
DA:104,4
DA:105,4
DA:110,0
DA:111,0
DA:112,0
DA:113,0
DA:114,0
DA:116,0
DA:117,0
DA:123,0
DA:124,0
DA:125,0
DA:129,0
DA:133,2
DA:137,1
DA:141,1
DA:142,1
DA:143,1
DA:144,1
DA:145,1
DA:147,1
DA:148,1
DA:152,4
DA:153,4
DA:155,4
DA:156,4
DA:157,4
DA:158,4
DA:162,0
DA:163,0
DA:168,4
DA:170,4
DA:171,0
DA:172,0
DA:174,0
DA:176,0
DA:181,12
DA:184,5
DA:191,5
DA:199,5
DA:203,5
DA:208,5
DA:214,5
DA:218,5
DA:219,5
DA:220,36
DA:222,1
DA:226,30
DA:227,30
DA:228,36
DA:229,36
DA:238,4
DA:246,4
DA:248,4
DA:249,4
DA:250,0
DA:263,0
DA:264,0
DA:266,0
DA:267,0
DA:268,0
DA:269,0
DA:272,0
DA:278,0
DA:279,0
DA:280,0
DA:281,0
DA:283,0
DA:295,0
DA:301,4
DA:304,4
DA:305,4
DA:311,12
DA:312,8
DA:318,12
DA:319,0
DA:324,4
DA:326,12
DA:327,0
DA:332,4
DA:334,12
DA:335,0
DA:341,4
DA:343,12
DA:344,0
DA:350,4
DA:352,12
DA:353,5
DA:359,4
DA:361,12
DA:362,0
DA:367,4
DA:372,4
DA:373,4
DA:374,0
DA:379,4
DA:380,4
DA:381,0
DA:389,4
DA:390,0
DA:391,0
DA:395,0
LF:130
LH:89
BRDA:40,0,0,4
BRDA:40,0,1,4
BRDA:41,1,0,0
BRDA:41,1,1,4
BRDA:89,2,0,0
BRDA:89,2,1,4
BRDA:97,3,0,0
BRDA:97,3,1,4
BRDA:113,4,0,0
BRDA:113,4,1,0
BRDA:129,5,0,0
BRDA:129,5,1,0
BRDA:137,6,0,1
BRDA:137,6,1,0
BRDA:137,7,0,1
BRDA:137,7,1,1
BRDA:142,8,0,0
BRDA:142,8,1,1
BRDA:142,9,0,1
BRDA:142,9,1,1
BRDA:153,10,0,4
BRDA:153,10,1,0
BRDA:172,11,0,0
BRDA:172,11,1,0
BRDA:170,12,0,0
BRDA:170,12,1,4
BRDA:220,13,0,36
BRDA:220,13,1,30
BRDA:181,14,0,5
BRDA:181,14,1,7
BRDA:267,15,0,0
BRDA:267,15,1,0
BRDA:269,16,0,0
BRDA:269,16,1,0
BRDA:264,17,0,0
BRDA:264,17,1,0
BRDA:264,18,0,0
BRDA:264,18,1,0
BRDA:266,19,0,0
BRDA:266,19,1,0
BRDA:268,20,0,0
BRDA:268,20,1,0
BRDA:281,21,0,0
BRDA:281,21,1,0
BRDA:281,22,0,0
BRDA:281,22,1,0
BRDA:281,23,0,0
BRDA:281,23,1,0
BRDA:278,24,0,0
BRDA:278,24,1,0
BRDA:252,25,0,0
BRDA:252,25,1,0
BRDA:254,26,0,0
BRDA:254,26,1,0
BRDA:256,27,0,0
BRDA:256,27,1,0
BRDA:258,28,0,0
BRDA:258,28,1,0
BRDA:302,29,0,4
BRDA:302,29,1,0
BRDA:302,30,0,0
BRDA:302,30,1,0
BRDA:305,31,0,4
BRDA:305,31,1,0
BRDA:305,32,0,0
BRDA:305,32,1,0
BRDA:249,33,0,0
BRDA:249,33,1,4
BRDA:379,34,0,4
BRDA:379,34,1,0
BRDA:390,35,0,0
BRDA:390,35,1,0
BRDA:390,35,2,0
BRDA:390,35,3,0
BRDA:391,36,0,0
BRDA:391,36,1,0
BRDA:393,37,0,0
BRDA:393,37,1,0
BRDA:389,38,0,0
BRDA:389,38,1,4
BRDA:311,39,0,0
BRDA:311,39,1,12
BRDA:315,40,0,0
BRDA:315,40,1,0
BRDA:315,41,0,0
BRDA:315,41,1,0
BRDA:315,42,0,0
BRDA:315,42,1,0
BRDA:315,43,0,0
BRDA:315,43,1,0
BRDA:339,44,0,0
BRDA:339,44,1,12
BRDA:348,45,0,0
BRDA:348,45,1,12
BRDA:357,46,0,5
BRDA:357,46,1,7
BRF:96
BRH:27
end_of_record
TN:
SF:src/lib/editor/dictionaryPlugin.ts
FN:15,openDictionary
FNF:1
FNH:0
FNDA:0,openDictionary
DA:16,0
DA:17,0
DA:19,0
DA:20,0
DA:21,0
DA:23,0
DA:25,0
DA:26,0
DA:27,0
DA:29,0
DA:30,0
DA:32,0
DA:33,0
DA:34,0
DA:37,11
LF:15
LH:1
BRDA:17,0,0,0
BRDA:17,0,1,0
BRDA:21,1,0,0
BRDA:21,1,1,0
BRDA:27,2,0,0
BRDA:27,2,1,0
BRDA:27,3,0,0
BRDA:27,3,1,0
BRDA:40,4,0,11
BRDA:40,4,1,0
BRF:10
BRH:1
end_of_record
TN:
SF:src/lib/editor/dictionaryUtils.ts
FN:32,getPhonetic
FN:34,(anonymous_1)
FN:37,collectSynonyms
FN:50,collectAntonyms
FN:67,extractDictionaryWord
FNF:5
FNH:5
FNDA:4,getPhonetic
FNDA:4,(anonymous_1)
FNDA:7,collectSynonyms
FNDA:6,collectAntonyms
FNDA:11,extractDictionaryWord
DA:33,4
DA:34,4
DA:38,7
DA:39,7
DA:40,8
DA:41,21
DA:42,8
DA:43,8
DA:47,7
DA:51,6
DA:52,6
DA:53,6
DA:54,14
DA:55,7
DA:56,7
DA:60,6
DA:71,11
DA:72,11
DA:74,6
DA:75,6
DA:76,6
DA:77,6
DA:79,6
LF:23
LH:23
BRDA:33,0,0,1
BRDA:33,0,1,3
BRDA:34,1,0,3
BRDA:34,1,1,2
BRDA:72,2,0,5
BRDA:72,2,1,6
BRDA:72,3,0,11
BRDA:72,3,1,9
BRDA:72,3,2,7
BRF:9
BRH:9
end_of_record
TN:
SF:src/lib/editor/draftTree.ts
FN:48,layoutDraftRows
FN:49,(anonymous_1)
FN:50,(anonymous_2)
FN:71,(anonymous_3)
FN:81,(anonymous_4)
FN:96,(anonymous_5)
FN:117,(anonymous_6)
FN:130,(anonymous_7)
FN:154,isRunHead
[...]
FNDA:0,(anonymous_182)
FNDA:0,(anonymous_183)
FNDA:0,(anonymous_184)
FNDA:0,(anonymous_185)
FNDA:0,(anonymous_186)
FNDA:0,(anonymous_187)
FNDA:0,click
FNDA:0,click_1
FNDA:0,click_5
FNDA:0,click_7
FNDA:0,click_9
FNDA:0,click_10
FNDA:0,click_12
FNDA:0,get
FNDA:0,click_17
FNDA:0,click_19
FNDA:0,click_25
FNDA:0,change
FNDA:0,keydown
FNDA:0,get
FNDA:0,click_53
FNDA:0,click_54
FNDA:0,click_55
DA:70,0
DA:71,0
DA:74,0
DA:75,0
DA:78,0
DA:81,0
DA:89,0
DA:91,0
DA:92,0
DA:96,0
DA:97,0
DA:108,0
DA:124,0
DA:134,0
DA:137,0
DA:141,0
DA:142,0
DA:143,0
DA:149,0
DA:150,0
DA:151,0
DA:154,0
DA:158,0
DA:159,0
DA:160,0
DA:161,0
DA:164,0
DA:170,0
DA:171,0
DA:172,0
DA:173,0
DA:174,0
DA:178,0
DA:182,0
DA:183,0
DA:187,0
DA:188,0
DA:192,0
DA:194,0
DA:195,0
DA:196,0
DA:197,0
DA:198,0
DA:199,0
DA:202,0
DA:203,0
DA:204,0
DA:207,0
DA:208,0
DA:212,0
DA:214,0
DA:216,0
DA:219,0
DA:220,0
DA:225,0
DA:226,0
DA:227,0
DA:228,0
DA:229,0
DA:232,0
DA:233,0
DA:237,0
DA:238,0
DA:239,0
DA:241,0
DA:242,0
DA:243,0
DA:244,0
DA:245,0
DA:246,0
DA:247,0
DA:253,0
DA:254,0
DA:255,0
DA:256,0
DA:257,0
DA:261,0
DA:263,0
DA:270,0
DA:271,0
DA:272,0
DA:273,0
DA:278,0
DA:279,0
DA:280,0
DA:281,0
DA:282,0
DA:283,0
DA:284,0
DA:285,0
DA:286,0
DA:288,0
DA:289,0
DA:291,0
DA:296,0
DA:297,0
DA:298,0
DA:299,0
DA:300,0
DA:301,0
DA:302,0
DA:303,0
DA:305,0
DA:306,0
DA:308,0
DA:313,0
DA:314,0
DA:317,0
DA:318,0
DA:319,0
DA:320,0
DA:321,0
DA:322,0
DA:323,0
DA:333,0
DA:335,0
DA:336,0
DA:343,0
DA:344,0
DA:345,0
DA:346,0
DA:347,0
DA:348,0
DA:351,0
DA:354,0
DA:355,0
DA:356,0
DA:357,0
DA:359,0
DA:363,0
DA:364,0
DA:365,0
DA:369,0
DA:370,0
DA:371,0
DA:372,0
DA:373,0
DA:376,0
DA:377,0
DA:381,0
DA:385,0
DA:390,0
DA:391,0
DA:392,0
DA:396,0
DA:401,0
DA:402,0
DA:403,0
DA:404,0
DA:405,0
DA:408,0
DA:409,0
DA:410,0
DA:418,0
DA:419,0
DA:425,0
DA:454,0
DA:455,0
DA:460,0
DA:461,0
DA:468,0
DA:469,0
DA:470,0
DA:471,0
DA:476,0
DA:480,0
DA:481,0
DA:482,0
DA:487,0
DA:491,0
DA:494,0
DA:495,0
DA:499,0
DA:501,0
DA:504,0
DA:505,0
DA:506,0
DA:508,0
DA:510,0
DA:512,0
DA:513,0
DA:516,0
DA:517,0
DA:522,0
DA:523,0
DA:524,0
DA:525,0
DA:526,0
DA:531,0
DA:532,0
DA:537,0
DA:539,0
DA:540,0
DA:543,0
DA:544,0
DA:545,0
DA:548,0
DA:549,0
DA:556,0
DA:562,0
DA:568,0
DA:574,0
DA:575,0
DA:576,0
DA:578,0
DA:579,0
DA:584,0
DA:589,0
DA:590,0
DA:591,0
DA:593,0
DA:597,0
DA:604,0
DA:605,0
DA:608,0
DA:626,0
DA:631,0
DA:632,0
DA:633,0
DA:635,0
DA:639,0
DA:646,0
DA:647,0
DA:650,0
DA:665,0
DA:666,0
DA:668,0
DA:670,0
DA:671,0
DA:672,0
DA:673,0
DA:674,0
DA:675,0
DA:676,0
DA:677,0
DA:678,0
DA:679,0
DA:680,0
DA:688,0
DA:689,0
DA:690,0
DA:696,0
DA:698,0
DA:707,0
DA:722,0
DA:723,0
DA:724,0
DA:726,0
DA:727,0
DA:731,0
DA:737,0
DA:738,0
DA:739,0
DA:741,0
DA:745,0
DA:746,0
DA:747,0
DA:750,0
DA:751,0
DA:753,0
DA:754,0
DA:756,0
DA:757,0
DA:758,0
DA:761,0
DA:762,0
DA:763,0
DA:766,0
DA:767,0
DA:768,0
DA:770,0
DA:771,0
DA:777,0
DA:778,0
DA:779,0
DA:782,0
DA:783,0
DA:784,0
DA:787,0
DA:788,0
DA:789,0
DA:791,0
DA:792,0
DA:803,0
DA:808,0
DA:809,0
DA:814,0
DA:818,0
DA:819,0
DA:820,0
DA:822,0
DA:830,0
DA:835,0
DA:836,0
DA:837,0
DA:838,0
DA:840,0
DA:848,0
DA:849,0
DA:850,0
DA:852,0
DA:853,0
DA:857,0
DA:862,0
DA:863,0
DA:864,0
DA:866,0
DA:870,0
DA:871,0
DA:872,0
DA:875,0
DA:876,0
DA:878,0
DA:879,0
DA:881,0
DA:882,0
DA:883,0
DA:886,0
DA:887,0
DA:888,0
DA:891,0
DA:892,0
DA:893,0
DA:895,0
DA:896,0
DA:902,0
DA:903,0
DA:904,0
DA:907,0
DA:908,0
DA:909,0
DA:912,0
DA:913,0
DA:914,0
DA:916,0
DA:917,0
DA:932,0
DA:937,0
DA:938,0
DA:939,0
DA:941,0
DA:945,0
DA:946,0
DA:947,0
DA:948,0
DA:953,0
DA:960,0
DA:965,0
DA:966,0
DA:967,0
DA:969,0
DA:973,0
DA:980,0
DA:981,0
DA:984,0
DA:994,0
DA:999,0
DA:1000,0
DA:1002,0
DA:1004,0
DA:1005,0
DA:1008,0
DA:1009,0
DA:1010,0
DA:1016,0
DA:1018,0
DA:1023,0
DA:1024,0
DA:1025,0
DA:1027,0
DA:1031,0
DA:1038,0
DA:1039,0
DA:1042,0
DA:1052,0
DA:1057,0
DA:1058,0
DA:1059,0
DA:1061,0
DA:1065,0
DA:1072,0
DA:1073,0
DA:1076,0
DA:1092,0
DA:1093,0
DA:1095,0
DA:1096,0
DA:1097,0
DA:1098,0
DA:1101,0
DA:1106,0
DA:1110,0
DA:1111,0
DA:1112,0
DA:1113,0
DA:1117,0
DA:1119,0
DA:1124,0
DA:1130,0
DA:1131,0
DA:1136,0
DA:1137,0
DA:1138,0
DA:1140,0
DA:1144,0
DA:1145,0
DA:1146,0
DA:1147,0
DA:1152,0
DA:1159,0
DA:1164,0
DA:1165,0
DA:1170,0
DA:1174,0
DA:1175,0
DA:1176,0
DA:1178,0
DA:1186,0
DA:1191,0
DA:1192,0
DA:1197,0
DA:1201,0
DA:1202,0
DA:1203,0
DA:1205,0
DA:1218,0
DA:1223,0
DA:1224,0
DA:1225,0
DA:1227,0
DA:1231,0
DA:1238,0
DA:1239,0
DA:1242,0
DA:1252,0
DA:1257,0
DA:1258,0
DA:1259,0
DA:1261,0
DA:1265,0
DA:1272,0
DA:1273,0
DA:1276,0
DA:1286,0
DA:1291,0
DA:1292,0
DA:1293,0
DA:1295,0
DA:1299,0
DA:1306,0
DA:1307,0
DA:1310,0
DA:1320,0
DA:1325,0
DA:1326,0
DA:1327,0
DA:1329,0
DA:1333,0
DA:1340,0
DA:1341,0
DA:1344,0
DA:1354,0
DA:1359,0
DA:1360,0
DA:1361,0
DA:1363,0
DA:1367,0
DA:1368,0
DA:1369,0
DA:1370,0
DA:1375,0
DA:1386,0
DA:1387,0
DA:1388,0
DA:1390,0
DA:1391,0
DA:1396,0
DA:1401,0
DA:1402,0
DA:1409,0
DA:1410,0
DA:1413,0
DA:1423,0
DA:1424,0
DA:1429,0
DA:1430,0
DA:1431,0
DA:1433,0
DA:1437,0
DA:1444,0
DA:1445,0
DA:1448,0
DA:1458,0
DA:1463,0
DA:1464,0
DA:1465,0
DA:1467,0
DA:1471,0
DA:1478,0
DA:1479,0
DA:1482,0
DA:1493,0
DA:1498,0
DA:1503,0
DA:1505,0
DA:1506,0
DA:1511,0
DA:1517,0
DA:1518,0
DA:1520,0
DA:1521,0
DA:1522,0
DA:1523,0
DA:1525,0
DA:1526,0
DA:1530,0
DA:1536,0
DA:1540,0
DA:1541,0
DA:1542,0
DA:1546,0
DA:1547,0
DA:1552,0
DA:1554,0
DA:1559,0
DA:1570,0
DA:1571,0
DA:1572,0
DA:1579,0
DA:1583,0
DA:1586,0
DA:1587,0
DA:1590,0
DA:1593,0
DA:1596,0
DA:1601,0
DA:1604,0
DA:1608,0
DA:1609,0
DA:1613,0
DA:1614,0
DA:1626,0
DA:1627,0
LF:543
LH:0
BRDA:71,0,0,0
BRDA:71,0,1,0
BRDA:78,1,0,0
BRDA:78,1,1,0
BRDA:104,2,0,0
BRDA:124,3,0,0
BRDA:124,3,1,0
BRDA:143,4,0,0
BRDA:143,4,1,0
BRDA:159,5,0,0
BRDA:159,5,1,0
BRDA:159,6,0,0
BRDA:159,6,1,0
BRDA:164,7,0,0
BRDA:164,7,1,0
BRDA:174,8,0,0
BRDA:174,8,1,0
BRDA:178,9,0,0
BRDA:178,9,1,0
BRDA:178,9,2,0
BRDA:182,10,0,0
BRDA:182,10,1,0
BRDA:182,11,0,0
BRDA:182,11,1,0
BRDA:184,12,0,0
BRDA:184,12,1,0
BRDA:192,13,0,0
BRDA:192,13,1,0
BRDA:198,14,0,0
BRDA:198,14,1,0
BRDA:226,15,0,0
BRDA:226,15,1,0
BRDA:228,16,0,0
BRDA:228,16,1,0
BRDA:242,17,0,0
BRDA:242,17,1,0
BRDA:244,18,0,0
BRDA:244,18,1,0
BRDA:246,19,0,0
BRDA:246,19,1,0
BRDA:271,20,0,0
BRDA:271,20,1,0
BRDA:273,21,0,0
BRDA:273,21,1,0
BRDA:278,22,0,0
BRDA:278,22,1,0
BRDA:284,23,0,0
BRDA:284,23,1,0
BRDA:285,24,0,0
BRDA:285,24,1,0
BRDA:289,25,0,0
BRDA:289,25,1,0
BRDA:296,26,0,0
BRDA:296,26,1,0
BRDA:306,27,0,0
BRDA:306,27,1,0
BRDA:319,28,0,0
BRDA:319,28,1,0
BRDA:320,29,0,0
BRDA:320,29,1,0
BRDA:343,30,0,0
BRDA:343,30,1,0
BRDA:345,31,0,0
BRDA:345,31,1,0
BRDA:347,32,0,0
BRDA:347,32,1,0
BRDA:355,33,0,0
BRDA:355,33,1,0
BRDA:355,34,0,0
BRDA:355,34,1,0
BRDA:364,35,0,0
BRDA:364,35,1,0
BRDA:364,36,0,0
BRDA:364,36,1,0
BRDA:364,36,2,0
BRDA:370,37,0,0
BRDA:370,37,1,0
BRDA:372,38,0,0
BRDA:372,38,1,0
BRDA:405,39,0,0
BRDA:405,39,1,0
BRDA:409,40,0,0
BRDA:409,40,1,0
BRDA:412,41,0,0
BRDA:412,41,1,0
BRDA:418,42,0,0
BRDA:418,42,1,0
BRDA:460,43,0,0
BRDA:460,43,1,0
BRDA:476,44,0,0
BRDA:476,44,1,0
BRDA:480,45,0,0
BRDA:480,45,1,0
BRDA:487,46,0,0
BRDA:487,46,1,0
BRDA:508,47,0,0
BRDA:508,47,1,0
BRDA:537,48,0,0
BRDA:537,48,1,0
BRDA:548,49,0,0
BRDA:548,49,1,0
BRDA:539,50,0,0
BRDA:539,50,1,0
BRDA:523,51,0,0
BRDA:523,51,1,0
BRDA:590,52,0,0
BRDA:590,52,1,0
BRDA:632,53,0,0
BRDA:632,53,1,0
BRDA:671,54,0,0
BRDA:671,54,1,0
BRDA:671,55,0,0
BRDA:671,55,1,0
BRDA:671,56,0,0
BRDA:671,56,1,0
BRDA:673,57,0,0
BRDA:673,57,1,0
BRDA:675,58,0,0
BRDA:675,58,1,0
BRDA:677,59,0,0
BRDA:677,59,1,0
BRDA:670,60,0,0
BRDA:670,60,1,0
BRDA:689,61,0,0
BRDA:689,61,1,0
BRDA:689,62,0,0
BRDA:689,62,1,0
BRDA:738,63,0,0
BRDA:738,63,1,0
BRDA:751,64,0,0
BRDA:751,64,1,0
BRDA:770,65,0,0
BRDA:770,65,1,0
BRDA:758,66,0,0
BRDA:758,66,1,0
BRDA:767,67,0,0
BRDA:767,67,1,0
BRDA:768,68,0,0
BRDA:768,68,1,0
BRDA:768,69,0,0
BRDA:768,69,1,0
BRDA:791,70,0,0
BRDA:791,70,1,0
BRDA:779,71,0,0
BRDA:779,71,1,0
BRDA:788,72,0,0
BRDA:788,72,1,0
BRDA:789,73,0,0
BRDA:789,73,1,0
BRDA:753,74,0,0
BRDA:753,74,1,0
BRDA:819,75,0,0
BRDA:819,75,1,0
BRDA:837,76,0,0
BRDA:837,76,1,0
BRDA:863,77,0,0
BRDA:863,77,1,0
BRDA:876,78,0,0
BRDA:876,78,1,0
BRDA:895,79,0,0
BRDA:895,79,1,0
BRDA:883,80,0,0
BRDA:883,80,1,0
BRDA:892,81,0,0
BRDA:892,81,1,0
BRDA:893,82,0,0
BRDA:893,82,1,0
BRDA:893,83,0,0
BRDA:893,83,1,0
BRDA:916,84,0,0
BRDA:916,84,1,0
BRDA:904,85,0,0
BRDA:904,85,1,0
BRDA:913,86,0,0
BRDA:913,86,1,0
BRDA:914,87,0,0
BRDA:914,87,1,0
BRDA:878,88,0,0
BRDA:878,88,1,0
BRDA:938,89,0,0
BRDA:938,89,1,0
BRDA:950,90,0,0
BRDA:950,90,1,0
BRDA:966,91,0,0
BRDA:966,91,1,0
BRDA:1024,92,0,0
BRDA:1024,92,1,0
BRDA:1058,93,0,0
BRDA:1058,93,1,0
BRDA:1036,94,0,0
BRDA:1036,94,1,0
BRDA:1045,95,0,0
BRDA:1045,95,1,0
BRDA:1070,96,0,0
BRDA:1070,96,1,0
BRDA:1079,97,0,0
BRDA:1079,97,1,0
BRDA:1016,98,0,0
BRDA:1016,98,1,0
BRDA:1096,99,0,0
BRDA:1096,99,1,0
BRDA:1097,100,0,0
BRDA:1097,100,1,0
BRDA:1092,101,0,0
BRDA:1092,101,1,0
BRDA:1137,102,0,0
BRDA:1137,102,1,0
BRDA:1149,103,0,0
BRDA:1149,103,1,0
BRDA:1175,104,0,0
BRDA:1175,104,1,0
BRDA:1202,105,0,0
BRDA:1202,105,1,0
BRDA:1224,106,0,0
BRDA:1224,106,1,0
BRDA:1258,107,0,0
BRDA:1258,107,1,0
BRDA:1292,108,0,0
BRDA:1292,108,1,0
BRDA:1326,109,0,0
BRDA:1326,109,1,0
BRDA:1360,110,0,0
BRDA:1360,110,1,0
BRDA:1372,111,0,0
BRDA:1372,111,1,0
BRDA:1430,112,0,0
BRDA:1430,112,1,0
BRDA:1464,113,0,0
BRDA:1464,113,1,0
BRDA:1442,114,0,0
BRDA:1442,114,1,0
BRDA:1451,115,0,0
BRDA:1451,115,1,0
BRDA:1476,116,0,0
BRDA:1476,116,1,0
BRDA:1485,117,0,0
BRDA:1485,117,1,0
BRDA:1423,118,0,0
BRDA:1423,118,1,0
BRDA:1508,119,0,0
BRDA:1508,119,1,0
BRDA:1517,120,0,0
BRDA:1517,120,1,0
BRDA:1554,121,0,0
BRDA:1554,121,1,0
BRDA:1493,122,0,0
BRDA:1493,122,1,0
BRDA:1159,123,0,0
BRDA:1159,123,1,0
BRDA:1174,124,0,0
BRDA:1174,124,1,0
BRDA:1186,125,0,0
BRDA:1186,125,1,0
BRDA:1201,126,0,0
BRDA:1201,126,1,0
BRDA:1236,127,0,0
BRDA:1236,127,1,0
BRDA:1245,128,0,0
BRDA:1245,128,1,0
BRDA:1270,129,0,0
BRDA:1270,129,1,0
BRDA:1279,130,0,0
BRDA:1279,130,1,0
BRDA:1286,131,0,0
BRDA:1286,131,1,0
BRDA:1304,132,0,0
BRDA:1304,132,1,0
BRDA:1313,133,0,0
BRDA:1313,133,1,0
BRDA:1338,134,0,0
BRDA:1338,134,1,0
BRDA:1347,135,0,0
BRDA:1347,135,1,0
BRDA:1354,136,0,0
BRDA:1354,136,1,0
BRDA:1407,137,0,0
BRDA:1407,137,1,0
BRDA:1416,138,0,0
BRDA:1416,138,1,0
BRDA:1130,139,0,0
BRDA:1130,139,1,0
BRDA:1616,140,0,0
BRDA:1616,140,1,0
BRDA:1616,141,0,0
BRDA:1616,141,1,0
BRDA:1626,142,0,0
BRDA:1626,142,1,0
BRDA:501,143,0,0
BRDA:501,143,1,0
BRDA:512,144,0,0
BRDA:512,144,1,0
BRDA:516,145,0,0
BRDA:516,145,1,0
BRDA:602,146,0,0
BRDA:602,146,1,0
BRDA:611,147,0,0
BRDA:611,147,1,0
BRDA:644,148,0,0
BRDA:644,148,1,0
BRDA:653,149,0,0
BRDA:653,149,1,0
BRDA:704,150,0,0
BRDA:704,150,1,0
BRDA:710,151,0,0
BRDA:710,151,1,0
BRDA:746,152,0,0
BRDA:746,152,1,0
BRDA:750,153,0,0
BRDA:750,153,1,0
BRDA:818,154,0,0
BRDA:818,154,1,0
BRDA:871,155,0,0
BRDA:871,155,1,0
BRDA:875,156,0,0
BRDA:875,156,1,0
BRDA:978,157,0,0
BRDA:978,157,1,0
BRDA:987,158,0,0
BRDA:987,158,1,0
BRDA:994,159,0,0
BRDA:994,159,1,0
BRDA:1002,160,0,0
BRDA:1002,160,1,0
BRDA:1000,161,0,0
BRDA:1000,161,1,0
BRDA:1604,162,0,0
BRDA:1604,162,1,0
BRDA:1119,163,0,0
BRDA:1119,163,1,0
BRDA:747,164,0,0
BRDA:747,164,1,0
BRDA:872,165,0,0
BRDA:872,165,1,0
BRDA:1113,166,0,0
BRDA:1113,166,1,0
BRDA:1579,167,0,0
BRDA:1579,167,1,0
BRF:337
BRH:0
end_of_record
TN:
SF:src/lib/settings/fonts.ts
FN:202,(anonymous_0)
FN:205,(anonymous_1)
FN:208,(anonymous_2)
FN:211,(anonymous_3)
FNF:4
FNH:4
FNDA:13,(anonymous_0)
FNDA:13,(anonymous_1)
FNDA:13,(anonymous_2)
FNDA:13,(anonymous_3)
DA:40,1
DA:202,13
DA:205,13
DA:208,13
DA:211,13
LF:5
LH:5
BRF:0
BRH:0
end_of_record
TN:
SF:src/lib/stats/compute.ts
FN:13,countSyllables
FN:29,getWords
FN:30,(anonymous_2)
FN:33,countSentences
FN:39,(anonymous_4)
FN:40,(anonymous_5)
FN:45,countParagraphs
FN:50,(anonymous_7)
FN:51,(anonymous_8)
FN:56,roundToHalf
FN:60,roundToOneDecimal
FN:64,computeStats
FN:75,(anonymous_12)
FN:78,(anonymous_13)
FN:83,(anonymous_14)
FNF:15
FNH:15
FNDA:13,countSyllables
FNDA:3,getWords
FNDA:14,(anonymous_2)
FNDA:3,countSentences
FNDA:5,(anonymous_4)
FNDA:5,(anonymous_5)
FNDA:3,countParagraphs
FNDA:3,(anonymous_7)
FNDA:3,(anonymous_8)
FNDA:3,roundToHalf
FNDA:4,roundToOneDecimal
FNDA:3,computeStats
FNDA:13,(anonymous_12)
FNDA:13,(anonymous_13)
FNDA:13,(anonymous_14)
DA:14,13
DA:15,13
DA:18,13
DA:19,13
DA:22,13
DA:23,4
DA:26,13
DA:30,14
DA:34,3
DA:37,2
DA:39,5
DA:40,5
DA:42,2
DA:46,3
DA:48,2
DA:50,3
DA:51,3
DA:53,2
DA:57,3
DA:61,4
DA:65,3
DA:66,3
DA:67,3
DA:68,3
DA:69,3
DA:71,3
DA:73,3
DA:75,13
DA:76,3
DA:78,13
DA:80,3
DA:83,13
DA:85,3
DA:91,3
LF:34
LH:34
BRDA:15,0,0,0
BRDA:15,0,1,13
BRDA:19,1,0,13
BRDA:19,1,1,0
BRDA:22,2,0,4
BRDA:22,2,1,9
BRDA:22,3,0,13
BRDA:22,3,1,4
BRDA:34,4,0,1
BRDA:34,4,1,2
BRDA:46,5,0,1
BRDA:46,5,1,2
BRDA:73,6,0,2
BRDA:73,6,1,1
BRDA:76,7,0,2
BRDA:76,7,1,1
BRDA:80,8,0,2
BRDA:80,8,1,1
BRDA:85,9,0,2
BRDA:85,9,1,1
BRDA:85,10,0,3
BRDA:85,10,1,2
BRF:22
BRH:20
end_of_record
TN:
SF:src/lib/tutorial/steps.ts
FNF:0
FNH:0
DA:28,1
LF:1
LH:1
BRF:0
BRH:0
end_of_record
TN:
SF:src/lib/ui/Kbd.svelte
FN:15,Kbd
FN:25,(anonymous_1)
FN:47,isCommandKey
FN:51,(anonymous_3)
FN:51,(anonymous_4)
FN:52,(anonymous_5)
FN:55,(anonymous_6)
FN:54,(anonymous_7)
FN:57,(anonymous_8)
FN:53,(anonymous_9)
FNF:10
FNH:0
FNDA:0,Kbd
FNDA:0,(anonymous_1)
FNDA:0,isCommandKey
FNDA:0,(anonymous_3)
FNDA:0,(anonymous_4)
FNDA:0,(anonymous_5)
FNDA:0,(anonymous_6)
FNDA:0,(anonymous_7)
FNDA:0,(anonymous_8)
FNDA:0,(anonymous_9)
DA:23,0
DA:25,0
DA:27,0
DA:29,0
DA:37,0
DA:48,0
DA:51,0
DA:53,0
DA:54,0
DA:55,0
DA:57,0
LF:11
LH:0
BRDA:25,0,0,0
BRDA:25,0,1,0
BRDA:48,1,0,0
BRDA:48,1,1,0
BRF:4
BRH:0
end_of_record
TN:
SF:src/lib/ui/PrivacyNudgeToast.svelte
FN:1,PrivacyNudgeToast
FN:14,copyCode
FN:17,(anonymous_2)
FN:48,(anonymous_3)
FN:50,(anonymous_4)
FN:65,(anonymous_5)
FN:29,(anonymous_6)
FN:59,(anonymous_7)
FNF:8
FNH:0
FNDA:0,PrivacyNudgeToast
FNDA:0,copyCode
FNDA:0,(anonymous_2)
FNDA:0,(anonymous_3)
FNDA:0,(anonymous_4)
FNDA:0,(anonymous_5)
FNDA:0,(anonymous_6)
FNDA:0,(anonymous_7)
DA:12,0
DA:15,0
DA:16,0
DA:17,0
DA:22,0
DA:27,0
DA:28,0
DA:29,0
DA:37,0
DA:39,0
DA:42,0
DA:47,0
DA:48,0
DA:50,0
DA:59,0
DA:65,0
LF:16
LH:0
BRDA:47,0,0,0
BRDA:47,0,1,0
BRF:2
BRH:0
end_of_record
TN:
SF:src/lib/updater/errors.ts
FN:1,errorText
FN:14,isGithubRateLimitUpdateError
FNF:2
FNH:2
FNDA:9,errorText
FNDA:5,isGithubRateLimitUpdateError
DA:2,9
DA:3,3
DA:4,1
DA:5,1
DA:6,1
DA:8,0
DA:11,0
DA:15,5
DA:16,5
DA:17,5
DA:18,5
DA:19,5
DA:21,5
LF:13
LH:11
BRDA:2,0,0,6
BRDA:2,0,1,3
BRDA:3,1,0,2
BRDA:3,1,1,1
BRDA:3,2,0,2
BRDA:3,2,1,0
BRDA:4,3,0,1
BRDA:4,3,1,0
BRDA:4,4,0,1
BRDA:4,4,1,1
BRDA:16,5,0,5
BRDA:16,5,1,3
BRDA:18,6,0,5
BRDA:18,6,1,4
BRDA:19,7,0,5
BRDA:19,7,1,4
BRDA:21,8,0,5
BRDA:21,8,1,4
BRDA:21,8,2,3
BRDA:21,8,3,2
BRF:20
BRH:18
end_of_record
TN:
SF:src/lib/updater/schedule.ts
FN:6,storedNotBefore
FN:17,canCheckForUpdatesNow
FN:28,deferUpdateChecksUntil
FN:38,parseEpochMs
FN:44,nextUpdateCheckAfterRateLimit
FN:64,deferUpdateChecksAfterRateLimit
FNF:6
FNH:6
FNDA:7,storedNotBefore
FNDA:3,canCheckForUpdatesNow
FNDA:4,deferUpdateChecksUntil
FNDA:1,parseEpochMs
FNDA:4,nextUpdateCheckAfterRateLimit
FNDA:1,deferUpdateChecksAfterRateLimit
DA:3,1
DA:4,1
DA:7,7
DA:8,7
DA:9,7
DA:10,3
DA:11,3
DA:13,0
DA:18,3
DA:19,3
DA:20,2
DA:22,1
DA:23,1
DA:25,1
DA:29,4
DA:31,4
DA:32,4
DA:33,4
DA:34,4
DA:39,1
DA:40,1
DA:41,1
DA:45,4
DA:46,4
DA:47,4
DA:48,4
DA:50,3
DA:51,3
DA:52,1
DA:55,2
DA:56,2
DA:57,0
DA:58,0
DA:61,2
DA:65,1
LF:35
LH:32
BRDA:9,0,0,4
BRDA:9,0,1,3
BRDA:11,1,0,3
BRDA:11,1,1,0
BRDA:11,2,0,3
BRDA:11,2,1,3
BRDA:17,3,0,3
BRDA:19,4,0,1
BRDA:19,4,1,2
BRDA:20,5,0,1
BRDA:20,5,1,1
BRDA:28,6,0,4
BRDA:29,7,0,0
BRDA:29,7,1,4
BRDA:29,8,0,4
BRDA:29,8,1,4
BRDA:32,9,0,3
BRDA:32,9,1,1
BRDA:40,10,0,0
BRDA:40,10,1,1
BRDA:40,11,0,1
BRDA:40,11,1,1
BRDA:41,12,0,1
BRDA:41,12,1,0
BRDA:44,13,0,4
BRDA:47,14,0,1
BRDA:47,14,1,3
BRDA:48,15,0,1
BRDA:48,15,1,3
BRDA:48,16,0,4
BRDA:48,16,1,1
BRDA:51,17,0,1
BRDA:51,17,1,2
BRDA:56,18,0,0
BRDA:56,18,1,2
BRDA:58,19,0,0
BRDA:58,19,1,0
BRDA:58,20,0,0
BRDA:58,20,1,0
BRDA:64,21,0,1
BRF:40
BRH:31
end_of_record
TN:
SF:tests/helpers/EditorHarness.ts
FN:48,(anonymous_0)
FN:59,(anonymous_1)
FN:64,(anonymous_2)
FN:72,(anonymous_3)
FN:77,(anonymous_4)
FN:82,(anonymous_5)
FN:89,(anonymous_6)
FN:94,(anonymous_7)
FN:96,(anonymous_8)
FN:97,(anonymous_9)
FN:101,(anonymous_10)
FN:110,(anonymous_11)
FN:119,(anonymous_12)
FN:128,(anonymous_13)
FN:137,(anonymous_14)
FN:146,(anonymous_15)
FN:157,(anonymous_16)
FN:163,(anonymous_17)
FN:167,(anonymous_18)
FN:171,(anonymous_19)
FN:178,(anonymous_20)
FN:184,(anonymous_21)
FN:190,(anonymous_22)
FN:196,(anonymous_23)
FN:209,(anonymous_24)
FN:219,(anonymous_25)
FN:235,(anonymous_26)
FN:248,(anonymous_27)
FN:266,(anonymous_28)
FN:280,(anonymous_29)
FN:295,(anonymous_30)
FN:300,(anonymous_31)
FN:307,(anonymous_32)
FN:316,(anonymous_33)
FN:328,(anonymous_34)
FN:339,(anonymous_35)
FN:345,(anonymous_36)
FN:352,(anonymous_37)
FN:364,(anonymous_38)
FN:369,(anonymous_39)
FN:375,(anonymous_40)
FN:381,(anonymous_41)
FN:389,(anonymous_42)
FN:397,(anonymous_43)
FN:411,(anonymous_44)
FN:431,(anonymous_45)
FN:448,(anonymous_46)
FNF:47
FNH:42
FNDA:2622,(anonymous_0)
FNDA:5,(anonymous_1)
FNDA:2634,(anonymous_2)
FNDA:32335,(anonymous_3)
FNDA:60782,(anonymous_4)
FNDA:25227,(anonymous_5)
FNDA:3,(anonymous_6)
FNDA:8783,(anonymous_7)
FNDA:10343,(anonymous_8)
FNDA:6422,(anonymous_9)
FNDA:8101,(anonymous_10)
FNDA:8109,(anonymous_11)
FNDA:0,(anonymous_12)
FNDA:3,(anonymous_13)
FNDA:0,(anonymous_14)
FNDA:208,(anonymous_15)
FNDA:22,(anonymous_16)
FNDA:1,(anonymous_17)
FNDA:26027,(anonymous_18)
FNDA:24027,(anonymous_19)
FNDA:2956,(anonymous_20)
FNDA:1338,(anonymous_21)
FNDA:624,(anonymous_22)
FNDA:0,(anonymous_23)
FNDA:3157,(anonymous_24)
FNDA:3165,(anonymous_25)
FNDA:777,(anonymous_26)
FNDA:1195,(anonymous_27)
FNDA:452,(anonymous_28)
FNDA:4240,(anonymous_29)
FNDA:3554,(anonymous_30)
FNDA:406,(anonymous_31)
FNDA:306,(anonymous_32)
FNDA:6,(anonymous_33)
FNDA:105,(anonymous_34)
FNDA:0,(anonymous_35)
FNDA:626,(anonymous_36)
FNDA:103,(anonymous_37)
FNDA:6244,(anonymous_38)
FNDA:3482,(anonymous_39)
FNDA:1,(anonymous_40)
FNDA:0,(anonymous_41)
FNDA:1,(anonymous_42)
FNDA:1,(anonymous_43)
FNDA:31,(anonymous_44)
FNDA:31,(anonymous_45)
FNDA:31,(anonymous_46)
DA:49,2622
DA:53,2622
DA:54,2622
DA:55,2622
DA:60,2622
DA:65,2634
DA:66,2634
DA:73,32335
DA:78,60782
DA:83,25227
DA:84,25227
DA:85,25227
DA:90,3
DA:95,8783
DA:96,10343
DA:97,6422
DA:102,8101
DA:103,8101
DA:104,0
DA:106,8101
DA:111,8109
DA:112,8109
DA:113,0
DA:115,8109
DA:120,0
DA:121,0
DA:122,0
DA:124,0
DA:129,3
DA:130,3
DA:131,0
DA:133,3
DA:138,0
DA:139,0
DA:140,0
DA:142,0
DA:147,208
DA:148,208
DA:149,0
DA:151,208
DA:152,208
DA:153,208
DA:158,22
DA:159,22
DA:164,1
DA:168,26027
DA:172,24027
DA:179,2956
DA:180,2956
DA:185,1338
DA:186,1338
DA:191,624
DA:192,624
DA:197,0
DA:200,0
DA:217,3157
DA:219,3165
DA:220,3157
DA:221,3157
DA:226,3157
DA:229,3157
DA:236,777
DA:241,777
DA:242,777
DA:253,1195
DA:261,1195
DA:262,1195
DA:267,452
DA:268,452
DA:271,452
DA:281,4240
DA:282,4240
DA:283,0
DA:285,4240
DA:286,4240
DA:291,4240
DA:296,3554
DA:301,406
DA:308,306
DA:309,306
DA:310,306
DA:317,6
DA:318,6
DA:319,6
DA:322,6
DA:329,105
DA:334,105
DA:335,105
DA:340,0
DA:341,0
DA:346,626
DA:347,626
DA:348,626
DA:353,103
DA:358,103
DA:359,103
DA:365,6244
DA:366,6244
DA:370,3482
DA:371,3482
DA:376,3
DA:377,1
DA:382,0
DA:383,0
DA:390,1
DA:393,1
DA:398,1
DA:401,1
DA:412,31
DA:413,37
DA:414,34
DA:417,34
DA:418,34
DA:419,0
DA:425,31
DA:432,31
DA:433,31
DA:434,37
DA:435,37
DA:436,37
DA:437,0
DA:442,31
DA:449,31
DA:450,31
DA:451,31
LF:125
LH:104
BRDA:59,0,0,2622
BRDA:84,1,0,0
BRDA:84,1,1,25227
BRDA:103,2,0,0
BRDA:103,2,1,8101
BRDA:112,3,0,0
BRDA:112,3,1,8109
BRDA:121,4,0,0
BRDA:121,4,1,0
BRDA:130,5,0,0
BRDA:130,5,1,3
BRDA:139,6,0,0
BRDA:139,6,1,0
BRDA:148,7,0,0
BRDA:148,7,1,208
BRDA:152,8,0,0
BRDA:152,8,1,208
BRDA:213,9,0,3157
BRDA:218,10,0,3157
BRDA:218,10,1,3147
BRDA:220,11,0,3157
BRDA:220,11,1,0
BRDA:251,12,0,1195
BRDA:282,13,0,0
BRDA:282,13,1,4240
BRDA:307,14,0,306
BRDA:316,15,0,6
BRDA:413,16,0,3
BRDA:413,16,1,34
BRDA:418,17,0,0
BRDA:418,17,1,34
BRDA:436,18,0,0
BRDA:436,18,1,37
BRDA:436,19,0,37
BRDA:436,19,1,37
BRDA:436,19,2,37
BRF:36
BRH:22
end_of_record
